#
# There is insufficient memory for the Java Runtime Environment to continue.
# Native memory allocation (malloc) failed to allocate 32744 bytes. Error detail: Chunk::new
# Possible reasons:
#   The system is out of physical RAM or swap space
#   This process is running with CompressedOops enabled, and the Java Heap may be blocking the growth of the native heap
# Possible solutions:
#   Reduce memory load on the system
#   Increase physical memory or swap space
#   Check if swap backing store is full
#   Decrease Java heap size (-Xmx/-Xms)
#   Decrease number of Java threads
#   Decrease Java thread stack sizes (-Xss)
#   Set larger code cache with -XX:ReservedCodeCacheSize=
#   JVM is running with Unscaled Compressed Oops mode in which the Java heap is
#     placed in the first 4GB address space. The Java Heap base address is the
#     maximum limit for the native heap growth. Please use -XX:HeapBaseMinAddress
#     to set the Java Heap base and to place the Java Heap above 4GB virtual address.
# This output file may be truncated or incomplete.
#
#  Out of Memory Error (arena.cpp:168), pid=5432, tid=9392
#
# JRE version: OpenJDK Runtime Environment Temurin-21.0.8+9 (21.0.8+9) (build 21.0.8+9-LTS)
# Java VM: OpenJDK 64-Bit Server VM Temurin-21.0.8+9 (21.0.8+9-LTS, mixed mode, sharing, tiered, compressed oops, compressed class ptrs, g1 gc, windows-amd64)
# No core dump will be written. Minidumps are not enabled by default on client versions of Windows
#

---------------  S U M M A R Y ------------

Command Line: -ea -Dfile.encoding=UTF-8 -Dstdout.encoding=UTF-8 -Dstderr.encoding=UTF-8 -XX:+ShowCodeDetailsInExceptionMessages --add-opens=jdk.compiler/com.sun.tools.javac.processing=ALL-UNNAMED --add-opens=jdk.compiler/com.sun.tools.javac.api=ALL-UNNAMED org.testng.remote.RemoteTestNG -serport 52326 -protocol json -d C:\Users\PC\git\repository\newproject\test-output C:\Users\PC\git\repository\newproject\seleniumgridparallel.xml

Host: Intel(R) Core(TM) i7-8550U CPU @ 1.80GHz, 8 cores, 7G,  Windows 10 , 64 bit Build 19041 (10.0.19041.5915)
Time: Fri Oct  3 07:53:01 2025 India Standard Time elapsed time: 9.523203 seconds (0d 0h 0m 9s)

---------------  T H R E A D  ---------------

Current thread (0x0000014c5569b610):  JavaThread "C1 CompilerThread0" daemon [_thread_in_native, id=9392, stack(0x0000002332100000,0x0000002332200000) (1024K)]


Current CompileTask:
C1:9523 2387       3       java.util.HashMap::<init> (98 bytes)

Stack: [0x0000002332100000,0x0000002332200000]
Native frames: (J=compiled Java code, j=interpreted, Vv=VM code, C=native code)
V  [jvm.dll+0x6d2449]
V  [jvm.dll+0x8ae341]
V  [jvm.dll+0x8b08be]
V  [jvm.dll+0x8b0fa3]
V  [jvm.dll+0x280c96]
V  [jvm.dll+0xc581d]
V  [jvm.dll+0xc5d53]
V  [jvm.dll+0x166dbf]
V  [jvm.dll+0x166826]
V  [jvm.dll+0x15e408]
V  [jvm.dll+0x160689]
V  [jvm.dll+0x15eca5]
V  [jvm.dll+0x158bd7]
V  [jvm.dll+0x168426]
V  [jvm.dll+0x154030]
V  [jvm.dll+0x1543b3]
V  [jvm.dll+0x154684]
V  [jvm.dll+0x153ab6]
V  [jvm.dll+0x15588d]
V  [jvm.dll+0x257d4d]
V  [jvm.dll+0x2562ea]
V  [jvm.dll+0x3f2d16]
V  [jvm.dll+0x857e6b]
V  [jvm.dll+0x6d0b0d]
C  [ucrtbase.dll+0x21bb2]
C  [KERNEL32.DLL+0x17374]
C  [ntdll.dll+0x4cc91]


---------------  P R O C E S S  ---------------

Threads class SMR info:
_java_thread_list=0x0000014c9b970410, length=30, elements={
0x0000014c3b44d200, 0x0000014c556744b0, 0x0000014c556766b0, 0x0000014c55678b30,
0x0000014c55679580, 0x0000014c5567af10, 0x0000014c5567b960, 0x0000014c5567fbe0,
0x0000014c5569b610, 0x0000014c557cfbc0, 0x0000014c557d0840, 0x0000014c9b2507a0,
0x0000014c9b604000, 0x0000014c9b6664b0, 0x0000014c9b666b10, 0x0000014c9ba81c40,
0x0000014c9ba843a0, 0x0000014c9ba82960, 0x0000014c9ba83680, 0x0000014c9ba815b0,
0x0000014c9ba83d10, 0x0000014c9ba822d0, 0x0000014c9ba82ff0, 0x0000014c9ba84a30,
0x0000014c9c505bf0, 0x0000014c9c5041b0, 0x0000014c9c5006a0, 0x0000014c9c506910,
0x0000014c9c4ff980, 0x0000014c9c128e50
}

Java Threads: ( => current thread )
  0x0000014c3b44d200 JavaThread "main"                              [_thread_in_Java, id=11784, stack(0x0000002331200000,0x0000002331300000) (1024K)]
  0x0000014c556744b0 JavaThread "Reference Handler"          daemon [_thread_blocked, id=2196, stack(0x0000002331a00000,0x0000002331b00000) (1024K)]
  0x0000014c556766b0 JavaThread "Finalizer"                  daemon [_thread_blocked, id=14852, stack(0x0000002331b00000,0x0000002331c00000) (1024K)]
  0x0000014c55678b30 JavaThread "Signal Dispatcher"          daemon [_thread_blocked, id=12012, stack(0x0000002331c00000,0x0000002331d00000) (1024K)]
  0x0000014c55679580 JavaThread "Attach Listener"            daemon [_thread_blocked, id=8808, stack(0x0000002331d00000,0x0000002331e00000) (1024K)]
  0x0000014c5567af10 JavaThread "Service Thread"             daemon [_thread_blocked, id=3064, stack(0x0000002331e00000,0x0000002331f00000) (1024K)]
  0x0000014c5567b960 JavaThread "Monitor Deflation Thread"   daemon [_thread_blocked, id=13524, stack(0x0000002331f00000,0x0000002332000000) (1024K)]
  0x0000014c5567fbe0 JavaThread "C2 CompilerThread0"         daemon [_thread_in_native, id=2840, stack(0x0000002332000000,0x0000002332100000) (1024K)]
=>0x0000014c5569b610 JavaThread "C1 CompilerThread0"         daemon [_thread_in_native, id=9392, stack(0x0000002332100000,0x0000002332200000) (1024K)]
  0x0000014c557cfbc0 JavaThread "Common-Cleaner"             daemon [_thread_blocked, id=3156, stack(0x0000002332200000,0x0000002332300000) (1024K)]
  0x0000014c557d0840 JavaThread "Notification Thread"        daemon [_thread_blocked, id=14944, stack(0x0000002332300000,0x0000002332400000) (1024K)]
  0x0000014c9b2507a0 JavaThread "ReaderThread"                      [_thread_in_native, id=1392, stack(0x0000002332600000,0x0000002332700000) (1024K)]
  0x0000014c9b604000 JavaThread "ForkJoinPool.commonPool-worker-1" daemon [_thread_blocked, id=1688, stack(0x0000002332700000,0x0000002332800000) (1024K)]
  0x0000014c9b6664b0 JavaThread "ForkJoinPool.commonPool-worker-2" daemon [_thread_blocked, id=9160, stack(0x0000002332800000,0x0000002332900000) (1024K)]
  0x0000014c9b666b10 JavaThread "ForkJoinPool.commonPool-worker-3" daemon [_thread_blocked, id=14660, stack(0x0000002332900000,0x0000002332a00000) (1024K)]
  0x0000014c9ba81c40 JavaThread "HttpClient-2-SelectorManager" daemon [_thread_in_native, id=3288, stack(0x0000002333300000,0x0000002333400000) (1024K)]
  0x0000014c9ba843a0 JavaThread "HttpClient-1-SelectorManager" daemon [_thread_in_native, id=7252, stack(0x0000002333400000,0x0000002333500000) (1024K)]
  0x0000014c9ba82960 JavaThread "JdkHttpClient-0-0"          daemon [_thread_blocked, id=1824, stack(0x0000002333600000,0x0000002333700000) (1024K)]
  0x0000014c9ba83680 JavaThread "JdkHttpClient-1-0"          daemon [_thread_blocked, id=12772, stack(0x0000002333700000,0x0000002333800000) (1024K)]
  0x0000014c9ba815b0 JavaThread "CompletableFutureDelayScheduler" daemon [_thread_blocked, id=13840, stack(0x0000002333800000,0x0000002333900000) (1024K)]
  0x0000014c9ba83d10 JavaThread "JdkHttpClient-1-1"          daemon [_thread_blocked, id=8544, stack(0x0000002333900000,0x0000002333a00000) (1024K)]
  0x0000014c9ba822d0 JavaThread "JdkHttpClient-0-1"          daemon [_thread_blocked, id=12776, stack(0x0000002333a00000,0x0000002333b00000) (1024K)]
  0x0000014c9ba82ff0 JavaThread "JdkHttpClient-0-2"          daemon [_thread_blocked, id=12004, stack(0x0000002333b00000,0x0000002333c00000) (1024K)]
  0x0000014c9ba84a30 JavaThread "JdkHttpClient-1-2"          daemon [_thread_blocked, id=11520, stack(0x0000002333c00000,0x0000002333d00000) (1024K)]
  0x0000014c9c505bf0 JavaThread "JdkHttpClient-0-3"          daemon [_thread_blocked, id=14396, stack(0x0000002333d00000,0x0000002333e00000) (1024K)]
  0x0000014c9c5041b0 JavaThread "JdkHttpClient-1-3"          daemon [_thread_blocked, id=14488, stack(0x0000002333e00000,0x0000002333f00000) (1024K)]
  0x0000014c9c5006a0 JavaThread "HttpClient-3-SelectorManager" daemon [_thread_in_native, id=12096, stack(0x0000002332400000,0x0000002332500000) (1024K)]
  0x0000014c9c506910 JavaThread "JdkHttpClient-2-0"          daemon [_thread_blocked, id=6788, stack(0x0000002333200000,0x0000002333300000) (1024K)]
  0x0000014c9c4ff980 JavaThread "JdkHttpClient-2-1"          daemon [_thread_blocked, id=12408, stack(0x0000002333f00000,0x0000002334000000) (1024K)]
  0x0000014c9c128e50 JavaThread "C2 CompilerThread1"         daemon [_thread_blocked, id=11880, stack(0x0000002333000000,0x0000002333100000) (1024K)]
Total: 30

Other Threads:
  0x0000014c556561e0 VMThread "VM Thread"                           [id=8872, stack(0x0000002331900000,0x0000002331a00000) (1024K)]
  0x0000014c55640950 WatcherThread "VM Periodic Task Thread"        [id=8516, stack(0x0000002331800000,0x0000002331900000) (1024K)]
  0x0000014c3d821660 WorkerThread "GC Thread#0"                     [id=12648, stack(0x0000002331300000,0x0000002331400000) (1024K)]
  0x0000014c9b60c9d0 WorkerThread "GC Thread#1"                     [id=1256, stack(0x0000002332a00000,0x0000002332b00000) (1024K)]
  0x0000014c9b60cd70 WorkerThread "GC Thread#2"                     [id=11760, stack(0x0000002332b00000,0x0000002332c00000) (1024K)]
  0x0000014c9b60d110 WorkerThread "GC Thread#3"                     [id=10820, stack(0x0000002332c00000,0x0000002332d00000) (1024K)]
  0x0000014c9b831cb0 WorkerThread "GC Thread#4"                     [id=8676, stack(0x0000002332d00000,0x0000002332e00000) (1024K)]
  0x0000014c9b83a2b0 WorkerThread "GC Thread#5"                     [id=5320, stack(0x0000002332e00000,0x0000002332f00000) (1024K)]
  0x0000014c9b83a650 WorkerThread "GC Thread#6"                     [id=4248, stack(0x0000002332f00000,0x0000002333000000) (1024K)]
  0x0000014c9d18e570 WorkerThread "GC Thread#7"                     [id=1888, stack(0x0000002333500000,0x0000002333600000) (1024K)]
  0x0000014c3d832250 ConcurrentGCThread "G1 Main Marker"            [id=3832, stack(0x0000002331400000,0x0000002331500000) (1024K)]
  0x0000014c3d832c60 WorkerThread "G1 Conc#0"                       [id=5904, stack(0x0000002331500000,0x0000002331600000) (1024K)]
  0x0000014c554fd160 ConcurrentGCThread "G1 Refine#0"               [id=11180, stack(0x0000002331600000,0x0000002331700000) (1024K)]
  0x0000014c554ffaf0 ConcurrentGCThread "G1 Service"                [id=8024, stack(0x0000002331700000,0x0000002331800000) (1024K)]
Total: 14

Threads with active compile tasks:
C2 CompilerThread0  9550 2354   !   4       java.util.concurrent.ConcurrentHashMap::putVal (432 bytes)
C1 CompilerThread0  9550 2387       3       java.util.HashMap::<init> (98 bytes)
Total: 2

VM state: not at safepoint (normal execution)

VM Mutex/Monitor currently owned by a thread: None

Heap address: 0x0000000081800000, size: 2024 MB, Compressed Oops mode: 32-bit

CDS archive(s) mapped at: [0x0000014c56000000-0x0000014c56c80000-0x0000014c56c80000), size 13107200, SharedBaseAddress: 0x0000014c56000000, ArchiveRelocationMode: 1.
Compressed class space mapped at: 0x0000014c57000000-0x0000014c97000000, reserved size: 1073741824
Narrow klass base: 0x0000014c56000000, Narrow klass shift: 0, Narrow klass range: 0x100000000

GC Precious Log:
 CardTable entry size: 512
 Card Set container configuration: InlinePtr #cards 5 size 8 Array Of Cards #cards 12 size 40 Howl #buckets 4 coarsen threshold 1843 Howl Bitmap #cards 512 size 80 coarsen threshold 460 Card regions per heap region 1 cards per card region 2048
 CPUs: 8 total, 8 available
 Memory: 8089M
 Large Page Support: Disabled
 NUMA Support: Disabled
 Compressed Oops: Enabled (32-bit)
 Heap Region Size: 1M
 Heap Min Capacity: 8M
 Heap Initial Capacity: 128M
 Heap Max Capacity: 2024M
 Pre-touch: Disabled
 Parallel Workers: 8
 Concurrent Workers: 2
 Concurrent Refinement Workers: 8
 Periodic GC: Disabled

Heap:
 garbage-first heap   total 131072K, used 25084K [0x0000000081800000, 0x0000000100000000)
  region size 1024K, 16 young (16384K), 4 survivors (4096K)
 Metaspace       used 17380K, committed 17856K, reserved 1114112K
  class space    used 2225K, committed 2432K, reserved 1048576K

Heap Regions: E=young(eden), S=young(survivor), O=old, HS=humongous(starts), HC=humongous(continues), CS=collection set, F=free, TAMS=top-at-mark-start, PB=parsable bottom
|   0|0x0000000081800000, 0x0000000081900000, 0x0000000081900000|100%|HS|  |TAMS 0x0000000081800000| PB 0x0000000081800000| Complete 
|   1|0x0000000081900000, 0x0000000081a00000, 0x0000000081a00000|100%|HS|  |TAMS 0x0000000081900000| PB 0x0000000081900000| Complete 
|   2|0x0000000081a00000, 0x0000000081b00000, 0x0000000081b00000|100%|HC|  |TAMS 0x0000000081a00000| PB 0x0000000081a00000| Complete 
|   3|0x0000000081b00000, 0x0000000081c00000, 0x0000000081c00000|100%| O|  |TAMS 0x0000000081b00000| PB 0x0000000081b00000| Untracked 
|   4|0x0000000081c00000, 0x0000000081d00000, 0x0000000081d00000|100%| O|  |TAMS 0x0000000081c00000| PB 0x0000000081c00000| Untracked 
|   5|0x0000000081d00000, 0x0000000081e00000, 0x0000000081e00000|100%| O|  |TAMS 0x0000000081d00000| PB 0x0000000081d00000| Untracked 
|   6|0x0000000081e00000, 0x0000000081f00000, 0x0000000081f00000|100%| O|  |TAMS 0x0000000081e00000| PB 0x0000000081e00000| Untracked 
|   7|0x0000000081f00000, 0x0000000082000000, 0x0000000082000000|100%| O|  |TAMS 0x0000000081f00000| PB 0x0000000081f00000| Untracked 
|   8|0x0000000082000000, 0x0000000082100000, 0x0000000082100000|100%| O|  |TAMS 0x0000000082000000| PB 0x0000000082000000| Untracked 
|   9|0x0000000082100000, 0x00000000821988b0, 0x0000000082200000| 59%| O|  |TAMS 0x0000000082100000| PB 0x0000000082100000| Untracked 
|  10|0x0000000082200000, 0x0000000082200000, 0x0000000082300000|  0%| F|  |TAMS 0x0000000082200000| PB 0x0000000082200000| Untracked 
|  11|0x0000000082300000, 0x0000000082300000, 0x0000000082400000|  0%| F|  |TAMS 0x0000000082300000| PB 0x0000000082300000| Untracked 
|  12|0x0000000082400000, 0x0000000082400000, 0x0000000082500000|  0%| F|  |TAMS 0x0000000082400000| PB 0x0000000082400000| Untracked 
|  13|0x0000000082500000, 0x0000000082500000, 0x0000000082600000|  0%| F|  |TAMS 0x0000000082500000| PB 0x0000000082500000| Untracked 
|  14|0x0000000082600000, 0x0000000082600000, 0x0000000082700000|  0%| F|  |TAMS 0x0000000082600000| PB 0x0000000082600000| Untracked 
|  15|0x0000000082700000, 0x0000000082700000, 0x0000000082800000|  0%| F|  |TAMS 0x0000000082700000| PB 0x0000000082700000| Untracked 
|  16|0x0000000082800000, 0x0000000082800000, 0x0000000082900000|  0%| F|  |TAMS 0x0000000082800000| PB 0x0000000082800000| Untracked 
|  17|0x0000000082900000, 0x0000000082900000, 0x0000000082a00000|  0%| F|  |TAMS 0x0000000082900000| PB 0x0000000082900000| Untracked 
|  18|0x0000000082a00000, 0x0000000082a00000, 0x0000000082b00000|  0%| F|  |TAMS 0x0000000082a00000| PB 0x0000000082a00000| Untracked 
|  19|0x0000000082b00000, 0x0000000082b00000, 0x0000000082c00000|  0%| F|  |TAMS 0x0000000082b00000| PB 0x0000000082b00000| Untracked 
|  20|0x0000000082c00000, 0x0000000082c00000, 0x0000000082d00000|  0%| F|  |TAMS 0x0000000082c00000| PB 0x0000000082c00000| Untracked 
|  21|0x0000000082d00000, 0x0000000082d00000, 0x0000000082e00000|  0%| F|  |TAMS 0x0000000082d00000| PB 0x0000000082d00000| Untracked 
|  22|0x0000000082e00000, 0x0000000082e00000, 0x0000000082f00000|  0%| F|  |TAMS 0x0000000082e00000| PB 0x0000000082e00000| Untracked 
|  23|0x0000000082f00000, 0x0000000082f00000, 0x0000000083000000|  0%| F|  |TAMS 0x0000000082f00000| PB 0x0000000082f00000| Untracked 
|  24|0x0000000083000000, 0x0000000083000000, 0x0000000083100000|  0%| F|  |TAMS 0x0000000083000000| PB 0x0000000083000000| Untracked 
|  25|0x0000000083100000, 0x0000000083100000, 0x0000000083200000|  0%| F|  |TAMS 0x0000000083100000| PB 0x0000000083100000| Untracked 
|  26|0x0000000083200000, 0x0000000083200000, 0x0000000083300000|  0%| F|  |TAMS 0x0000000083200000| PB 0x0000000083200000| Untracked 
|  27|0x0000000083300000, 0x0000000083300000, 0x0000000083400000|  0%| F|  |TAMS 0x0000000083300000| PB 0x0000000083300000| Untracked 
|  28|0x0000000083400000, 0x0000000083400000, 0x0000000083500000|  0%| F|  |TAMS 0x0000000083400000| PB 0x0000000083400000| Untracked 
|  29|0x0000000083500000, 0x0000000083500000, 0x0000000083600000|  0%| F|  |TAMS 0x0000000083500000| PB 0x0000000083500000| Untracked 
|  30|0x0000000083600000, 0x0000000083600000, 0x0000000083700000|  0%| F|  |TAMS 0x0000000083600000| PB 0x0000000083600000| Untracked 
|  31|0x0000000083700000, 0x0000000083700000, 0x0000000083800000|  0%| F|  |TAMS 0x0000000083700000| PB 0x0000000083700000| Untracked 
|  32|0x0000000083800000, 0x0000000083800000, 0x0000000083900000|  0%| F|  |TAMS 0x0000000083800000| PB 0x0000000083800000| Untracked 
|  33|0x0000000083900000, 0x0000000083900000, 0x0000000083a00000|  0%| F|  |TAMS 0x0000000083900000| PB 0x0000000083900000| Untracked 
|  34|0x0000000083a00000, 0x0000000083a00000, 0x0000000083b00000|  0%| F|  |TAMS 0x0000000083a00000| PB 0x0000000083a00000| Untracked 
|  35|0x0000000083b00000, 0x0000000083b00000, 0x0000000083c00000|  0%| F|  |TAMS 0x0000000083b00000| PB 0x0000000083b00000| Untracked 
|  36|0x0000000083c00000, 0x0000000083c00000, 0x0000000083d00000|  0%| F|  |TAMS 0x0000000083c00000| PB 0x0000000083c00000| Untracked 
|  37|0x0000000083d00000, 0x0000000083d00000, 0x0000000083e00000|  0%| F|  |TAMS 0x0000000083d00000| PB 0x0000000083d00000| Untracked 
|  38|0x0000000083e00000, 0x0000000083e00000, 0x0000000083f00000|  0%| F|  |TAMS 0x0000000083e00000| PB 0x0000000083e00000| Untracked 
|  39|0x0000000083f00000, 0x0000000083f00000, 0x0000000084000000|  0%| F|  |TAMS 0x0000000083f00000| PB 0x0000000083f00000| Untracked 
|  40|0x0000000084000000, 0x0000000084000000, 0x0000000084100000|  0%| F|  |TAMS 0x0000000084000000| PB 0x0000000084000000| Untracked 
|  41|0x0000000084100000, 0x0000000084100000, 0x0000000084200000|  0%| F|  |TAMS 0x0000000084100000| PB 0x0000000084100000| Untracked 
|  42|0x0000000084200000, 0x0000000084200000, 0x0000000084300000|  0%| F|  |TAMS 0x0000000084200000| PB 0x0000000084200000| Untracked 
|  43|0x0000000084300000, 0x0000000084300000, 0x0000000084400000|  0%| F|  |TAMS 0x0000000084300000| PB 0x0000000084300000| Untracked 
|  44|0x0000000084400000, 0x0000000084400000, 0x0000000084500000|  0%| F|  |TAMS 0x0000000084400000| PB 0x0000000084400000| Untracked 
|  45|0x0000000084500000, 0x0000000084500000, 0x0000000084600000|  0%| F|  |TAMS 0x0000000084500000| PB 0x0000000084500000| Untracked 
|  46|0x0000000084600000, 0x0000000084600000, 0x0000000084700000|  0%| F|  |TAMS 0x0000000084600000| PB 0x0000000084600000| Untracked 
|  47|0x0000000084700000, 0x0000000084700000, 0x0000000084800000|  0%| F|  |TAMS 0x0000000084700000| PB 0x0000000084700000| Untracked 
|  48|0x0000000084800000, 0x0000000084800000, 0x0000000084900000|  0%| F|  |TAMS 0x0000000084800000| PB 0x0000000084800000| Untracked 
|  49|0x0000000084900000, 0x0000000084900000, 0x0000000084a00000|  0%| F|  |TAMS 0x0000000084900000| PB 0x0000000084900000| Untracked 
|  50|0x0000000084a00000, 0x0000000084a00000, 0x0000000084b00000|  0%| F|  |TAMS 0x0000000084a00000| PB 0x0000000084a00000| Untracked 
|  51|0x0000000084b00000, 0x0000000084b00000, 0x0000000084c00000|  0%| F|  |TAMS 0x0000000084b00000| PB 0x0000000084b00000| Untracked 
|  52|0x0000000084c00000, 0x0000000084c00000, 0x0000000084d00000|  0%| F|  |TAMS 0x0000000084c00000| PB 0x0000000084c00000| Untracked 
|  53|0x0000000084d00000, 0x0000000084d00000, 0x0000000084e00000|  0%| F|  |TAMS 0x0000000084d00000| PB 0x0000000084d00000| Untracked 
|  54|0x0000000084e00000, 0x0000000084e00000, 0x0000000084f00000|  0%| F|  |TAMS 0x0000000084e00000| PB 0x0000000084e00000| Untracked 
|  55|0x0000000084f00000, 0x0000000084f00000, 0x0000000085000000|  0%| F|  |TAMS 0x0000000084f00000| PB 0x0000000084f00000| Untracked 
|  56|0x0000000085000000, 0x0000000085000000, 0x0000000085100000|  0%| F|  |TAMS 0x0000000085000000| PB 0x0000000085000000| Untracked 
|  57|0x0000000085100000, 0x0000000085100000, 0x0000000085200000|  0%| F|  |TAMS 0x0000000085100000| PB 0x0000000085100000| Untracked 
|  58|0x0000000085200000, 0x0000000085200000, 0x0000000085300000|  0%| F|  |TAMS 0x0000000085200000| PB 0x0000000085200000| Untracked 
|  59|0x0000000085300000, 0x0000000085300000, 0x0000000085400000|  0%| F|  |TAMS 0x0000000085300000| PB 0x0000000085300000| Untracked 
|  60|0x0000000085400000, 0x0000000085400000, 0x0000000085500000|  0%| F|  |TAMS 0x0000000085400000| PB 0x0000000085400000| Untracked 
|  61|0x0000000085500000, 0x0000000085500000, 0x0000000085600000|  0%| F|  |TAMS 0x0000000085500000| PB 0x0000000085500000| Untracked 
|  62|0x0000000085600000, 0x0000000085600000, 0x0000000085700000|  0%| F|  |TAMS 0x0000000085600000| PB 0x0000000085600000| Untracked 
|  63|0x0000000085700000, 0x0000000085700000, 0x0000000085800000|  0%| F|  |TAMS 0x0000000085700000| PB 0x0000000085700000| Untracked 
|  64|0x0000000085800000, 0x0000000085800000, 0x0000000085900000|  0%| F|  |TAMS 0x0000000085800000| PB 0x0000000085800000| Untracked 
|  65|0x0000000085900000, 0x0000000085900000, 0x0000000085a00000|  0%| F|  |TAMS 0x0000000085900000| PB 0x0000000085900000| Untracked 
|  66|0x0000000085a00000, 0x0000000085a00000, 0x0000000085b00000|  0%| F|  |TAMS 0x0000000085a00000| PB 0x0000000085a00000| Untracked 
|  67|0x0000000085b00000, 0x0000000085b00000, 0x0000000085c00000|  0%| F|  |TAMS 0x0000000085b00000| PB 0x0000000085b00000| Untracked 
|  68|0x0000000085c00000, 0x0000000085c00000, 0x0000000085d00000|  0%| F|  |TAMS 0x0000000085c00000| PB 0x0000000085c00000| Untracked 
|  69|0x0000000085d00000, 0x0000000085d00000, 0x0000000085e00000|  0%| F|  |TAMS 0x0000000085d00000| PB 0x0000000085d00000| Untracked 
|  70|0x0000000085e00000, 0x0000000085e00000, 0x0000000085f00000|  0%| F|  |TAMS 0x0000000085e00000| PB 0x0000000085e00000| Untracked 
|  71|0x0000000085f00000, 0x0000000085f00000, 0x0000000086000000|  0%| F|  |TAMS 0x0000000085f00000| PB 0x0000000085f00000| Untracked 
|  72|0x0000000086000000, 0x0000000086000000, 0x0000000086100000|  0%| F|  |TAMS 0x0000000086000000| PB 0x0000000086000000| Untracked 
|  73|0x0000000086100000, 0x0000000086100000, 0x0000000086200000|  0%| F|  |TAMS 0x0000000086100000| PB 0x0000000086100000| Untracked 
|  74|0x0000000086200000, 0x0000000086200000, 0x0000000086300000|  0%| F|  |TAMS 0x0000000086200000| PB 0x0000000086200000| Untracked 
|  75|0x0000000086300000, 0x0000000086300000, 0x0000000086400000|  0%| F|  |TAMS 0x0000000086300000| PB 0x0000000086300000| Untracked 
|  76|0x0000000086400000, 0x0000000086400000, 0x0000000086500000|  0%| F|  |TAMS 0x0000000086400000| PB 0x0000000086400000| Untracked 
|  77|0x0000000086500000, 0x0000000086500000, 0x0000000086600000|  0%| F|  |TAMS 0x0000000086500000| PB 0x0000000086500000| Untracked 
|  78|0x0000000086600000, 0x0000000086600000, 0x0000000086700000|  0%| F|  |TAMS 0x0000000086600000| PB 0x0000000086600000| Untracked 
|  79|0x0000000086700000, 0x0000000086700000, 0x0000000086800000|  0%| F|  |TAMS 0x0000000086700000| PB 0x0000000086700000| Untracked 
|  80|0x0000000086800000, 0x0000000086800000, 0x0000000086900000|  0%| F|  |TAMS 0x0000000086800000| PB 0x0000000086800000| Untracked 
|  81|0x0000000086900000, 0x0000000086900000, 0x0000000086a00000|  0%| F|  |TAMS 0x0000000086900000| PB 0x0000000086900000| Untracked 
|  82|0x0000000086a00000, 0x0000000086a00000, 0x0000000086b00000|  0%| F|  |TAMS 0x0000000086a00000| PB 0x0000000086a00000| Untracked 
|  83|0x0000000086b00000, 0x0000000086b00000, 0x0000000086c00000|  0%| F|  |TAMS 0x0000000086b00000| PB 0x0000000086b00000| Untracked 
|  84|0x0000000086c00000, 0x0000000086c00000, 0x0000000086d00000|  0%| F|  |TAMS 0x0000000086c00000| PB 0x0000000086c00000| Untracked 
|  85|0x0000000086d00000, 0x0000000086d00000, 0x0000000086e00000|  0%| F|  |TAMS 0x0000000086d00000| PB 0x0000000086d00000| Untracked 
|  86|0x0000000086e00000, 0x0000000086e00000, 0x0000000086f00000|  0%| F|  |TAMS 0x0000000086e00000| PB 0x0000000086e00000| Untracked 
|  87|0x0000000086f00000, 0x0000000086f00000, 0x0000000087000000|  0%| F|  |TAMS 0x0000000086f00000| PB 0x0000000086f00000| Untracked 
|  88|0x0000000087000000, 0x0000000087000000, 0x0000000087100000|  0%| F|  |TAMS 0x0000000087000000| PB 0x0000000087000000| Untracked 
|  89|0x0000000087100000, 0x0000000087100000, 0x0000000087200000|  0%| F|  |TAMS 0x0000000087100000| PB 0x0000000087100000| Untracked 
|  90|0x0000000087200000, 0x0000000087200000, 0x0000000087300000|  0%| F|  |TAMS 0x0000000087200000| PB 0x0000000087200000| Untracked 
|  91|0x0000000087300000, 0x0000000087300000, 0x0000000087400000|  0%| F|  |TAMS 0x0000000087300000| PB 0x0000000087300000| Untracked 
|  92|0x0000000087400000, 0x0000000087400000, 0x0000000087500000|  0%| F|  |TAMS 0x0000000087400000| PB 0x0000000087400000| Untracked 
|  93|0x0000000087500000, 0x00000000875e6820, 0x0000000087600000| 90%| S|CS|TAMS 0x0000000087500000| PB 0x0000000087500000| Complete 
|  94|0x0000000087600000, 0x0000000087700000, 0x0000000087700000|100%| S|CS|TAMS 0x0000000087600000| PB 0x0000000087600000| Complete 
|  95|0x0000000087700000, 0x0000000087800000, 0x0000000087800000|100%| S|CS|TAMS 0x0000000087700000| PB 0x0000000087700000| Complete 
|  96|0x0000000087800000, 0x0000000087900000, 0x0000000087900000|100%| S|CS|TAMS 0x0000000087800000| PB 0x0000000087800000| Complete 
|  97|0x0000000087900000, 0x0000000087900000, 0x0000000087a00000|  0%| F|  |TAMS 0x0000000087900000| PB 0x0000000087900000| Untracked 
|  98|0x0000000087a00000, 0x0000000087a00000, 0x0000000087b00000|  0%| F|  |TAMS 0x0000000087a00000| PB 0x0000000087a00000| Untracked 
|  99|0x0000000087b00000, 0x0000000087b00000, 0x0000000087c00000|  0%| F|  |TAMS 0x0000000087b00000| PB 0x0000000087b00000| Untracked 
| 100|0x0000000087c00000, 0x0000000087c00000, 0x0000000087d00000|  0%| F|  |TAMS 0x0000000087c00000| PB 0x0000000087c00000| Untracked 
| 101|0x0000000087d00000, 0x0000000087d00000, 0x0000000087e00000|  0%| F|  |TAMS 0x0000000087d00000| PB 0x0000000087d00000| Untracked 
| 102|0x0000000087e00000, 0x0000000087e00000, 0x0000000087f00000|  0%| F|  |TAMS 0x0000000087e00000| PB 0x0000000087e00000| Untracked 
| 103|0x0000000087f00000, 0x0000000087f00000, 0x0000000088000000|  0%| F|  |TAMS 0x0000000087f00000| PB 0x0000000087f00000| Untracked 
| 104|0x0000000088000000, 0x0000000088000000, 0x0000000088100000|  0%| F|  |TAMS 0x0000000088000000| PB 0x0000000088000000| Untracked 
| 105|0x0000000088100000, 0x0000000088100000, 0x0000000088200000|  0%| F|  |TAMS 0x0000000088100000| PB 0x0000000088100000| Untracked 
| 106|0x0000000088200000, 0x0000000088200000, 0x0000000088300000|  0%| F|  |TAMS 0x0000000088200000| PB 0x0000000088200000| Untracked 
| 107|0x0000000088300000, 0x0000000088300000, 0x0000000088400000|  0%| F|  |TAMS 0x0000000088300000| PB 0x0000000088300000| Untracked 
| 108|0x0000000088400000, 0x0000000088400000, 0x0000000088500000|  0%| F|  |TAMS 0x0000000088400000| PB 0x0000000088400000| Untracked 
| 109|0x0000000088500000, 0x0000000088500000, 0x0000000088600000|  0%| F|  |TAMS 0x0000000088500000| PB 0x0000000088500000| Untracked 
| 110|0x0000000088600000, 0x0000000088600000, 0x0000000088700000|  0%| F|  |TAMS 0x0000000088600000| PB 0x0000000088600000| Untracked 
| 111|0x0000000088700000, 0x0000000088700000, 0x0000000088800000|  0%| F|  |TAMS 0x0000000088700000| PB 0x0000000088700000| Untracked 
| 112|0x0000000088800000, 0x0000000088800000, 0x0000000088900000|  0%| F|  |TAMS 0x0000000088800000| PB 0x0000000088800000| Untracked 
| 113|0x0000000088900000, 0x0000000088900000, 0x0000000088a00000|  0%| F|  |TAMS 0x0000000088900000| PB 0x0000000088900000| Untracked 
| 114|0x0000000088a00000, 0x0000000088a00000, 0x0000000088b00000|  0%| F|  |TAMS 0x0000000088a00000| PB 0x0000000088a00000| Untracked 
| 115|0x0000000088b00000, 0x0000000088b00000, 0x0000000088c00000|  0%| F|  |TAMS 0x0000000088b00000| PB 0x0000000088b00000| Untracked 
| 116|0x0000000088c00000, 0x0000000088cbf4e8, 0x0000000088d00000| 74%| E|  |TAMS 0x0000000088c00000| PB 0x0000000088c00000| Complete 
| 117|0x0000000088d00000, 0x0000000088e00000, 0x0000000088e00000|100%| E|CS|TAMS 0x0000000088d00000| PB 0x0000000088d00000| Complete 
| 118|0x0000000088e00000, 0x0000000088f00000, 0x0000000088f00000|100%| E|CS|TAMS 0x0000000088e00000| PB 0x0000000088e00000| Complete 
| 119|0x0000000088f00000, 0x0000000089000000, 0x0000000089000000|100%| E|CS|TAMS 0x0000000088f00000| PB 0x0000000088f00000| Complete 
| 120|0x0000000089000000, 0x0000000089100000, 0x0000000089100000|100%| E|CS|TAMS 0x0000000089000000| PB 0x0000000089000000| Complete 
| 121|0x0000000089100000, 0x0000000089200000, 0x0000000089200000|100%| E|CS|TAMS 0x0000000089100000| PB 0x0000000089100000| Complete 
| 122|0x0000000089200000, 0x0000000089300000, 0x0000000089300000|100%| E|CS|TAMS 0x0000000089200000| PB 0x0000000089200000| Complete 
| 123|0x0000000089300000, 0x0000000089400000, 0x0000000089400000|100%| E|CS|TAMS 0x0000000089300000| PB 0x0000000089300000| Complete 
| 124|0x0000000089400000, 0x0000000089500000, 0x0000000089500000|100%| E|CS|TAMS 0x0000000089400000| PB 0x0000000089400000| Complete 
| 125|0x0000000089500000, 0x0000000089600000, 0x0000000089600000|100%| E|CS|TAMS 0x0000000089500000| PB 0x0000000089500000| Complete 
| 126|0x0000000089600000, 0x0000000089700000, 0x0000000089700000|100%| E|CS|TAMS 0x0000000089600000| PB 0x0000000089600000| Complete 
| 127|0x0000000089700000, 0x0000000089800000, 0x0000000089800000|100%| E|CS|TAMS 0x0000000089700000| PB 0x0000000089700000| Complete 

Card table byte_map: [0x0000014c508a0000,0x0000014c50ca0000] _byte_map_base: 0x0000014c50494000

Marking Bits: (CMBitMap*) 0x0000014c3d821c70
 Bits: [0x0000014c50ca0000, 0x0000014c52c40000)

Polling page: 0x0000014c3b6b0000

Metaspace:

Usage:
  Non-class:     14.80 MB used.
      Class:      2.17 MB used.
       Both:     16.98 MB used.

Virtual space:
  Non-class space:       64.00 MB reserved,      15.06 MB ( 24%) committed,  1 nodes.
      Class space:        1.00 GB reserved,       2.38 MB ( <1%) committed,  1 nodes.
             Both:        1.06 GB reserved,      17.44 MB (  2%) committed. 

Chunk freelists:
   Non-Class:  48.00 KB
       Class:  13.62 MB
        Both:  13.67 MB

MaxMetaspaceSize: unlimited
CompressedClassSpaceSize: 1.00 GB
Initial GC threshold: 21.00 MB
Current GC threshold: 21.00 MB
CDS: on
 - commit_granule_bytes: 65536.
 - commit_granule_words: 8192.
 - virtual_space_node_default_size: 8388608.
 - enlarge_chunks_in_place: 1.
 - use_allocation_guard: 0.


Internal statistics:

num_allocs_failed_limit: 0.
num_arena_births: 572.
num_arena_deaths: 0.
num_vsnodes_births: 2.
num_vsnodes_deaths: 0.
num_space_committed: 279.
num_space_uncommitted: 0.
num_chunks_returned_to_freelist: 0.
num_chunks_taken_from_freelist: 1097.
num_chunk_merges: 0.
num_chunk_splits: 635.
num_chunks_enlarged: 320.
num_inconsistent_stats: 0.

CodeHeap 'non-profiled nmethods': size=120000Kb used=1029Kb max_used=1029Kb free=118970Kb
 bounds [0x0000014c48c40000, 0x0000014c48eb0000, 0x0000014c50170000]
CodeHeap 'profiled nmethods': size=120000Kb used=4384Kb max_used=4384Kb free=115615Kb
 bounds [0x0000014c41170000, 0x0000014c415c0000, 0x0000014c486a0000]
CodeHeap 'non-nmethods': size=5760Kb used=1522Kb max_used=1602Kb free=4238Kb
 bounds [0x0000014c486a0000, 0x0000014c48910000, 0x0000014c48c40000]
CodeCache: size=245760Kb, used=6935Kb, max_used=7015Kb, free=238823Kb
 total_blobs=2986, nmethods=2397, adapters=493, full_count=0
Compilation: enabled, stopped_count=0, restarted_count=0

Compilation events (20 events):
Event: 9.514 Thread 0x0000014c5569b610 2381       3       sun.util.locale.ParseStatus::reset (16 bytes)
Event: 9.514 Thread 0x0000014c5569b610 nmethod 2381 0x0000014c415b4c10 code [0x0000014c415b4da0, 0x0000014c415b4ee0]
Event: 9.514 Thread 0x0000014c5569b610 2382       3       sun.util.locale.StringTokenIterator::<init> (41 bytes)
Event: 9.515 Thread 0x0000014c5569b610 nmethod 2382 0x0000014c415b4f90 code [0x0000014c415b51c0, 0x0000014c415b59c8]
Event: 9.515 Thread 0x0000014c5569b610 2383       3       sun.util.locale.StringTokenIterator::setStart (62 bytes)
Event: 9.515 Thread 0x0000014c5569b610 nmethod 2383 0x0000014c415b5d10 code [0x0000014c415b5f00, 0x0000014c415b6318]
Event: 9.515 Thread 0x0000014c5569b610 2384       3       sun.util.locale.LanguageTag::parseLanguage (55 bytes)
Event: 9.515 Thread 0x0000014c9c128e50 nmethod 2329 0x0000014c48d3cb90 code [0x0000014c48d3cd60, 0x0000014c48d3d248]
Event: 9.515 Thread 0x0000014c9c128e50 2386       4       java.util.regex.Matcher::search (154 bytes)
Event: 9.516 Thread 0x0000014c5569b610 nmethod 2384 0x0000014c415b6510 code [0x0000014c415b6720, 0x0000014c415b6d40]
Event: 9.516 Thread 0x0000014c5569b610 2334       2       sun.util.locale.LocaleUtils::toLower (17 bytes)
Event: 9.516 Thread 0x0000014c5569b610 nmethod 2334 0x0000014c415b6f90 code [0x0000014c415b7120, 0x0000014c415b7248]
Event: 9.516 Thread 0x0000014c5569b610 2385       3       sun.util.locale.LocaleObjectCache::normalizeKey (2 bytes)
Event: 9.516 Thread 0x0000014c5569b610 nmethod 2385 0x0000014c415b7310 code [0x0000014c415b74a0, 0x0000014c415b75b0]
Event: 9.516 Thread 0x0000014c5569b610 2366       3       sun.util.locale.LocaleObjectCache$CacheEntry::<init> (12 bytes)
Event: 9.516 Thread 0x0000014c5569b610 nmethod 2366 0x0000014c415b7610 code [0x0000014c415b77e0, 0x0000014c415b7b78]
Event: 9.516 Thread 0x0000014c5569b610 2365       3       sun.util.locale.BaseLocale$Key::normalize (67 bytes)
Event: 9.516 Thread 0x0000014c5569b610 nmethod 2365 0x0000014c415b7c90 code [0x0000014c415b7e60, 0x0000014c415b80d8]
Event: 9.518 Thread 0x0000014c5569b610 2387       3       java.util.HashMap::<init> (98 bytes)
Event: 9.521 Thread 0x0000014c9c128e50 nmethod 2386 0x0000014c48d3d610 code [0x0000014c48d3d7c0, 0x0000014c48d3dbc0]

GC Heap History (4 events):
Event: 0.955 GC heap before
{Heap before GC invocations=0 (full 0):
 garbage-first heap   total 131072K, used 25600K [0x0000000081800000, 0x0000000100000000)
  region size 1024K, 23 young (23552K), 0 survivors (0K)
 Metaspace       used 7212K, committed 7488K, reserved 1114112K
  class space    used 842K, committed 960K, reserved 1048576K
}
Event: 0.962 GC heap after
{Heap after GC invocations=1 (full 0):
 garbage-first heap   total 131072K, used 9712K [0x0000000081800000, 0x0000000100000000)
  region size 1024K, 3 young (3072K), 3 survivors (3072K)
 Metaspace       used 7212K, committed 7488K, reserved 1114112K
  class space    used 842K, committed 960K, reserved 1048576K
}
Event: 1.617 GC heap before
{Heap before GC invocations=1 (full 0):
 garbage-first heap   total 131072K, used 37360K [0x0000000081800000, 0x0000000100000000)
  region size 1024K, 31 young (31744K), 3 survivors (3072K)
 Metaspace       used 15487K, committed 15872K, reserved 1114112K
  class space    used 1928K, committed 2112K, reserved 1048576K
}
Event: 1.624 GC heap after
{Heap after GC invocations=2 (full 0):
 garbage-first heap   total 131072K, used 13820K [0x0000000081800000, 0x0000000100000000)
  region size 1024K, 4 young (4096K), 4 survivors (4096K)
 Metaspace       used 15487K, committed 15872K, reserved 1114112K
  class space    used 1928K, committed 2112K, reserved 1048576K
}

Dll operation events (10 events):
Event: 0.011 Loaded shared library C:\Users\PC\.p2\pool\plugins\org.eclipse.justj.openjdk.hotspot.jre.full.win32.x86_64_21.0.8.v20250724-1412\jre\bin\java.dll
Event: 0.056 Loaded shared library C:\Users\PC\.p2\pool\plugins\org.eclipse.justj.openjdk.hotspot.jre.full.win32.x86_64_21.0.8.v20250724-1412\jre\bin\zip.dll
Event: 0.194 Loaded shared library C:\Users\PC\.p2\pool\plugins\org.eclipse.justj.openjdk.hotspot.jre.full.win32.x86_64_21.0.8.v20250724-1412\jre\bin\net.dll
Event: 0.197 Loaded shared library C:\Users\PC\.p2\pool\plugins\org.eclipse.justj.openjdk.hotspot.jre.full.win32.x86_64_21.0.8.v20250724-1412\jre\bin\nio.dll
Event: 0.205 Loaded shared library C:\Users\PC\.p2\pool\plugins\org.eclipse.justj.openjdk.hotspot.jre.full.win32.x86_64_21.0.8.v20250724-1412\jre\bin\zip.dll
Event: 0.435 Loaded shared library C:\Users\PC\.p2\pool\plugins\org.eclipse.justj.openjdk.hotspot.jre.full.win32.x86_64_21.0.8.v20250724-1412\jre\bin\jimage.dll
Event: 0.587 Loaded shared library C:\Users\PC\.p2\pool\plugins\org.eclipse.justj.openjdk.hotspot.jre.full.win32.x86_64_21.0.8.v20250724-1412\jre\bin\extnet.dll
Event: 1.084 Loaded shared library C:\Users\PC\.p2\pool\plugins\org.eclipse.justj.openjdk.hotspot.jre.full.win32.x86_64_21.0.8.v20250724-1412\jre\bin\management.dll
Event: 1.087 Loaded shared library C:\Users\PC\.p2\pool\plugins\org.eclipse.justj.openjdk.hotspot.jre.full.win32.x86_64_21.0.8.v20250724-1412\jre\bin\management_ext.dll
Event: 1.278 Loaded shared library C:\Users\PC\.p2\pool\plugins\org.eclipse.justj.openjdk.hotspot.jre.full.win32.x86_64_21.0.8.v20250724-1412\jre\bin\sunmscapi.dll

Deoptimization events (20 events):
Event: 1.707 Thread 0x0000014c9ba82ff0 DEOPT PACKING pc=0x0000014c48ccc838 sp=0x0000002333bfd810
Event: 1.707 Thread 0x0000014c9ba82ff0 DEOPT UNPACKING pc=0x0000014c486f46a2 sp=0x0000002333bfd750 mode 2
Event: 9.506 Thread 0x0000014c3b44d200 Uncommon trap: trap_request=0xffffff45 fr.pc=0x0000014c48c54b24 relative=0x00000000000004c4
Event: 9.506 Thread 0x0000014c3b44d200 Uncommon trap: reason=unstable_if action=reinterpret pc=0x0000014c48c54b24 method=java.lang.StringLatin1.canEncode(I)Z @ 4 c2
Event: 9.506 Thread 0x0000014c3b44d200 DEOPT PACKING pc=0x0000014c48c54b24 sp=0x00000023312fe4a0
Event: 9.506 Thread 0x0000014c3b44d200 DEOPT UNPACKING pc=0x0000014c486f46a2 sp=0x00000023312fe3d8 mode 2
Event: 9.506 Thread 0x0000014c3b44d200 Uncommon trap: trap_request=0xffffff45 fr.pc=0x0000014c48c56014 relative=0x00000000000004b4
Event: 9.507 Thread 0x0000014c3b44d200 Uncommon trap: reason=unstable_if action=reinterpret pc=0x0000014c48c56014 method=java.lang.AbstractStringBuilder.isLatin1()Z @ 10 c2
Event: 9.507 Thread 0x0000014c3b44d200 DEOPT PACKING pc=0x0000014c48c56014 sp=0x00000023312fe4b0
Event: 9.507 Thread 0x0000014c3b44d200 DEOPT UNPACKING pc=0x0000014c486f46a2 sp=0x00000023312fe440 mode 2
Event: 9.510 Thread 0x0000014c3b44d200 DEOPT PACKING pc=0x0000014c413ef3f1 sp=0x00000023312fdad0
Event: 9.510 Thread 0x0000014c3b44d200 DEOPT UNPACKING pc=0x0000014c486f4e42 sp=0x00000023312fcf70 mode 0
Event: 9.513 Thread 0x0000014c3b44d200 Uncommon trap: trap_request=0xffffff45 fr.pc=0x0000014c48d36238 relative=0x0000000000000198
Event: 9.513 Thread 0x0000014c3b44d200 Uncommon trap: reason=unstable_if action=reinterpret pc=0x0000014c48d36238 method=java.util.regex.Pattern$Start.match(Ljava/util/regex/Matcher;ILjava/lang/CharSequence;)Z @ 10 c2
Event: 9.513 Thread 0x0000014c3b44d200 DEOPT PACKING pc=0x0000014c48d36238 sp=0x00000023312fda90
Event: 9.513 Thread 0x0000014c3b44d200 DEOPT UNPACKING pc=0x0000014c486f46a2 sp=0x00000023312fda10 mode 2
Event: 9.521 Thread 0x0000014c3b44d200 Uncommon trap: trap_request=0xffffff45 fr.pc=0x0000014c48d3dae4 relative=0x0000000000000324
Event: 9.521 Thread 0x0000014c3b44d200 Uncommon trap: reason=unstable_if action=reinterpret pc=0x0000014c48d3dae4 method=java.util.regex.Matcher.search(I)Z @ 30 c2
Event: 9.521 Thread 0x0000014c3b44d200 DEOPT PACKING pc=0x0000014c48d3dae4 sp=0x00000023312fe570
Event: 9.521 Thread 0x0000014c3b44d200 DEOPT UNPACKING pc=0x0000014c486f46a2 sp=0x00000023312fe510 mode 2

Classes loaded (20 events):
Event: 9.514 Loading class sun/util/resources/TimeZoneNamesBundle done
Event: 9.514 Loading class sun/util/resources/cldr/TimeZoneNames done
Event: 9.514 Loading class sun/util/resources/cldr/TimeZoneNames_en
Event: 9.514 Loading class sun/util/resources/cldr/TimeZoneNames_en done
Event: 9.515 Loading class sun/util/resources/cldr/TimeZoneNames_en_US
Event: 9.515 Loading class sun/util/resources/cldr/TimeZoneNames_en_US done
Event: 9.515 Loading class sun/util/cldr/CLDRBaseLocaleDataMetaInfo$TZCanonicalIDMapHolder
Event: 9.516 Loading class sun/util/cldr/CLDRBaseLocaleDataMetaInfo$TZCanonicalIDMapHolder done
Event: 9.517 Loading class sun/util/resources/TimeZoneNames
Event: 9.518 Loading class sun/util/resources/TimeZoneNames done
Event: 9.518 Loading class sun/util/resources/TimeZoneNames_en
Event: 9.518 Loading class sun/util/resources/TimeZoneNames_en done
Event: 9.520 Loading class java/text/StringCharacterIterator
Event: 9.520 Loading class java/text/CharacterIterator
Event: 9.520 Loading class java/text/CharacterIterator done
Event: 9.520 Loading class java/text/StringCharacterIterator done
Event: 9.520 Loading class java/util/concurrent/ConcurrentLinkedDeque$Itr
Event: 9.520 Loading class java/util/concurrent/ConcurrentLinkedDeque$AbstractItr
Event: 9.520 Loading class java/util/concurrent/ConcurrentLinkedDeque$AbstractItr done
Event: 9.520 Loading class java/util/concurrent/ConcurrentLinkedDeque$Itr done

Classes unloaded (0 events):
No events

Classes redefined (0 events):
No events

Internal exceptions (20 events):
Event: 1.599 Thread 0x0000014c9b93f5e0 Exception <a 'java/lang/NoSuchMethodError'{0x0000000087913b98}: 'java.lang.Object java.lang.invoke.DirectMethodHandle$Holder.newInvokeSpecial(java.lang.Object, java.lang.Object, int, int)'> (0x0000000087913b98) 
thrown [s\src\hotspot\share\interpreter\linkResolver.cpp, line 773]
Event: 1.599 Thread 0x0000014c9b93ef80 Exception <a 'java/lang/NoSuchMethodError'{0x0000000087924f00}: 'java.lang.Object java.lang.invoke.DirectMethodHandle$Holder.newInvokeSpecial(java.lang.Object, java.lang.Object, int, int)'> (0x0000000087924f00) 
thrown [s\src\hotspot\share\interpreter\linkResolver.cpp, line 773]
Event: 1.599 Thread 0x0000014c9b93ef80 Exception <a 'java/lang/NoSuchMethodError'{0x000000008792b578}: 'java.lang.Object java.lang.invoke.Invokers$Holder.linkToTargetMethod(java.lang.Object, int, int, java.lang.Object)'> (0x000000008792b578) 
thrown [s\src\hotspot\share\interpreter\linkResolver.cpp, line 773]
Event: 1.600 Thread 0x0000014c9b93ef80 Exception <a 'java/lang/NoSuchMethodError'{0x000000008792ebb0}: 'void java.lang.invoke.DirectMethodHandle$Holder.invokeStatic(java.lang.Object, java.lang.Object, int)'> (0x000000008792ebb0) 
thrown [s\src\hotspot\share\interpreter\linkResolver.cpp, line 773]
Event: 1.600 Thread 0x0000014c9b93f5e0 Exception <a 'java/lang/NoSuchMethodError'{0x000000008793afd8}: 'void java.lang.invoke.DirectMethodHandle$Holder.invokeStatic(java.lang.Object, java.lang.Object, int)'> (0x000000008793afd8) 
thrown [s\src\hotspot\share\interpreter\linkResolver.cpp, line 773]
Event: 1.634 Thread 0x0000014c9b93f5e0 Exception <a 'java/lang/NoSuchMethodError'{0x00000000897b9688}: 'void java.lang.invoke.DirectMethodHandle$Holder.invokeInterface(java.lang.Object, java.lang.Object, java.lang.Object)'> (0x00000000897b9688) 
thrown [s\src\hotspot\share\interpreter\linkResolver.cpp, line 773]
Event: 1.634 Thread 0x0000014c9b93ef80 Exception <a 'java/lang/NoSuchMethodError'{0x000000008974a900}: 'void java.lang.invoke.DirectMethodHandle$Holder.invokeInterface(java.lang.Object, java.lang.Object, java.lang.Object)'> (0x000000008974a900) 
thrown [s\src\hotspot\share\interpreter\linkResolver.cpp, line 773]
Event: 1.647 Thread 0x0000014c9b93f5e0 Exception <a 'java/lang/NoSuchMethodError'{0x000000008963cf68}: 'void java.lang.invoke.DirectMethodHandle$Holder.invokeInterface(java.lang.Object, java.lang.Object, java.lang.Object, java.lang.Object, java.lang.Object)'> (0x000000008963cf68) 
thrown [s\src\hotspot\share\interpreter\linkResolver.cpp, line 773]
Event: 1.647 Thread 0x0000014c9b93ef80 Exception <a 'java/lang/NoSuchMethodError'{0x000000008965b210}: 'void java.lang.invoke.DirectMethodHandle$Holder.invokeInterface(java.lang.Object, java.lang.Object, java.lang.Object, java.lang.Object, java.lang.Object)'> (0x000000008965b210) 
thrown [s\src\hotspot\share\interpreter\linkResolver.cpp, line 773]
Event: 1.678 Thread 0x0000014c9ba83680 Exception <a 'java/lang/NoSuchMethodError'{0x00000000895e7748}: 'long java.lang.invoke.DirectMethodHandle$Holder.invokeSpecial(java.lang.Object, java.lang.Object, java.lang.Object, java.lang.Object, int)'> (0x00000000895e7748) 
thrown [s\src\hotspot\share\interpreter\linkResolver.cpp, line 773]
Event: 1.678 Thread 0x0000014c9ba82960 Exception <a 'java/lang/NoSuchMethodError'{0x00000000894b4d70}: 'java.lang.Object java.lang.invoke.DirectMethodHandle$Holder.invokeSpecial(java.lang.Object, java.lang.Object, java.lang.Object, java.lang.Object, int)'> (0x00000000894b4d70) 
thrown [s\src\hotspot\share\interpreter\linkResolver.cpp, line 773]
Event: 1.678 Thread 0x0000014c9ba83680 Exception <a 'java/lang/NoSuchMethodError'{0x00000000894c6310}: 'java.lang.Object java.lang.invoke.DirectMethodHandle$Holder.invokeSpecial(java.lang.Object, java.lang.Object, java.lang.Object, java.lang.Object, int)'> (0x00000000894c6310) 
thrown [s\src\hotspot\share\interpreter\linkResolver.cpp, line 773]
Event: 1.678 Thread 0x0000014c9ba82960 Exception <a 'java/lang/NoSuchMethodError'{0x00000000894b86c8}: 'java.lang.Object java.lang.invoke.Invokers$Holder.linkToTargetMethod(java.lang.Object, java.lang.Object, int, java.lang.Object)'> (0x00000000894b86c8) 
thrown [s\src\hotspot\share\interpreter\linkResolver.cpp, line 773]
Event: 1.678 Thread 0x0000014c9ba83680 Exception <a 'java/lang/NoSuchMethodError'{0x00000000894c9758}: 'java.lang.Object java.lang.invoke.Invokers$Holder.linkToTargetMethod(java.lang.Object, java.lang.Object, int, java.lang.Object)'> (0x00000000894c9758) 
thrown [s\src\hotspot\share\interpreter\linkResolver.cpp, line 773]
Event: 1.694 Thread 0x0000014c9ba83680 Exception <a 'java/lang/NoSuchMethodError'{0x0000000089224eb8}: 'void java.lang.invoke.DirectMethodHandle$Holder.invokeSpecial(java.lang.Object, java.lang.Object, java.lang.Object, java.lang.Object, java.lang.Object)'> (0x0000000089224eb8) 
thrown [s\src\hotspot\share\interpreter\linkResolver.cpp, line 773]
Event: 1.694 Thread 0x0000014c9ba82960 Exception <a 'java/lang/NoSuchMethodError'{0x00000000893bea70}: 'void java.lang.invoke.DirectMethodHandle$Holder.invokeSpecial(java.lang.Object, java.lang.Object, java.lang.Object, java.lang.Object, java.lang.Object)'> (0x00000000893bea70) 
thrown [s\src\hotspot\share\interpreter\linkResolver.cpp, line 773]
Event: 5.354 Thread 0x0000014c9ba843a0 Exception <a 'sun/net/ConnectionResetException'{0x00000000891764e0}: Connection reset> (0x00000000891764e0) 
thrown [s\src\hotspot\share\prims\jni.cpp, line 539]
Event: 5.354 Thread 0x0000014c9ba81c40 Exception <a 'sun/net/ConnectionResetException'{0x00000000892f6bf8}: Connection reset> (0x00000000892f6bf8) 
thrown [s\src\hotspot\share\prims\jni.cpp, line 539]
Event: 7.448 Thread 0x0000014c9c5006a0 Exception <a 'java/net/ConnectException'{0x0000000088f7a370}: Connection refused: getsockopt> (0x0000000088f7a370) 
thrown [s\src\hotspot\share\prims\jni.cpp, line 539]
Event: 9.481 Thread 0x0000014c9c5006a0 Exception <a 'java/net/ConnectException'{0x0000000088f7cf60}: Connection refused: getsockopt> (0x0000000088f7cf60) 
thrown [s\src\hotspot\share\prims\jni.cpp, line 539]

ZGC Phase Switch (0 events):
No events

VM Operations (20 events):
Event: 1.005 Executing VM operation: HandshakeAllThreads (Deoptimize)
Event: 1.005 Executing VM operation: HandshakeAllThreads (Deoptimize) done
Event: 1.106 Executing VM operation: HandshakeAllThreads (Deoptimize)
Event: 1.106 Executing VM operation: HandshakeAllThreads (Deoptimize) done
Event: 1.139 Executing VM operation: HandshakeAllThreads (Deoptimize)
Event: 1.139 Executing VM operation: HandshakeAllThreads (Deoptimize) done
Event: 1.249 Executing VM operation: HandshakeAllThreads (Deoptimize)
Event: 1.249 Executing VM operation: HandshakeAllThreads (Deoptimize) done
Event: 1.283 Executing VM operation: HandshakeAllThreads (Deoptimize)
Event: 1.283 Executing VM operation: HandshakeAllThreads (Deoptimize) done
Event: 1.369 Executing VM operation: HandshakeAllThreads (Deoptimize)
Event: 1.369 Executing VM operation: HandshakeAllThreads (Deoptimize) done
Event: 1.395 Executing VM operation: ICBufferFull
Event: 1.395 Executing VM operation: ICBufferFull done
Event: 1.617 Executing VM operation: G1CollectForAllocation (G1 Evacuation Pause)
Event: 1.624 Executing VM operation: G1CollectForAllocation (G1 Evacuation Pause) done
Event: 2.636 Executing VM operation: Cleanup
Event: 2.636 Executing VM operation: Cleanup done
Event: 5.667 Executing VM operation: Cleanup
Event: 5.667 Executing VM operation: Cleanup done

Memory protections (0 events):
No events

Nmethod flushes (0 events):
No events

Events (20 events):
Event: 1.289 Thread 0x0000014c5569b610 Thread added: 0x0000014c55ab23d0
Event: 1.512 Thread 0x0000014c9b93f5e0 Thread added: 0x0000014c9ba81c40
Event: 1.512 Thread 0x0000014c9b93ef80 Thread added: 0x0000014c9ba843a0
Event: 1.649 Thread 0x0000014c9b93ef80 Thread added: 0x0000014c9ba82960
Event: 1.649 Thread 0x0000014c9b93f5e0 Thread added: 0x0000014c9ba83680
Event: 1.652 Thread 0x0000014c9b93f5e0 Thread added: 0x0000014c9ba815b0
Event: 1.704 Thread 0x0000014c9ba81c40 Thread added: 0x0000014c9ba83d10
Event: 1.704 Thread 0x0000014c9ba843a0 Thread added: 0x0000014c9ba822d0
Event: 1.706 Thread 0x0000014c9ba843a0 Thread added: 0x0000014c9ba82ff0
Event: 1.706 Thread 0x0000014c9ba81c40 Thread added: 0x0000014c9ba84a30
Event: 1.708 Thread 0x0000014c9ba843a0 Thread added: 0x0000014c9c505bf0
Event: 1.708 Thread 0x0000014c9ba81c40 Thread added: 0x0000014c9c5041b0
Event: 5.353 Thread 0x0000014c55ab23d0 Thread exited: 0x0000014c55ab23d0
Event: 5.353 Thread 0x0000014c55ab3840 Thread exited: 0x0000014c55ab3840
Event: 5.407 Thread 0x0000014c9b93f5e0 Thread added: 0x0000014c9c5006a0
Event: 5.418 Thread 0x0000014c9b93f5e0 Thread added: 0x0000014c9c506910
Event: 7.449 Thread 0x0000014c9c5006a0 Thread added: 0x0000014c9c4ff980
Event: 9.485 Thread 0x0000014c9b93f5e0 Thread exited: 0x0000014c9b93f5e0
Event: 9.485 Thread 0x0000014c9b93ef80 Thread exited: 0x0000014c9b93ef80
Event: 9.498 Thread 0x0000014c5569b610 Thread added: 0x0000014c9c128e50


Dynamic libraries:
0x00007ff771930000 - 0x00007ff77193e000 	C:\Users\PC\.p2\pool\plugins\org.eclipse.justj.openjdk.hotspot.jre.full.win32.x86_64_21.0.8.v20250724-1412\jre\bin\javaw.exe
0x00007ffadc7d0000 - 0x00007ffadc9c8000 	C:\WINDOWS\SYSTEM32\ntdll.dll
0x00007ffadb6f0000 - 0x00007ffadb7b2000 	C:\WINDOWS\System32\KERNEL32.DLL
0x00007ffada2b0000 - 0x00007ffada5a6000 	C:\WINDOWS\System32\KERNELBASE.dll
0x00007ffada1b0000 - 0x00007ffada2b0000 	C:\WINDOWS\System32\ucrtbase.dll
0x00007ffad30b0000 - 0x00007ffad30c8000 	C:\Users\PC\.p2\pool\plugins\org.eclipse.justj.openjdk.hotspot.jre.full.win32.x86_64_21.0.8.v20250724-1412\jre\bin\jli.dll
0x00007ffada800000 - 0x00007ffada99d000 	C:\WINDOWS\System32\USER32.dll
0x00007ffada6d0000 - 0x00007ffada6f2000 	C:\WINDOWS\System32\win32u.dll
0x00007ffadc080000 - 0x00007ffadc0ab000 	C:\WINDOWS\System32\GDI32.dll
0x00007ffada5b0000 - 0x00007ffada6c9000 	C:\WINDOWS\System32\gdi32full.dll
0x00007ffada080000 - 0x00007ffada11d000 	C:\WINDOWS\System32\msvcp_win.dll
0x00007ffad3090000 - 0x00007ffad30ae000 	C:\Users\PC\.p2\pool\plugins\org.eclipse.justj.openjdk.hotspot.jre.full.win32.x86_64_21.0.8.v20250724-1412\jre\bin\VCRUNTIME140.dll
0x00007ffac6a90000 - 0x00007ffac6d2b000 	C:\WINDOWS\WinSxS\amd64_microsoft.windows.common-controls_6595b64144ccf1df_6.0.19041.6280_none_60bc30a171f2f3f3\COMCTL32.dll
0x00007ffadba50000 - 0x00007ffadbaee000 	C:\WINDOWS\System32\msvcrt.dll
0x00007ffadc040000 - 0x00007ffadc06f000 	C:\WINDOWS\System32\IMM32.DLL
0x00007ffad56e0000 - 0x00007ffad56ec000 	C:\Users\PC\.p2\pool\plugins\org.eclipse.justj.openjdk.hotspot.jre.full.win32.x86_64_21.0.8.v20250724-1412\jre\bin\vcruntime140_1.dll
0x00007ffaaecc0000 - 0x00007ffaaed4d000 	C:\Users\PC\.p2\pool\plugins\org.eclipse.justj.openjdk.hotspot.jre.full.win32.x86_64_21.0.8.v20250724-1412\jre\bin\msvcp140.dll
0x00007ffa8d550000 - 0x00007ffa8e2e7000 	C:\Users\PC\.p2\pool\plugins\org.eclipse.justj.openjdk.hotspot.jre.full.win32.x86_64_21.0.8.v20250724-1412\jre\bin\server\jvm.dll
0x00007ffadc180000 - 0x00007ffadc231000 	C:\WINDOWS\System32\ADVAPI32.dll
0x00007ffadb1d0000 - 0x00007ffadb26f000 	C:\WINDOWS\System32\sechost.dll
0x00007ffadbf20000 - 0x00007ffadc040000 	C:\WINDOWS\System32\RPCRT4.dll
0x00007ffada7d0000 - 0x00007ffada7f7000 	C:\WINDOWS\System32\bcrypt.dll
0x00007ffadbeb0000 - 0x00007ffadbf1b000 	C:\WINDOWS\System32\WS2_32.dll
0x00007ffad93c0000 - 0x00007ffad940b000 	C:\WINDOWS\SYSTEM32\POWRPROF.dll
0x00007ffac5bd0000 - 0x00007ffac5bf7000 	C:\WINDOWS\SYSTEM32\WINMM.dll
0x00007ffacd9d0000 - 0x00007ffacd9da000 	C:\WINDOWS\SYSTEM32\VERSION.dll
0x00007ffad9230000 - 0x00007ffad9242000 	C:\WINDOWS\SYSTEM32\UMPDC.dll
0x00007ffad8650000 - 0x00007ffad8662000 	C:\WINDOWS\SYSTEM32\kernel.appcore.dll
0x00007ffac5f80000 - 0x00007ffac5f8a000 	C:\Users\PC\.p2\pool\plugins\org.eclipse.justj.openjdk.hotspot.jre.full.win32.x86_64_21.0.8.v20250724-1412\jre\bin\jimage.dll
0x00007ffad8340000 - 0x00007ffad8541000 	C:\WINDOWS\SYSTEM32\DBGHELP.DLL
0x00007ffac8280000 - 0x00007ffac82b4000 	C:\WINDOWS\SYSTEM32\dbgcore.DLL
0x00007ffada120000 - 0x00007ffada1a2000 	C:\WINDOWS\System32\bcryptPrimitives.dll
0x00007ffa8e760000 - 0x00007ffa8e77f000 	C:\Users\PC\.p2\pool\plugins\org.eclipse.justj.openjdk.hotspot.jre.full.win32.x86_64_21.0.8.v20250724-1412\jre\bin\java.dll
0x00007ffadaa60000 - 0x00007ffadb1d0000 	C:\WINDOWS\System32\SHELL32.dll
0x00007ffad7ac0000 - 0x00007ffad8265000 	C:\WINDOWS\SYSTEM32\windows.storage.dll
0x00007ffadb390000 - 0x00007ffadb6e3000 	C:\WINDOWS\System32\combase.dll
0x00007ffad97c0000 - 0x00007ffad97eb000 	C:\WINDOWS\SYSTEM32\Wldp.dll
0x00007ffadc0b0000 - 0x00007ffadc17d000 	C:\WINDOWS\System32\OLEAUT32.dll
0x00007ffadbd70000 - 0x00007ffadbe1d000 	C:\WINDOWS\System32\SHCORE.dll
0x00007ffada9a0000 - 0x00007ffada9fb000 	C:\WINDOWS\System32\shlwapi.dll
0x00007ffad9da0000 - 0x00007ffad9dc4000 	C:\WINDOWS\SYSTEM32\profapi.dll
0x00007ffa8e740000 - 0x00007ffa8e758000 	C:\Users\PC\.p2\pool\plugins\org.eclipse.justj.openjdk.hotspot.jre.full.win32.x86_64_21.0.8.v20250724-1412\jre\bin\zip.dll
0x00007ffac54c0000 - 0x00007ffac54d0000 	C:\Users\PC\.p2\pool\plugins\org.eclipse.justj.openjdk.hotspot.jre.full.win32.x86_64_21.0.8.v20250724-1412\jre\bin\net.dll
0x00007ffad11b0000 - 0x00007ffad12ba000 	C:\WINDOWS\SYSTEM32\WINHTTP.dll
0x00007ffad95a0000 - 0x00007ffad960a000 	C:\WINDOWS\system32\mswsock.dll
0x00007ffa8e720000 - 0x00007ffa8e736000 	C:\Users\PC\.p2\pool\plugins\org.eclipse.justj.openjdk.hotspot.jre.full.win32.x86_64_21.0.8.v20250724-1412\jre\bin\nio.dll
0x00007ffad92a0000 - 0x00007ffad936a000 	C:\WINDOWS\SYSTEM32\DNSAPI.dll
0x00007ffad9250000 - 0x00007ffad928b000 	C:\WINDOWS\SYSTEM32\IPHLPAPI.DLL
0x00007ffadc6d0000 - 0x00007ffadc6d8000 	C:\WINDOWS\System32\NSI.dll
0x00007ffad1820000 - 0x00007ffad182a000 	C:\Windows\System32\rasadhlp.dll
0x00007ffac57e0000 - 0x00007ffac5860000 	C:\WINDOWS\System32\fwpuclnt.dll
0x00007ffad6040000 - 0x00007ffad6049000 	C:\Users\PC\.p2\pool\plugins\org.eclipse.justj.openjdk.hotspot.jre.full.win32.x86_64_21.0.8.v20250724-1412\jre\bin\extnet.dll
0x00007ffad9800000 - 0x00007ffad9818000 	C:\WINDOWS\SYSTEM32\CRYPTSP.dll
0x00007ffad8e70000 - 0x00007ffad8ea8000 	C:\WINDOWS\system32\rsaenh.dll
0x00007ffad9d60000 - 0x00007ffad9d8e000 	C:\WINDOWS\SYSTEM32\USERENV.dll
0x00007ffad9730000 - 0x00007ffad973c000 	C:\WINDOWS\SYSTEM32\CRYPTBASE.dll
0x00007ffad50b0000 - 0x00007ffad50ba000 	C:\Users\PC\.p2\pool\plugins\org.eclipse.justj.openjdk.hotspot.jre.full.win32.x86_64_21.0.8.v20250724-1412\jre\bin\management.dll
0x00007ffad50a0000 - 0x00007ffad50ab000 	C:\Users\PC\.p2\pool\plugins\org.eclipse.justj.openjdk.hotspot.jre.full.win32.x86_64_21.0.8.v20250724-1412\jre\bin\management_ext.dll
0x00007ffadc070000 - 0x00007ffadc078000 	C:\WINDOWS\System32\PSAPI.DLL
0x00007ffac8560000 - 0x00007ffac856e000 	C:\Users\PC\.p2\pool\plugins\org.eclipse.justj.openjdk.hotspot.jre.full.win32.x86_64_21.0.8.v20250724-1412\jre\bin\sunmscapi.dll
0x00007ffad9f20000 - 0x00007ffada07d000 	C:\WINDOWS\System32\CRYPT32.dll
0x00007ffad9910000 - 0x00007ffad9937000 	C:\WINDOWS\SYSTEM32\ncrypt.dll
0x00007ffad98d0000 - 0x00007ffad990b000 	C:\WINDOWS\SYSTEM32\NTASN1.dll
0x00007ffacd790000 - 0x00007ffacd797000 	C:\WINDOWS\system32\wshunix.dll
0x00007ffac2e70000 - 0x00007ffac2e87000 	C:\WINDOWS\system32\napinsp.dll
0x00007ffab70f0000 - 0x00007ffab710b000 	C:\WINDOWS\system32\pnrpnsp.dll
0x00007ffad62a0000 - 0x00007ffad62bd000 	C:\WINDOWS\system32\wshbth.dll
0x00007ffad3350000 - 0x00007ffad336d000 	C:\WINDOWS\system32\NLAapi.dll
0x00007ffab64c0000 - 0x00007ffab64d2000 	C:\WINDOWS\System32\winrnr.dll

JVMTI agents: none

dbghelp: loaded successfully - version: 4.0.5 - missing functions: none
symbol engine: initialized successfully - sym options: 0x614 - pdb path: .;C:\Users\PC\.p2\pool\plugins\org.eclipse.justj.openjdk.hotspot.jre.full.win32.x86_64_21.0.8.v20250724-1412\jre\bin;C:\WINDOWS\SYSTEM32;C:\WINDOWS\WinSxS\amd64_microsoft.windows.common-controls_6595b64144ccf1df_6.0.19041.6280_none_60bc30a171f2f3f3;C:\Users\PC\.p2\pool\plugins\org.eclipse.justj.openjdk.hotspot.jre.full.win32.x86_64_21.0.8.v20250724-1412\jre\bin\server

VM Arguments:
jvm_args: -ea -Dfile.encoding=UTF-8 -Dstdout.encoding=UTF-8 -Dstderr.encoding=UTF-8 -XX:+ShowCodeDetailsInExceptionMessages --add-opens=jdk.compiler/com.sun.tools.javac.processing=ALL-UNNAMED --add-opens=jdk.compiler/com.sun.tools.javac.api=ALL-UNNAMED 
java_command: org.testng.remote.RemoteTestNG -serport 52326 -protocol json -d C:\Users\PC\git\repository\newproject\test-output C:\Users\PC\git\repository\newproject\seleniumgridparallel.xml
java_class_path (initial): C:\Users\PC\eclipse\java-2025-06\eclipse\configuration\org.eclipse.osgi\561\0\.cp\lib\testng-remote.jar;C:\Users\PC\git\repository\newproject\target\test-classes;C:\Users\PC\git\repository\newproject\target\classes;C:\Users\PC\.m2\repository\io\github\bonigarcia\webdrivermanager\6.1.0\webdrivermanager-6.1.0.jar;C:\Users\PC\.m2\repository\com\google\code\gson\gson\2.13.0\gson-2.13.0.jar;C:\Users\PC\.m2\repository\com\google\errorprone\error_prone_annotations\2.37.0\error_prone_annotations-2.37.0.jar;C:\Users\PC\.m2\repository\com\github\docker-java\docker-java\3.5.0\docker-java-3.5.0.jar;C:\Users\PC\.m2\repository\com\github\docker-java\docker-java-core\3.5.0\docker-java-core-3.5.0.jar;C:\Users\PC\.m2\repository\com\github\docker-java\docker-java-api\3.5.0\docker-java-api-3.5.0.jar;C:\Users\PC\.m2\repository\com\fasterxml\jackson\core\jackson-annotations\2.18.3\jackson-annotations-2.18.3.jar;C:\Users\PC\.m2\repository\com\fasterxml\jackson\core\jackson-databind\2.18.3\jackson-databind-2.18.3.jar;C:\Users\PC\.m2\repository\com\fasterxml\jackson\core\jackson-core\2.18.3\jackson-core-2.18.3.jar;C:\Users\PC\.m2\repository\org\slf4j\jcl-over-slf4j\1.7.30\jcl-over-slf4j-1.7.30.jar;C:\Users\PC\.m2\repository\com\github\docker-java\docker-java-transport-httpclient5\3.5.0\docker-java-transport-httpclient5-3.5.0.jar;C:\Users\PC\.m2\repository\com\github\docker-java\docker-java-transport\3.5.0\docker-java-transport-3.5.0.jar;C:\Users\PC\.m2\repository\net\java\dev\jna\jna\5.17.0\jna-5.17.0.jar;C:\Users\PC\.m2\repository\org\brotli\dec\0.1.2\dec-0.1.2.jar;C:\Users\PC\.m2\repository\org\apache\commons\commons-lang3\3.17.0\commons-lang3-3.17.0.jar;C:\Users\PC\.m2\repository\org\apache\commons\commons-compress\1.27.1\commons-compress-1.27.1.jar;C:\Users\PC\.m2\repository\org\apache\httpcomponents\client5\httpclient5\5.4.3\httpclient5-5.4.3.jar;C:\Users\PC\.m2\repository\org\apache\httpcomponents\core5\httpcore5\5.3.4\httpcore5-5.3.4.jar;C:\Users\PC\.m2\repository\org\apache\httpcomponents\core5\httpcore5-h2\5.3.4\httpcore5-h2-5.3.4.jar;C:\Users\PC\.m2\repository\net\java\dev\jna\jna-platform\5.13.0\jna-platform-5.13.0.jar;C:\Users\PC\.m2\repository\org\seleniumhq\selenium\selenium-java\4.34.0\selenium-java-4.34.0.jar;C:\Users\PC\.m2\repository\org\seleniumhq\selenium\selenium-api\4.34.0\selenium-api-4.34.0.jar;C:\Users\PC\.m2\repository\org\jspecify\jspecify\1.0.0\jspecify-1.0.0.jar;C:\Users\PC\.m2\repository\org\seleniumhq\selenium\selenium-chrome-driver\4.34.0\selenium-chrome-driver-4.34.0.jar;C:\Users\PC\.m2\repository\com\google\auto\service\auto-service-annotations\1.1.1\auto-service-annotations-1.1.1.jar;C:\Users\PC\.m2\repository\org\seleniumhq\selenium\selenium-chromium-driver\4.34.0\selenium-chromium-driver-4.34.0.jar;C:\Users\PC\.m2\repository\org\seleniumhq\selenium\selenium-json\4.34.0\selenium-json-4.34.0.jar;C:\Users\PC\.m2\repository\org\seleniumhq\selenium\selenium-manager\4.34.0\selenium-manager-4.34.0.jar;C:\Users\PC\.m2\repository\org\seleniumhq\selenium\selenium-devtools-v136\4.34.0\selenium-devtools-v136-4.34.0.jar;C:\Users\PC\.m2\repository\org\seleniumhq\selenium\selenium-devtools-v137\4.34.0\selenium-devtools-v137-4.34.0.jar;C:\Users\PC\.m2\repository\org\seleniumhq\selenium\selenium-devtools-v138\4.34.0\selenium-devtools-v138-4.34.0.jar;C:\Users\PC\.m2\repository\org\seleniumhq\selenium\selenium-edge-driver\4.34.0\selenium-edge-driver-4.34.0.jar;C:\Users\PC\.m2\repository\org\seleniumhq\selenium\selenium-firefox-driver\4.34.0\selenium-firefox-driver-4.34.0.jar;C:\Users\PC\.m2\repository\org\seleniumhq\selenium\selenium-http\4.34.0\selenium-http-4.34.0.jar;C:\Users\PC\.m2\repository\org\seleniumhq\selenium\selenium-ie-driver\4.34.0\selenium-ie-driver-4.34.0.jar;C:\Users\PC\.m2\repository\org\seleniumhq\selenium\selenium-remote-driver\4.34.0\selenium-remote-driver-4.34.0.jar;C:\Users\PC\.m2\repository\com\google\guava\guava\33.4.8-jre\guava-33.4.8-jre.jar;C:\Users\PC\.m2\repository\com\google\guava\failureaccess\1.0.3\failureaccess-1.0.3.jar;C:\Users\PC\.m2\repository\com\google\guava\listenablefuture\9999.0-empty-to-avoid-conflict-with-guava\listenablefuture-9999.0-empty-to-avoid-conflict-with-guava.jar;C:\Users\PC\.m2\repository\com\google\j2objc\j2objc-annotations\3.0.0\j2objc-annotations-3.0.0.jar;C:\Users\PC\.m2\repository\io\opentelemetry\opentelemetry-api\1.51.0\opentelemetry-api-1.51.0.jar;C:\Users\PC\.m2\repository\io\opentelemetry\opentelemetry-context\1.51.0\opentelemetry-context-1.51.0.jar;C:\Users\PC\.m2\repository\io\opentelemetry\opentelemetry-exporter-logging\1.51.0\opentelemetry-exporter-logging-1.51.0.jar;C:\Users\PC\.m2\repository\io\opentelemetry\opentelemetry-sdk-common\1.51.0\opentelemetry-sdk-common-1.51.0.jar;C:\Users\PC\.m2\repository\io\opentelemetry\opentelemetry-sdk-extension-autoconfigure-spi\1.51.0\opentelemetry-sdk-extension-autoconfigure-spi-1.51.0.jar;C:\Users\PC\.m2\repository\io\opentelemetry\opentelemetry-sdk-extension-autoconfigure\1.51.0\opentelemetry-sdk-extension-autoconfigure-1.51.0.jar;C:\Users\PC\.m2\repository\io\opentelemetry\opentelemetry-sdk-trace\1.51.0\opentelemetry-sdk-trace-1.51.0.jar;C:\Users\PC\.m2\repository\io\opentelemetry\opentelemetry-sdk\1.51.0\opentelemetry-sdk-1.51.0.jar;C:\Users\PC\.m2\repository\io\opentelemetry\opentelemetry-sdk-metrics\1.51.0\opentelemetry-sdk-metrics-1.51.0.jar;C:\Users\PC\.m2\repository\io\opentelemetry\opentelemetry-sdk-logs\1.51.0\opentelemetry-sdk-logs-1.51.0.jar;C:\Users\PC\.m2\repository\net\bytebuddy\byte-buddy\1.17.6\byte-buddy-1.17.6.jar;C:\Users\PC\.m2\repository\org\seleniumhq\selenium\selenium-os\4.34.0\selenium-os-4.34.0.jar;C:\Users\PC\.m2\repository\org\apache\commons\commons-exec\1.5.0\commons-exec-1.5.0.jar;C:\Users\PC\.m2\repository\org\seleniumhq\selenium\selenium-safari-driver\4.34.0\selenium-safari-driver-4.34.0.jar;C:\Users\PC\.m2\repository\org\seleniumhq\selenium\selenium-support\4.34.0\selenium-support-4.34.0.jar;C:\Users\PC\.m2\repository\org\projectlombok\lombok\1.18.24\lombok-1.18.24.jar;C:\Users\PC\.m2\repository\org\testng\testng\7.10.2\testng-7.10.2.jar;C:\Users\PC\.m2\repository\com\beust\jcommander\1.82\jcommander-1.82.jar;C:\Users\PC\.m2\repository\org\webjars\jquery\3.7.1\jquery-3.7.1.jar;C:\Users\PC\.m2\repository\junit\junit\4.13.2\junit-4.13.2.jar;C:\Users\PC\.m2\repository\org\hamcrest\hamcrest-core\1.3\hamcrest-core-1.3.jar;C:\Users\PC\.m2\repository\org\apache\poi\poi\5.2.5\poi-5.2.5.jar;C:\Users\PC\.m2\repository\commons-codec\commons-codec\1.16.0\commons-codec-1.16.0.jar;C:\Users\PC\.m2\repository\org\apache\commons\commons-collections4\4.4\commons-collections4-4.4.jar;C:\Users\PC\.m2\repository\org\apache\commons\commons-math3\3.6.1\commons-math3-3.6.1.jar;C:\Users\PC\.m2\repository\commons-io\commons-io\2.15.0\commons-io-2.15.0.jar;C:\Users\PC\.m2\repository\com\zaxxer\SparseBitSet\1.3\SparseBitSet-1.3.jar;C:\Users\PC\.m2\repository\org\apache\logging\log4j\log4j-api\2.21.1\log4j-api-2.21.1.jar;C:\Users\PC\.m2\repository\org\apache\poi\poi-ooxml\5.2.5\poi-ooxml-5.2.5.jar;C:\Users\PC\.m2\repository\org\apache\poi\poi-ooxml-lite\5.2.5\poi-ooxml-lite-5.2.5.jar;C:\Users\PC\.m2\repository\org\apache\xmlbeans\xmlbeans\5.2.0\xmlbeans-5.2.0.jar;C:\Users\PC\.m2\repository\com\github\virtuald\curvesapi\1.08\curvesapi-1.08.jar;C:\Users\PC\.m2\repository\log4j\log4j\1.2.17\log4j-1.2.17.jar;C:\Users\PC\.m2\repository\org\slf4j\slf4j-api\2.0.17\slf4j-api-2.0.17.jar;C:\Users\PC\.m2\repository\com\aventstack\extentreports\5.0.9\extentreports-5.0.9.jar;C:\Users\PC\.m2\repository\io\reactivex\rxjava3\rxjava\3.0.4\rxjava-3.0.4.jar;C:\Users\PC\.m2\repository\org\reactivestreams\reactive-streams\1.0.3\reactive-streams-1.0.3.jar;C:\Users\PC\.m2\repository\org\freemarker\freemarker\2.3.30\freemarker-2.3.30.jar;C:\Users\PC\.m2\repository\org\apache\poi\poi-ooxml-full\5.2.5\poi-ooxml-full-5.2.5.jar
Launcher Type: SUN_STANDARD

[Global flags]
     intx CICompilerCount                          = 4                                         {product} {ergonomic}
     uint ConcGCThreads                            = 2                                         {product} {ergonomic}
     uint G1ConcRefinementThreads                  = 8                                         {product} {ergonomic}
   size_t G1HeapRegionSize                         = 1048576                                   {product} {ergonomic}
    uintx GCDrainStackTargetSize                   = 64                                        {product} {ergonomic}
   size_t InitialHeapSize                          = 134217728                                 {product} {ergonomic}
   size_t MarkStackSize                            = 4194304                                   {product} {ergonomic}
   size_t MaxHeapSize                              = 2122317824                                {product} {ergonomic}
   size_t MaxNewSize                               = 1272971264                                {product} {ergonomic}
   size_t MinHeapDeltaBytes                        = 1048576                                   {product} {ergonomic}
   size_t MinHeapSize                              = 8388608                                   {product} {ergonomic}
    uintx NonNMethodCodeHeapSize                   = 5839372                                {pd product} {ergonomic}
    uintx NonProfiledCodeHeapSize                  = 122909434                              {pd product} {ergonomic}
    uintx ProfiledCodeHeapSize                     = 122909434                              {pd product} {ergonomic}
    uintx ReservedCodeCacheSize                    = 251658240                              {pd product} {ergonomic}
     bool SegmentedCodeCache                       = true                                      {product} {ergonomic}
     bool ShowCodeDetailsInExceptionMessages       = true                                   {manageable} {command line}
   size_t SoftMaxHeapSize                          = 2122317824                             {manageable} {ergonomic}
     bool UseCompressedOops                        = true                           {product lp64_product} {ergonomic}
     bool UseG1GC                                  = true                                      {product} {ergonomic}
     bool UseLargePagesIndividualAllocation        = false                                  {pd product} {ergonomic}

Logging:
Log output configuration:
 #0: stdout all=warning uptime,level,tags foldmultilines=false
 #1: stderr all=off uptime,level,tags foldmultilines=false

Environment Variables:
JAVA_HOME=C:\Program Files\Java\jdk-21\bin
PATH=C:/Users/PC/.p2/pool/plugins/org.eclipse.justj.openjdk.hotspot.jre.full.win32.x86_64_21.0.8.v20250724-1412/jre/bin/server;C:/Users/PC/.p2/pool/plugins/org.eclipse.justj.openjdk.hotspot.jre.full.win32.x86_64_21.0.8.v20250724-1412/jre/bin;C:\Program Files (x86)\Common Files\Oracle\Java\javapath;C:\WINDOWS\system32;C:\WINDOWS;C:\WINDOWS\System32\Wbem;C:\WINDOWS\System32\WindowsPowerShell\v1.0\;C:\WINDOWS\System32\OpenSSH\;C:\Program Files\dotnet\;C:\Program Files (x86)\Intel\Intel(R) Management Engine Components\DAL;C:\Program Files\Intel\Intel(R) Management Engine Components\DAL;C:\Program Files\Intel\WiFi\bin\;C:\Program Files\Common Files\Intel\WirelessCommon\;C:\Program Files\Microsoft SQL Server\150\Tools\Binn\;C:\Program Files\Java\jdk-21\bin;C:\Program Files\Git\cmd;C:\Users\PC\Downloads\apache-maven-3.9.11-bin\apache-maven-3.9.11\bin;C:\Program Files\Nodejs;C:\Program Files (x86)\VMware\VMware Player\bin\;C:\Windows\system32;C:\Windows;C:\Windows\System32\Wbem;C:\Windows\System32\WindowsPowerShell\v1.0\;C:\Windows\System32\OpenSSH\;C:\Program Files\dotnet\;C:\Program Files (x86)\Intel\Intel(R) Management Engine Components\DAL;C:\Program Files\Intel\Intel(R) Management Engine Components\DAL;C:\Program Files\nodejs\;C:\Users\PC\AppData\Local\Programs\Python\Python311\Scripts\;C:\Users\PC\AppData\Local\Programs\Python\Python311\;C:\Users\PC\AppData\Local\Microsoft\WindowsApps;C:\Users\PC\AppData\Local\Programs\Microsoft VS Code\bin;C:\Program Files\nodejs;C:\MinGW\bin;C:\Users\PC\.dotnet\tools;C:\Users\PC\AppData\Local\Microsoft\WindowsApps;;C:\WINDOWS\system32;
USERNAME=PC
OS=Windows_NT
PROCESSOR_IDENTIFIER=Intel64 Family 6 Model 142 Stepping 10, GenuineIntel
TMP=C:\Users\PC\AppData\Local\Temp
TEMP=C:\Users\PC\AppData\Local\Temp




Periodic native trim disabled

---------------  S Y S T E M  ---------------

OS:
 Windows 10 , 64 bit Build 19041 (10.0.19041.5915)
OS uptime: 0 days 0:26 hours
Hyper-V role detected

CPU: total 8 (initial active 8) (4 cores per cpu, 2 threads per core) family 6 model 142 stepping 10 microcode 0xf0, cx8, cmov, fxsr, ht, mmx, 3dnowpref, sse, sse2, sse3, ssse3, sse4.1, sse4.2, popcnt, lzcnt, tsc, tscinvbit, avx, avx2, aes, erms, clmul, bmi1, bmi2, adx, fma, vzeroupper, clflush, clflushopt, hv, rdtscp, f16c
Processor Information for the first 8 processors :
  Max Mhz: 1992, Current Mhz: 1792, Mhz Limit: 1792

Memory: 4k page, system-wide physical 8089M (637M free)
TotalPageFile size 10137M (AvailPageFile size 5M)
current process WorkingSet (physical memory assigned to process): 126M, peak: 152M
current process commit charge ("private bytes"): 248M, peak: 275M

vm_info: OpenJDK 64-Bit Server VM (21.0.8+9-LTS) for windows-amd64 JRE (21.0.8+9-LTS), built on 2025-07-15T00:00:00Z by "admin" with MS VC++ 17.7 (VS2022)

END.
