#
# There is insufficient memory for the Java Runtime Environment to continue.
# Native memory allocation (mmap) failed to map 65536 bytes. Error detail: Failed to commit metaspace.
# Possible reasons:
#   The system is out of physical RAM or swap space
#   This process is running with CompressedOops enabled, and the Java Heap may be blocking the growth of the native heap
# Possible solutions:
#   Reduce memory load on the system
#   Increase physical memory or swap space
#   Check if swap backing store is full
#   Decrease Java heap size (-Xmx/-Xms)
#   Decrease number of Java threads
#   Decrease Java thread stack sizes (-Xss)
#   Set larger code cache with -XX:ReservedCodeCacheSize=
#   JVM is running with Unscaled Compressed Oops mode in which the Java heap is
#     placed in the first 4GB address space. The Java Heap base address is the
#     maximum limit for the native heap growth. Please use -XX:HeapBaseMinAddress
#     to set the Java Heap base and to place the Java Heap above 4GB virtual address.
# This output file may be truncated or incomplete.
#
#  Out of Memory Error (virtualSpaceNode.cpp:113), pid=3864, tid=13584
#
# JRE version: OpenJDK Runtime Environment Temurin-21.0.8+9 (21.0.8+9) (build 21.0.8+9-LTS)
# Java VM: OpenJDK 64-Bit Server VM Temurin-21.0.8+9 (21.0.8+9-LTS, mixed mode, sharing, tiered, compressed oops, compressed class ptrs, g1 gc, windows-amd64)
# No core dump will be written. Minidumps are not enabled by default on client versions of Windows
#

---------------  S U M M A R Y ------------

Command Line: -ea -Dfile.encoding=UTF-8 -Dstdout.encoding=UTF-8 -Dstderr.encoding=UTF-8 -XX:+ShowCodeDetailsInExceptionMessages --add-opens=jdk.compiler/com.sun.tools.javac.processing=ALL-UNNAMED --add-opens=jdk.compiler/com.sun.tools.javac.api=ALL-UNNAMED org.testng.remote.RemoteTestNG -serport 50177 -protocol json -d C:\Users\PC\git\repository\newproject\test-output C:\Users\PC\git\repository\newproject\seleniumgridparallel.xml

Host: Intel(R) Core(TM) i7-8550U CPU @ 1.80GHz, 8 cores, 7G,  Windows 10 , 64 bit Build 19041 (10.0.19041.5915)
Time: Fri Oct  3 07:50:08 2025 India Standard Time elapsed time: 7.703939 seconds (0d 0h 0m 7s)

---------------  T H R E A D  ---------------

Current thread (0x000002d8f7904a60):  JavaThread "TestNG-test-Test123parallel-1"        [_thread_in_vm, id=13584, stack(0x000000e1d4300000,0x000000e1d4400000) (1024K)]

Stack: [0x000000e1d4300000,0x000000e1d4400000]
Native frames: (J=compiled Java code, j=interpreted, Vv=VM code, C=native code)
V  [jvm.dll+0x6d2449]
V  [jvm.dll+0x8ae341]
V  [jvm.dll+0x8b08be]
V  [jvm.dll+0x8b0fa3]
V  [jvm.dll+0x280c96]
V  [jvm.dll+0x8aa07e]
V  [jvm.dll+0x6745b5]
V  [jvm.dll+0x1e5b2c]
V  [jvm.dll+0x1e58fe]
V  [jvm.dll+0x676eb2]
V  [jvm.dll+0x676cd2]
V  [jvm.dll+0x674f8e]
V  [jvm.dll+0x26a9af]
V  [jvm.dll+0x67f1f5]
V  [jvm.dll+0x21695d]
V  [jvm.dll+0x216eda]
V  [jvm.dll+0x217905]
V  [jvm.dll+0x20cece]
V  [jvm.dll+0x5b19dc]
V  [jvm.dll+0x827606]
V  [jvm.dll+0x4741b6]
V  [jvm.dll+0x47a088]
C  [java.dll+0x17ec]

Java frames: (J=compiled Java code, j=interpreted, Vv=VM code)
J 650  java.lang.ClassLoader.defineClass1(Ljava/lang/ClassLoader;Ljava/lang/String;[BIILjava/security/ProtectionDomain;Ljava/lang/String;)Ljava/lang/Class; java.base@21.0.8 (0 bytes) @ 0x000002d8a4d99711 [0x000002d8a4d99640+0x00000000000000d1]
J 1045 c1 java.lang.ClassLoader.defineClass(Ljava/lang/String;[BIILjava/security/ProtectionDomain;)Ljava/lang/Class; java.base@21.0.8 (43 bytes) @ 0x000002d89d449374 [0x000002d89d449020+0x0000000000000354]
J 1055 c1 java.security.SecureClassLoader.defineClass(Ljava/lang/String;[BIILjava/security/CodeSource;)Ljava/lang/Class; java.base@21.0.8 (16 bytes) @ 0x000002d89d450c9c [0x000002d89d450bc0+0x00000000000000dc]
J 1326 c1 jdk.internal.loader.BuiltinClassLoader.defineClass(Ljava/lang/String;Ljdk/internal/loader/Resource;)Ljava/lang/Class; java.base@21.0.8 (121 bytes) @ 0x000002d89d4c701c [0x000002d89d4c60c0+0x0000000000000f5c]
J 1004 c1 jdk.internal.loader.BuiltinClassLoader.findClassOnClassPathOrNull(Ljava/lang/String;)Ljava/lang/Class; java.base@21.0.8 (64 bytes) @ 0x000002d89d434774 [0x000002d89d433aa0+0x0000000000000cd4]
J 612 c1 jdk.internal.loader.BuiltinClassLoader.loadClassOrNull(Ljava/lang/String;Z)Ljava/lang/Class; java.base@21.0.8 (143 bytes) @ 0x000002d89d37ad7c [0x000002d89d37a360+0x0000000000000a1c]
J 1003 c1 jdk.internal.loader.ClassLoaders$AppClassLoader.loadClass(Ljava/lang/String;Z)Ljava/lang/Class; java.base@21.0.8 (40 bytes) @ 0x000002d89d433344 [0x000002d89d433160+0x00000000000001e4]
J 1000 c1 java.lang.ClassLoader.loadClass(Ljava/lang/String;)Ljava/lang/Class; java.base@21.0.8 (7 bytes) @ 0x000002d89d432354 [0x000002d89d432240+0x0000000000000114]
v  ~StubRoutines::call_stub 0x000002d8a47c100d
j  org.apache.poi.openxml4j.opc.OPCPackage.open(Ljava/io/InputStream;Z)Lorg/apache/poi/openxml4j/opc/OPCPackage;+0
j  org.apache.poi.ooxml.util.PackageHelper.open(Ljava/io/InputStream;Z)Lorg/apache/poi/openxml4j/opc/OPCPackage;+2
j  org.apache.poi.xssf.usermodel.XSSFWorkbook.<init>(Ljava/io/InputStream;Z)V+3
j  org.apache.poi.xssf.usermodel.XSSFWorkbook.<init>(Ljava/io/InputStream;)V+3
j  com.utility.ReadExcelFile.getrowcount(Ljava/lang/String;Ljava/lang/String;)I+18
j  com.testcases.LoginTestCase.logindataprovider()[[Ljava/lang/Object;+8
j  java.lang.invoke.DirectMethodHandle$Holder.invokeVirtual(Ljava/lang/Object;Ljava/lang/Object;)Ljava/lang/Object;+10 java.base@21.0.8
J 3033 c1 java.lang.invoke.LambdaForm$MH+0x000002d8b3008800.invoke(Ljava/lang/Object;Ljava/lang/Object;)Ljava/lang/Object; java.base@21.0.8 (35 bytes) @ 0x000002d89d814aec [0x000002d89d814580+0x000000000000056c]
j  java.lang.invoke.Invokers$Holder.invokeExact_MT(Ljava/lang/Object;Ljava/lang/Object;Ljava/lang/Object;)Ljava/lang/Object;+19 java.base@21.0.8
j  jdk.internal.reflect.DirectMethodHandleAccessor.invokeImpl(Ljava/lang/Object;[Ljava/lang/Object;)Ljava/lang/Object;+41 java.base@21.0.8
j  jdk.internal.reflect.DirectMethodHandleAccessor.invoke(Ljava/lang/Object;[Ljava/lang/Object;)Ljava/lang/Object;+23 java.base@21.0.8
j  java.lang.reflect.Method.invoke(Ljava/lang/Object;[Ljava/lang/Object;)Ljava/lang/Object;+102 java.base@21.0.8
j  org.testng.internal.invokers.MethodInvocationHelper.invokeMethod(Ljava/lang/reflect/Method;Ljava/lang/Object;[Ljava/lang/Object;)Ljava/lang/Object;+198
j  org.testng.internal.invokers.MethodInvocationHelper.invokeMethod(Ljava/lang/reflect/Method;Ljava/lang/Object;Ljava/util/List;)Ljava/lang/Object;+12
j  org.testng.internal.invokers.MethodInvocationHelper.invokeMethodNoCheckedException(Ljava/lang/reflect/Method;Ljava/lang/Object;Ljava/util/List;)Ljava/lang/Object;+3
j  org.testng.internal.invokers.MethodInvocationHelper.invokeDataProvider(Ljava/lang/Object;Ljava/lang/reflect/Method;Lorg/testng/ITestNGMethod;Lorg/testng/ITestContext;Ljava/lang/Object;Lorg/testng/internal/annotations/IAnnotationFinder;)Ljava/util/Iterator;+16
j  org.testng.internal.Parameters.handleParameters(Lorg/testng/ITestObjectFactory;Lorg/testng/ITestNGMethod;Ljava/util/Map;Ljava/lang/Object;Lorg/testng/internal/Parameters$MethodParameters;Lorg/testng/xml/XmlSuite;Lorg/testng/internal/annotations/IAnnotationFinder;Ljava/lang/Object;Lorg/testng/DataProviderHolder;Ljava/lang/String;)Lorg/testng/internal/invokers/ParameterHolder;+264
j  org.testng.internal.Parameters.handleParameters(Lorg/testng/ITestObjectFactory;Lorg/testng/ITestNGMethod;Ljava/util/Map;Ljava/lang/Object;Lorg/testng/internal/Parameters$MethodParameters;Lorg/testng/xml/XmlSuite;Lorg/testng/internal/annotations/IAnnotationFinder;Ljava/lang/Object;Lorg/testng/DataProviderHolder;)Lorg/testng/internal/invokers/ParameterHolder;+17
j  org.testng.internal.invokers.ParameterHandler.handleParameters(Lorg/testng/ITestNGMethod;Ljava/lang/Object;Ljava/util/Map;Ljava/util/Map;Lorg/testng/ITestContext;Ljava/lang/Object;)Lorg/testng/internal/invokers/ParameterHandler$ParameterBag;+43
j  org.testng.internal.invokers.ParameterHandler.createParameters(Lorg/testng/ITestNGMethod;Ljava/util/Map;Ljava/util/Map;Lorg/testng/ITestContext;Ljava/lang/Object;)Lorg/testng/internal/invokers/ParameterHandler$ParameterBag;+14
j  org.testng.internal.invokers.TestInvoker$MethodInvocationAgent.invoke(I)I+98
j  org.testng.internal.invokers.TestInvoker.invokeTestMethods(Lorg/testng/ITestNGMethod;Lorg/testng/internal/ConfigurationGroupMethods;Ljava/lang/Object;Lorg/testng/ITestContext;)Ljava/util/List;+571
j  org.testng.internal.invokers.TestMethodWorker.invokeTestMethods(Lorg/testng/ITestNGMethod;Ljava/lang/Object;)V+14
j  org.testng.internal.invokers.TestMethodWorker.run()V+162
j  java.util.concurrent.Executors$RunnableAdapter.call()Ljava/lang/Object;+4 java.base@21.0.8
j  java.util.concurrent.FutureTask.run()V+39 java.base@21.0.8
j  org.testng.internal.thread.graph.TestNGFutureTask.run()V+1
j  java.util.concurrent.ThreadPoolExecutor.runWorker(Ljava/util/concurrent/ThreadPoolExecutor$Worker;)V+92 java.base@21.0.8
j  java.util.concurrent.ThreadPoolExecutor$Worker.run()V+5 java.base@21.0.8
j  java.lang.Thread.runWith(Ljava/lang/Object;Ljava/lang/Runnable;)V+5 java.base@21.0.8
j  java.lang.Thread.run()V+19 java.base@21.0.8
v  ~StubRoutines::call_stub 0x000002d8a47c100d

Compiled method (n/a) 7732  650     n 0       java.lang.ClassLoader::defineClass1 (native)
 total in heap  [0x000002d8a4d99490,0x000002d8a4d99af0] = 1632
 relocation     [0x000002d8a4d995f0,0x000002d8a4d99628] = 56
 main code      [0x000002d8a4d99640,0x000002d8a4d99aef] = 1199
 stub code      [0x000002d8a4d99aef,0x000002d8a4d99af0] = 1

[Constant Pool (empty)]

[MachCode]
[Entry Point]
  # {method} {0x000002d8b2436e28} 'defineClass1' '(Ljava/lang/ClassLoader;Ljava/lang/String;[BIILjava/security/ProtectionDomain;Ljava/lang/String;)Ljava/lang/Class;' in 'java/lang/ClassLoader'
  # parm0:    rdx:rdx   = 'java/lang/ClassLoader'
  # parm1:    r8:r8     = 'java/lang/String'
  # parm2:    r9:r9     = '[B'
  # parm3:    rdi       = int
  # parm4:    rsi       = int
  # parm5:    rcx:rcx   = 'java/security/ProtectionDomain'
  # parm6:    [sp+0xa0]   = 'java/lang/String'  (sp of caller)
  0x000002d8a4d99640: 448b 5208 | 49bb 0000 | 00b2 d802 | 0000 4d03 | d349 3bc2 | 0f84 0600 

  0x000002d8a4d99658: ;   {runtime_call ic_miss_stub}
  0x000002d8a4d99658: 0000 e921 | 51a7 ff90 
[Verified Entry Point]
  0x000002d8a4d99660: 8984 2400 | 80ff ff55 | 488b ec48 | 81ec 9000 | 0000 6690 | 4181 7f20 | 0300 0000 

  0x000002d8a4d9967c: ;   {runtime_call StubRoutines (final stubs)}
  0x000002d8a4d9967c: 7405 e8dd | b6a5 ff48 | 837d 1000 | 488d 4510 | 480f 4445 | 1048 8944 | 2440 4889 | 4c24 7048 
  0x000002d8a4d9969c: 83f9 0048 | 8d44 2470 | 480f 4444 | 2470 4889 | 4424 3848 | 8974 2430 | 4889 7c24 | 284c 894c 
  0x000002d8a4d996bc: 2458 4983 | f900 488d | 4424 5848 | 0f44 4424 | 5848 8944 | 2420 4c89 | 4424 5049 | 83f8 004c 
  0x000002d8a4d996dc: 8d4c 2450 | 4c0f 444c | 2450 4889 | 5424 4848 | 83fa 004c | 8d44 2448 | 4c0f 4444 

  0x000002d8a4d996f8: ;   {oop(a 'java/lang/Class'{0x0000000081ea4e50} = 'java/lang/ClassLoader')}
  0x000002d8a4d996f8: 2448 49be | 504e ea81 | 0000 0000 | 4c89 7424 | 784c 8d74 | 2478 498b | d6c5 f877 

  0x000002d8a4d99714: ;   {internal_word}
  0x000002d8a4d99714: 49ba 1197 | d9a4 d802 | 0000 4d89 | 97a0 0300 | 0049 89a7 | 9803 0000 

  0x000002d8a4d9972c: ;   {external_word}
  0x000002d8a4d9972c: 49ba 56cc | 1e8e fa7f | 0000 4180 | 3a00 0f84 | 4e00 0000 | 5241 5041 

  0x000002d8a4d99744: ;   {metadata({method} {0x000002d8b2436e28} 'defineClass1' '(Ljava/lang/ClassLoader;Ljava/lang/String;[BIILjava/security/ProtectionDomain;Ljava/lang/String;)Ljava/lang/Class;' in 'java/lang/ClassLoader')}
  0x000002d8a4d99744: 5148 ba20 | 6e43 b2d8 | 0200 0049 | 8bcf 4883 | ec20 40f6 | c40f 0f84 | 1900 0000 | 4883 ec08 
  0x000002d8a4d99764: ;   {runtime_call}
  0x000002d8a4d99764: 48b8 908d | c88d fa7f | 0000 ffd0 | 4883 c408 | e90c 0000 

  0x000002d8a4d99778: ;   {runtime_call}
  0x000002d8a4d99778: 0048 b890 | 8dc8 8dfa | 7f00 00ff | d048 83c4 | 2041 5941 | 585a 498d | 8fb8 0300 | 0041 c787 
  0x000002d8a4d99798: 4404 0000 | 0400 0000 

  0x000002d8a4d997a0: ;   {runtime_call}
  0x000002d8a4d997a0: 48b8 ac16 | 768e fa7f | 0000 ffd0 | c5f8 7741 | c787 4404 | 0000 0500 | 0000 f083 | 4424 c000 
  0x000002d8a4d997c0: 493b af48 | 0400 000f | 870e 0000 | 0041 83bf | 4004 0000 | 000f 842b | 0000 00c5 | f877 4889 
  0x000002d8a4d997e0: 45f8 498b | cf4c 8be4 | 4883 ec20 | 4883 e4f0 

  0x000002d8a4d997f0: ;   {runtime_call}
  0x000002d8a4d997f0: 48b8 20fa | 938d fa7f | 0000 ffd0 | 498b e44d | 33e4 488b | 45f8 41c7 | 8744 0400 | 0008 0000 
  0x000002d8a4d99810: 0041 83bf | c004 0000 | 020f 84a3 

  0x000002d8a4d9981c: ;   {external_word}
  0x000002d8a4d9981c: 0200 0049 | ba56 cc1e | 8efa 7f00 | 0041 803a | 000f 844c | 0000 0048 

  0x000002d8a4d99834: ;   {metadata({method} {0x000002d8b2436e28} 'defineClass1' '(Ljava/lang/ClassLoader;Ljava/lang/String;[BIILjava/security/ProtectionDomain;Ljava/lang/String;)Ljava/lang/Class;' in 'java/lang/ClassLoader')}
  0x000002d8a4d99834: 8945 f848 | ba20 6e43 | b2d8 0200 | 0049 8bcf | 4883 ec20 | 40f6 c40f | 0f84 1900 | 0000 4883 
  0x000002d8a4d99854: ;   {runtime_call}
  0x000002d8a4d99854: ec08 48b8 | 908d c88d | fa7f 0000 | ffd0 4883 | c408 e90c 

  0x000002d8a4d99868: ;   {runtime_call}
  0x000002d8a4d99868: 0000 0048 | b890 8dc8 | 8dfa 7f00 | 00ff d048 | 83c4 2048 | 8b45 f849 | c787 9803 | 0000 0000 
  0x000002d8a4d99888: 0000 49c7 | 87a0 0300 | 0000 0000 | 00c5 f877 | 4885 c00f | 84fe 0100 | 00a8 030f | 8508 0000 
  0x000002d8a4d998a8: 0048 8b00 | e9ee 0100 | 00a8 010f | 8509 0000 | 0048 8b40 | fee9 dd01 | 0000 488b | 40ff 4180 
  0x000002d8a4d998c8: 7f40 000f | 84ce 0100 | 0048 83f8 | 000f 84c4 | 0100 0049 | 8b4f 2848 | 83f9 000f | 8414 0000 
  0x000002d8a4d998e8: 0048 83e9 | 0849 894f | 2849 034f | 3848 8901 | e9a2 0100 | 0048 81ec | d000 0000 | 4889 0424 
  0x000002d8a4d99908: 4889 4c24 | 0848 8954 | 2410 4889 | 7424 1848 | 897c 2420 | 4c89 4424 | 284c 894c | 2430 4c89 
  0x000002d8a4d99928: 5424 384c | 895c 2440 | c5fb 1144 | 2450 c5fb | 114c 2458 | c5fb 1154 | 2460 c5fb | 115c 2468 
  0x000002d8a4d99948: c5fb 1164 | 2470 c5fb | 116c 2478 | c5fb 11b4 | 2480 0000 | 00c5 fb11 | bc24 8800 | 0000 c57b 
  0x000002d8a4d99968: ;   {no_reloc}
  0x000002d8a4d99968: 1184 2490 | 0000 00c5 | 7b11 8c24 | 9800 0000 | c57b 1194 | 24a0 0000 | 00c5 7b11 | 9c24 a800 
  0x000002d8a4d99988: 0000 c57b | 11a4 24b0 | 0000 00c5 | 7b11 ac24 | b800 0000 | c57b 11b4 | 24c0 0000 | 00c5 7b11 
  0x000002d8a4d999a8: bc24 c800 | 0000 498b | d748 8bc8 | 4883 ec20 | 40f6 c40f | 0f84 1900 | 0000 4883 

  0x000002d8a4d999c4: ;   {runtime_call}
  0x000002d8a4d999c4: ec08 48b8 | c03c 878d | fa7f 0000 | ffd0 4883 | c408 e90c 

  0x000002d8a4d999d8: ;   {runtime_call}
  0x000002d8a4d999d8: 0000 0048 | b8c0 3c87 | 8dfa 7f00 | 00ff d048 | 83c4 20c5 | 7b10 bc24 | c800 0000 | c57b 10b4 
  0x000002d8a4d999f8: 24c0 0000 | 00c5 7b10 | ac24 b800 | 0000 c57b | 10a4 24b0 | 0000 00c5 | 7b10 9c24 | a800 0000 
  0x000002d8a4d99a18: c57b 1094 | 24a0 0000 | 00c5 7b10 | 8c24 9800 | 0000 c57b | 1084 2490 | 0000 00c5 | fb10 bc24 
  0x000002d8a4d99a38: 8800 0000 | c5fb 10b4 | 2480 0000 | 00c5 fb10 | 6c24 78c5 | fb10 6424 | 70c5 fb10 | 5c24 68c5 
  0x000002d8a4d99a58: fb10 5424 | 60c5 fb10 | 4c24 58c5 | fb10 4424 | 504c 8b5c | 2440 4c8b | 5424 384c | 8b4c 2430 
  0x000002d8a4d99a78: 4c8b 4424 | 2848 8b7c | 2420 488b | 7424 1848 | 8b54 2410 | 488b 4c24 | 0848 8b04 | 2448 81c4 
  0x000002d8a4d99a98: d000 0000 | c5f8 7749 | 8b8f 2804 | 0000 c781 | 0001 0000 | 0000 0000 | c949 837f | 0800 0f85 
  0x000002d8a4d99ab8: 0100 0000 

  0x000002d8a4d99abc: ;   {runtime_call StubRoutines (initial stubs)}
  0x000002d8a4d99abc: c3e9 3e74 | a2ff c5f8 | 7748 8945 | f84c 8be4 | 4883 ec20 | 4883 e4f0 

  0x000002d8a4d99ad4: ;   {runtime_call}
  0x000002d8a4d99ad4: 48b8 30c5 | c88d fa7f | 0000 ffd0 | 498b e44d | 33e4 488b | 45f8 e930 | fdff fff4 
[/MachCode]


Compiled method (c1) 7743 1045       3       java.lang.ClassLoader::defineClass (43 bytes)
 total in heap  [0x000002d89d448e10,0x000002d89d449760] = 2384
 relocation     [0x000002d89d448f70,0x000002d89d449010] = 160
 main code      [0x000002d89d449020,0x000002d89d4494b8] = 1176
 stub code      [0x000002d89d4494b8,0x000002d89d449530] = 120
 metadata       [0x000002d89d449530,0x000002d89d449560] = 48
 scopes data    [0x000002d89d449560,0x000002d89d449650] = 240
 scopes pcs     [0x000002d89d449650,0x000002d89d449730] = 224
 dependencies   [0x000002d89d449730,0x000002d89d449738] = 8
 nul chk table  [0x000002d89d449738,0x000002d89d449760] = 40

[Constant Pool (empty)]

[MachCode]
[Entry Point]
  # {method} {0x000002d8b24371a8} 'defineClass' '(Ljava/lang/String;[BIILjava/security/ProtectionDomain;)Ljava/lang/Class;' in 'java/lang/ClassLoader'
  # this:     rdx:rdx   = 'java/lang/ClassLoader'
  # parm0:    r8:r8     = 'java/lang/String'
  # parm1:    r9:r9     = '[B'
  # parm2:    rdi       = int
  # parm3:    rsi       = int
  # parm4:    rcx:rcx   = 'java/security/ProtectionDomain'
  #           [sp+0xc0]  (sp of caller)
  0x000002d89d449020: 448b 5208 | 49bb 0000 | 00b2 d802 | 0000 4d03 | d34c 3bd0 

  0x000002d89d449034: ;   {runtime_call ic_miss_stub}
  0x000002d89d449034: 0f85 4657 | 3c07 660f | 1f44 0000 
[Verified Entry Point]
  0x000002d89d449040: 8984 2400 | 80ff ff55 | 4881 ecb0 | 0000 0090 | 4181 7f20 | 0300 0000 

  0x000002d89d449058: ;   {runtime_call StubRoutines (final stubs)}
  0x000002d89d449058: 7405 e801 | bd3a 0748 | 8954 2478 

  0x000002d89d449064: ;   {metadata(method data for {method} {0x000002d8b24371a8} 'defineClass' '(Ljava/lang/String;[BIILjava/security/ProtectionDomain;)Ljava/lang/Class;' in 'java/lang/ClassLoader')}
  0x000002d89d449064: 48bb 20d5 | 36f3 d802 | 0000 8b83 | cc00 0000 | 83c0 0289 | 83cc 0000 | 0025 fe07 | 0000 85c0 
  0x000002d89d449084: 0f84 5003 | 0000 89b4 | 2494 0000 | 0089 bc24 | 9000 0000 | 4c89 8c24 | 8800 0000 

  0x000002d89d4490a0: ;   {metadata(method data for {method} {0x000002d8b24371a8} 'defineClass' '(Ljava/lang/String;[BIILjava/security/ProtectionDomain;)Ljava/lang/Class;' in 'java/lang/ClassLoader')}
  0x000002d89d4490a0: 488b da48 | b820 d536 | f3d8 0200 | 0048 8380 | 1001 0000 | 0149 8bd8 | 4c8b c34c | 8bc9 488b 
  0x000002d89d4490c0: ca48 8bd1 | 4889 9c24 | 8000 0000 

  0x000002d89d4490cc: ;   {optimized virtual_call}
  0x000002d89d4490cc: 6666 90e8 

  0x000002d89d4490d0: ; ImmutableOopMap {[120]=Oop [128]=Oop [136]=Oop }
                      ;*invokevirtual preDefineClass {reexecute=0 rethrow=0 return_oop=0}
                      ; - java.lang.ClassLoader::defineClass@4 (line 1025)
  0x000002d89d4490d0: 4cf5 0d00 

  0x000002d89d4490d4: ;   {other}
  0x000002d89d4490d4: 0f1f 8400 | c402 0000 | 4889 8424 | 9800 0000 | 488b 5424 

  0x000002d89d4490e8: ;   {metadata(method data for {method} {0x000002d8b24371a8} 'defineClass' '(Ljava/lang/String;[BIILjava/security/ProtectionDomain;)Ljava/lang/Class;' in 'java/lang/ClassLoader')}
  0x000002d89d4490e8: 7849 b820 | d536 f3d8 | 0200 0049 | 8380 4801 

  0x000002d89d4490f8: ;   {metadata(method data for {method} {0x000002d8b2436e90} 'defineClassSourceLocation' '(Ljava/security/ProtectionDomain;)Ljava/lang/String;' in 'java/lang/ClassLoader')}
  0x000002d89d4490f8: 0000 0149 | b838 dc36 | f3d8 0200 | 0041 8b90 | cc00 0000 | 83c2 0241 | 8990 cc00 | 0000 81e2 
  0x000002d89d449118: feff 1f00 | 85d2 0f84 | d702 0000 

  0x000002d89d449124: ; implicit exception: dispatches to 0x000002d89d44941c
  0x000002d89d449124: 483b 004c 

  0x000002d89d449128: ;   {metadata(method data for {method} {0x000002d8b2436e90} 'defineClassSourceLocation' '(Ljava/security/ProtectionDomain;)Ljava/lang/String;' in 'java/lang/ClassLoader')}
  0x000002d89d449128: 8bc0 48ba | 38dc 36f3 | d802 0000 | 4883 8210 | 0100 0001 | 448b 4010 

  0x000002d89d449140: ;   {metadata(method data for {method} {0x000002d8b2436e90} 'defineClassSourceLocation' '(Ljava/security/ProtectionDomain;)Ljava/lang/String;' in 'java/lang/ClassLoader')}
  0x000002d89d449140: 4d85 c048 | ba38 dc36 | f3d8 0200 | 0048 c7c6 | 5801 0000 | 7507 48c7 | c648 0100 | 0048 8b3c 
  0x000002d89d449160: 3248 8d7f | 0148 893c | 320f 850f 

  0x000002d89d44916c: ;   {oop(nullptr)}
  0x000002d89d44916c: 0000 0048 | bb00 0000 | 0000 0000 | 00e9 a101 | 0000 493b | 0049 8bd0 

  0x000002d89d449184: ;   {metadata(method data for {method} {0x000002d8b2436e90} 'defineClassSourceLocation' '(Ljava/security/ProtectionDomain;)Ljava/lang/String;' in 'java/lang/ClassLoader')}
  0x000002d89d449184: 48be 38dc | 36f3 d802 | 0000 4883 | 8668 0100 | 0001 418b | 500c 4885 

  0x000002d89d44919c: ;   {metadata(method data for {method} {0x000002d8b2436e90} 'defineClassSourceLocation' '(Ljava/security/ProtectionDomain;)Ljava/lang/String;' in 'java/lang/ClassLoader')}
  0x000002d89d44919c: d248 be38 | dc36 f3d8 | 0200 0048 | c7c7 b001 | 0000 7507 | 48c7 c7a0 | 0100 0048 | 8b1c 3e48 
  0x000002d89d4491bc: 8d5b 0148 | 891c 3e0f | 850f 0000 

  0x000002d89d4491c8: ;   {oop(nullptr)}
  0x000002d89d4491c8: 0048 bb00 | 0000 0000 | 0000 00e9 | 4701 0000 

  0x000002d89d4491d8: ;   {metadata(method data for {method} {0x000002d8b2436e90} 'defineClassSourceLocation' '(Ljava/security/ProtectionDomain;)Ljava/lang/String;' in 'java/lang/ClassLoader')}
  0x000002d89d4491d8: 48be 38dc | 36f3 d802 | 0000 4883 | 86c0 0100 | 0001 483b | 024c 8bc2 

  0x000002d89d4491f0: ;   {metadata(method data for {method} {0x000002d8b2436e90} 'defineClassSourceLocation' '(Ljava/security/ProtectionDomain;)Ljava/lang/String;' in 'java/lang/ClassLoader')}
  0x000002d89d4491f0: 48be 38dc | 36f3 d802 | 0000 4883 | 86f8 0100 

  0x000002d89d449200: ;   {metadata(method data for {method} {0x000002d8b201ade8} 'toString' '()Ljava/lang/String;' in 'java/net/URL')}
  0x000002d89d449200: 0001 49b8 | 105a 13f3 | d802 0000 | 418b b0cc | 0000 0083 | c602 4189 | b0cc 0000 | 0081 e6fe 
  0x000002d89d449220: ff1f 0085 | f60f 8400 | 0200 004c 

  0x000002d89d44922c: ;   {metadata(method data for {method} {0x000002d8b201ade8} 'toString' '()Ljava/lang/String;' in 'java/net/URL')}
  0x000002d89d44922c: 8bc2 48be | 105a 13f3 | d802 0000 | 4883 8610 | 0100 0001 

  0x000002d89d449240: ;   {metadata(method data for {method} {0x000002d8b242aa30} 'toExternalForm' '()Ljava/lang/String;' in 'java/net/URL')}
  0x000002d89d449240: 49b8 985b | 13f3 d802 | 0000 418b | b0cc 0000 | 0083 c602 | 4189 b0cc | 0000 0081 | e6fe ff1f 
  0x000002d89d449260: 0085 f60f | 84e3 0100 | 008b 7238 

  0x000002d89d44926c: ; implicit exception: dispatches to 0x000002d89d44946d
  0x000002d89d44926c: 483b 064c 

  0x000002d89d449270: ;   {metadata(method data for {method} {0x000002d8b242aa30} 'toExternalForm' '()Ljava/lang/String;' in 'java/net/URL')}
  0x000002d89d449270: 8bc6 48bf | 985b 13f3 | d802 0000 | 458b 4008 | 49ba 0000 | 00b2 d802 | 0000 4d03 | c24c 3b87 
  0x000002d89d449290: 2001 0000 | 750d 4883 | 8728 0100 | 0001 e960 | 0000 004c | 3b87 3001 | 0000 750d | 4883 8738 
  0x000002d89d4492b0: 0100 0001 | e94a 0000 | 0048 83bf | 2001 0000 | 0075 174c | 8987 2001 | 0000 48c7 | 8728 0100 
  0x000002d89d4492d0: 0001 0000 | 00e9 2900 | 0000 4883 | bf30 0100 | 0000 7517 | 4c89 8730 | 0100 0048 | c787 3801 
  0x000002d89d4492f0: 0000 0100 | 0000 e908 | 0000 0048 | 8387 1001 | 0000 014c | 8bc2 488b | d666 0f1f 

  0x000002d89d44930c: ;   {optimized virtual_call}
  0x000002d89d44930c: 4400 00e8 

  0x000002d89d449310: ; ImmutableOopMap {[120]=Oop [128]=Oop [136]=Oop [152]=Oop }
                      ;*invokevirtual toExternalForm {reexecute=0 rethrow=0 return_oop=0}
                      ; - java.net.URL::toExternalForm@5 (line 1203)
                      ; - java.net.URL::toString@1 (line 1189)
                      ; - java.lang.ClassLoader::defineClassSourceLocation@22 (line 927)
                      ; - java.lang.ClassLoader::defineClass@12 (line 1026)
  0x000002d89d449310: 8c96 0200 

  0x000002d89d449314: ;   {other}
  0x000002d89d449314: 0f1f 8400 | 0405 0001 | 488b d848 | 8b84 2498 | 0000 008b | b424 9400 | 0000 8bbc | 2490 0000 
  0x000002d89d449334: 004c 8b8c | 2488 0000 | 004c 8b84 | 2480 0000 | 0048 8b54 

  0x000002d89d449348: ;   {metadata(method data for {method} {0x000002d8b24371a8} 'defineClass' '(Ljava/lang/String;[BIILjava/security/ProtectionDomain;)Ljava/lang/Class;' in 'java/lang/ClassLoader')}
  0x000002d89d449348: 2478 48b9 | 20d5 36f3 | d802 0000 | 4883 8180 | 0100 0001 | 4c8b da49 | 8bd3 488b | c848 891c 
  0x000002d89d449368: 2466 0f1f 

  0x000002d89d44936c: ;   {static_call}
  0x000002d89d44936c: 4400 00e8 

  0x000002d89d449370: ; ImmutableOopMap {[120]=Oop [152]=Oop }
                      ;*invokestatic defineClass1 {reexecute=0 rethrow=0 return_oop=0}
                      ; - java.lang.ClassLoader::defineClass@27 (line 1027)
  0x000002d89d449370: ec02 9507 

  0x000002d89d449374: ;   {other}
  0x000002d89d449374: 0f1f 8400 | 6405 0002 | 488b 5424 

  0x000002d89d449380: ;   {metadata(method data for {method} {0x000002d8b24371a8} 'defineClass' '(Ljava/lang/String;[BIILjava/security/ProtectionDomain;)Ljava/lang/Class;' in 'java/lang/ClassLoader')}
  0x000002d89d449380: 7849 b820 | d536 f3d8 | 0200 0049 | 8380 9001 | 0000 014c | 8bc0 4c8b | 8c24 9800 | 0000 488b 
  0x000002d89d4493a0: 5424 7848 | 8984 24a0 | 0000 000f 

  0x000002d89d4493ac: ;   {optimized virtual_call}
  0x000002d89d4493ac: 1f40 00e8 

  0x000002d89d4493b0: ; ImmutableOopMap {[160]=Oop }
                      ;*invokevirtual postDefineClass {reexecute=0 rethrow=0 return_oop=0}
                      ; - java.lang.ClassLoader::defineClass@37 (line 1028)
  0x000002d89d4493b0: ec05 0000 

  0x000002d89d4493b4: ;   {other}
  0x000002d89d4493b4: 0f1f 8400 | a405 0003 | 488b 8424 | a000 0000 | 4881 c4b0 | 0000 005d 

  0x000002d89d4493cc: ;   {poll_return}
  0x000002d89d4493cc: 493b a748 | 0400 000f | 8799 0000 

  0x000002d89d4493d8: ;   {metadata({method} {0x000002d8b24371a8} 'defineClass' '(Ljava/lang/String;[BIILjava/security/ProtectionDomain;)Ljava/lang/Class;' in 'java/lang/ClassLoader')}
  0x000002d89d4493d8: 00c3 49ba | a071 43b2 | d802 0000 | 4c89 5424 | 0848 c704 | 24ff ffff 

  0x000002d89d4493f0: ;   {runtime_call counter_overflow Runtime1 stub}
  0x000002d89d4493f0: ffe8 0ab6 

  0x000002d89d4493f4: ; ImmutableOopMap {rdx=Oop r8=Oop r9=Oop rcx=Oop [120]=Oop }
                      ;*synchronization entry
                      ; - java.lang.ClassLoader::defineClass@-1 (line 1025)
  0x000002d89d4493f4: 4807 e98f 

  0x000002d89d4493f8: ;   {metadata({method} {0x000002d8b2436e90} 'defineClassSourceLocation' '(Ljava/security/ProtectionDomain;)Ljava/lang/String;' in 'java/lang/ClassLoader')}
  0x000002d89d4493f8: fcff ff49 | ba88 6e43 | b2d8 0200 | 004c 8954 | 2408 48c7 | 0424 ffff 

  0x000002d89d449410: ;   {runtime_call counter_overflow Runtime1 stub}
  0x000002d89d449410: ffff e8e9 

  0x000002d89d449414: ; ImmutableOopMap {rax=Oop [120]=Oop [128]=Oop [136]=Oop [152]=Oop }
                      ;*synchronization entry
                      ; - java.lang.ClassLoader::defineClassSourceLocation@-1 (line 924)
                      ; - java.lang.ClassLoader::defineClass@12 (line 1026)
  0x000002d89d449414: b548 07e9 | 08fd ffff 

  0x000002d89d44941c: ;   {runtime_call throw_null_pointer_exception Runtime1 stub}
  0x000002d89d44941c: e8df 6448 

  0x000002d89d449420: ; ImmutableOopMap {rax=Oop [120]=Oop [128]=Oop [136]=Oop [152]=Oop }
                      ;*invokevirtual getCodeSource {reexecute=0 rethrow=0 return_oop=0}
                      ; - java.lang.ClassLoader::defineClassSourceLocation@1 (line 924)
                      ; - java.lang.ClassLoader::defineClass@12 (line 1026)
                      ;   {runtime_call throw_null_pointer_exception Runtime1 stub}
  0x000002d89d449420: 07e8 da64 

  0x000002d89d449424: ; ImmutableOopMap {rax=Oop r8=Oop [120]=Oop [128]=Oop [136]=Oop [152]=Oop }
                      ;*invokevirtual getLocation {reexecute=0 rethrow=0 return_oop=0}
                      ; - java.lang.ClassLoader::defineClassSourceLocation@12 (line 926)
                      ; - java.lang.ClassLoader::defineClass@12 (line 1026)
                      ;   {runtime_call throw_null_pointer_exception Runtime1 stub}
  0x000002d89d449424: 4807 e8d5 

  0x000002d89d449428: ; ImmutableOopMap {rdx=Oop [120]=Oop [128]=Oop [136]=Oop [152]=Oop }
                      ;*invokevirtual toString {reexecute=0 rethrow=0 return_oop=0}
                      ; - java.lang.ClassLoader::defineClassSourceLocation@22 (line 927)
                      ; - java.lang.ClassLoader::defineClass@12 (line 1026)
                      ;   {metadata({method} {0x000002d8b201ade8} 'toString' '()Ljava/lang/String;' in 'java/net/URL')}
  0x000002d89d449428: 6448 0749 | bae0 ad01 | b2d8 0200 | 004c 8954 | 2408 48c7 | 0424 ffff 

  0x000002d89d449440: ;   {runtime_call counter_overflow Runtime1 stub}
  0x000002d89d449440: ffff e8b9 

  0x000002d89d449444: ; ImmutableOopMap {rdx=Oop [120]=Oop [128]=Oop [136]=Oop [152]=Oop }
                      ;*synchronization entry
                      ; - java.net.URL::toString@-1 (line 1189)
                      ; - java.lang.ClassLoader::defineClassSourceLocation@22 (line 927)
                      ; - java.lang.ClassLoader::defineClass@12 (line 1026)
  0x000002d89d449444: b548 07e9 | dffd ffff 

  0x000002d89d44944c: ;   {metadata({method} {0x000002d8b242aa30} 'toExternalForm' '()Ljava/lang/String;' in 'java/net/URL')}
  0x000002d89d44944c: 49ba 28aa | 42b2 d802 | 0000 4c89 | 5424 0848 | c704 24ff 

  0x000002d89d449460: ;   {runtime_call counter_overflow Runtime1 stub}
  0x000002d89d449460: ffff ffe8 

  0x000002d89d449464: ; ImmutableOopMap {rdx=Oop [120]=Oop [128]=Oop [136]=Oop [152]=Oop }
                      ;*synchronization entry
                      ; - java.net.URL::toExternalForm@-1 (line 1203)
                      ; - java.net.URL::toString@1 (line 1189)
                      ; - java.lang.ClassLoader::defineClassSourceLocation@22 (line 927)
                      ; - java.lang.ClassLoader::defineClass@12 (line 1026)
  0x000002d89d449464: 98b5 4807 | e9fc fdff 

  0x000002d89d44946c: ;   {runtime_call throw_null_pointer_exception Runtime1 stub}
  0x000002d89d44946c: ffe8 8e64 

  0x000002d89d449470: ; ImmutableOopMap {rdx=Oop rsi=Oop [120]=Oop [128]=Oop [136]=Oop [152]=Oop }
                      ;*invokevirtual toExternalForm {reexecute=0 rethrow=0 return_oop=0}
                      ; - java.net.URL::toExternalForm@5 (line 1203)
                      ; - java.net.URL::toString@1 (line 1189)
                      ; - java.lang.ClassLoader::defineClassSourceLocation@22 (line 927)
                      ; - java.lang.ClassLoader::defineClass@12 (line 1026)
                      ;   {internal_word}
  0x000002d89d449470: 4807 49ba | cc93 449d | d802 0000 | 4d89 9760 

  0x000002d89d449480: ;   {runtime_call SafepointBlob}
  0x000002d89d449480: 0400 00e9 | 78c2 3c07 | 498b 87f8 | 0400 0049 | c787 f804 | 0000 0000 | 0000 49c7 | 8700 0500 
  0x000002d89d4494a0: 0000 0000 | 0048 81c4 | b000 0000 

  0x000002d89d4494ac: ;   {runtime_call unwind_exception Runtime1 stub}
  0x000002d89d4494ac: 5de9 4e55 | 4807 f4f4 | f4f4 f4f4 
[Stub Code]
  0x000002d89d4494b8: ;   {no_reloc}
  0x000002d89d4494b8: 0f1f 4400 

  0x000002d89d4494bc: ;   {static_stub}
  0x000002d89d4494bc: 0048 bb40 | 9916 b2d8 

  0x000002d89d4494c4: ;   {runtime_call I2C/C2I adapters}
  0x000002d89d4494c4: 0200 00e9 | 1bad 3c07 

  0x000002d89d4494cc: ;   {static_stub}
  0x000002d89d4494cc: 48bb e06e | 43b2 d802 

  0x000002d89d4494d4: ;   {runtime_call I2C/C2I adapters}
  0x000002d89d4494d4: 0000 e990 

  0x000002d89d4494d8: ;   {static_stub}
  0x000002d89d4494d8: 183c 0748 | bb00 0000 | 0000 0000 

  0x000002d89d4494e4: ;   {runtime_call nmethod}
  0x000002d89d4494e4: 00e9 fbff 

  0x000002d89d4494e8: ;   {static_stub}
  0x000002d89d4494e8: ffff 48bb | c86d 43b2 | d802 0000 

  0x000002d89d4494f4: ;   {runtime_call I2C/C2I adapters}
  0x000002d89d4494f4: e972 183c 

  0x000002d89d4494f8: ;   {runtime_call handle_exception_from_callee Runtime1 stub}
  0x000002d89d4494f8: 07e8 0282 

  0x000002d89d4494fc: ;   {external_word}
  0x000002d89d4494fc: 4807 48b9 | 90e2 f48d | fa7f 0000 | 4883 e4f0 

  0x000002d89d44950c: ;   {runtime_call}
  0x000002d89d44950c: 48b8 1079 | b78d fa7f | 0000 ffd0 

  0x000002d89d449518: ;   {section_word}
  0x000002d89d449518: f449 ba19 | 9544 9dd8 | 0200 0041 

  0x000002d89d449524: ;   {runtime_call DeoptimizationBlob}
  0x000002d89d449524: 52e9 76b4 | 3c07 f4f4 | f4f4 f4f4 
[/MachCode]


Compiled method (c1) 7760 1055       3       java.security.SecureClassLoader::defineClass (16 bytes)
 total in heap  [0x000002d89d450a10,0x000002d89d450e10] = 1024
 relocation     [0x000002d89d450b70,0x000002d89d450bc0] = 80
 main code      [0x000002d89d450bc0,0x000002d89d450d18] = 344
 stub code      [0x000002d89d450d18,0x000002d89d450d68] = 80
 metadata       [0x000002d89d450d68,0x000002d89d450d70] = 8
 scopes data    [0x000002d89d450d70,0x000002d89d450db8] = 72
 scopes pcs     [0x000002d89d450db8,0x000002d89d450e08] = 80
 dependencies   [0x000002d89d450e08,0x000002d89d450e10] = 8

[Constant Pool (empty)]

[MachCode]
[Entry Point]
  # {method} {0x000002d8b204dfa8} 'defineClass' '(Ljava/lang/String;[BIILjava/security/CodeSource;)Ljava/lang/Class;' in 'java/security/SecureClassLoader'
  # this:     rdx:rdx   = 'java/security/SecureClassLoader'
  # parm0:    r8:r8     = 'java/lang/String'
  # parm1:    r9:r9     = '[B'
  # parm2:    rdi       = int
  # parm3:    rsi       = int
  # parm4:    rcx:rcx   = 'java/security/CodeSource'
  #           [sp+0x80]  (sp of caller)
  0x000002d89d450bc0: 448b 5208 | 49bb 0000 | 00b2 d802 | 0000 4d03 | d34c 3bd0 

  0x000002d89d450bd4: ;   {runtime_call ic_miss_stub}
  0x000002d89d450bd4: 0f85 a6db | 3b07 660f | 1f44 0000 
[Verified Entry Point]
  0x000002d89d450be0: 8984 2400 | 80ff ff55 | 4883 ec70 | 4181 7f20 | 0300 0000 

  0x000002d89d450bf4: ;   {runtime_call StubRoutines (final stubs)}
  0x000002d89d450bf4: 7405 e865 

  0x000002d89d450bf8: ;   {metadata(method data for {method} {0x000002d8b204dfa8} 'defineClass' '(Ljava/lang/String;[BIILjava/security/CodeSource;)Ljava/lang/Class;' in 'java/security/SecureClassLoader')}
  0x000002d89d450bf8: 413a 0748 | bb50 1237 | f3d8 0200 | 008b 83cc | 0000 0083 | c002 8983 | cc00 0000 | 25fe 0700 
  0x000002d89d450c18: 0085 c00f | 8496 0000 | 0089 7424 | 5c89 7c24 | 584c 894c | 2450 4c89 | 4424 4848 

  0x000002d89d450c34: ;   {metadata(method data for {method} {0x000002d8b204dfa8} 'defineClass' '(Ljava/lang/String;[BIILjava/security/CodeSource;)Ljava/lang/Class;' in 'java/security/SecureClassLoader')}
  0x000002d89d450c34: 8bda 48b8 | 5012 37f3 | d802 0000 | 4883 8010 | 0100 0001 | 4c8b c148 | 8bc2 488b | d048 8944 
  0x000002d89d450c54: ;   {optimized virtual_call}
  0x000002d89d450c54: 2440 90e8 

  0x000002d89d450c58: ; ImmutableOopMap {[64]=Oop [72]=Oop [80]=Oop }
                      ;*invokevirtual getProtectionDomain {reexecute=0 rethrow=0 return_oop=0}
                      ; - java.security.SecureClassLoader::defineClass@9 (line 150)
  0x000002d89d450c58: c46b ffff 

  0x000002d89d450c5c: ;   {other}
  0x000002d89d450c5c: 0f1f 8400 | 4c02 0000 | 488b 5424 

  0x000002d89d450c68: ;   {metadata(method data for {method} {0x000002d8b204dfa8} 'defineClass' '(Ljava/lang/String;[BIILjava/security/CodeSource;)Ljava/lang/Class;' in 'java/security/SecureClassLoader')}
  0x000002d89d450c68: 4049 b850 | 1237 f3d8 | 0200 0049 | 8380 4801 | 0000 014c | 8b44 2448 | 4c8b 4c24 | 508b 7c24 
  0x000002d89d450c88: 588b 7424 | 5c48 8bc8 | 488b 5424 

  0x000002d89d450c94: ;   {optimized virtual_call}
  0x000002d89d450c94: 4066 90e8 

  0x000002d89d450c98: ; ImmutableOopMap {}
                      ;*invokevirtual defineClass {reexecute=0 rethrow=0 return_oop=0}
                      ; - java.security.SecureClassLoader::defineClass@12 (line 150)
  0x000002d89d450c98: a483 ffff 

  0x000002d89d450c9c: ;   {other}
  0x000002d89d450c9c: 0f1f 8400 | 8c02 0001 | 4883 c470 

  0x000002d89d450ca8: ;   {poll_return}
  0x000002d89d450ca8: 5d49 3ba7 | 4804 0000 | 0f87 2200 

  0x000002d89d450cb4: ;   {metadata({method} {0x000002d8b204dfa8} 'defineClass' '(Ljava/lang/String;[BIILjava/security/CodeSource;)Ljava/lang/Class;' in 'java/security/SecureClassLoader')}
  0x000002d89d450cb4: 0000 c349 | baa0 df04 | b2d8 0200 | 004c 8954 | 2408 48c7 | 0424 ffff 

  0x000002d89d450ccc: ;   {runtime_call counter_overflow Runtime1 stub}
  0x000002d89d450ccc: ffff e82d 

  0x000002d89d450cd0: ; ImmutableOopMap {rdx=Oop r8=Oop r9=Oop rcx=Oop }
                      ;*synchronization entry
                      ; - java.security.SecureClassLoader::defineClass@-1 (line 150)
  0x000002d89d450cd0: 3d48 07e9 | 49ff ffff 

  0x000002d89d450cd8: ;   {internal_word}
  0x000002d89d450cd8: 49ba a90c | 459d d802 | 0000 4d89 | 9760 0400 

  0x000002d89d450ce8: ;   {runtime_call SafepointBlob}
  0x000002d89d450ce8: 00e9 124a | 3c07 498b | 87f8 0400 | 0049 c787 | f804 0000 | 0000 0000 | 49c7 8700 | 0500 0000 
  0x000002d89d450d08: 0000 0048 | 83c4 705d 

  0x000002d89d450d10: ;   {runtime_call unwind_exception Runtime1 stub}
  0x000002d89d450d10: e9eb dc47 | 07f4 f4f4 
[Stub Code]
  0x000002d89d450d18: ;   {no_reloc}
  0x000002d89d450d18: 48bb 0000 | 0000 0000 

  0x000002d89d450d20: ;   {runtime_call nmethod}
  0x000002d89d450d20: 0000 e9fb 

  0x000002d89d450d24: ;   {static_stub}
  0x000002d89d450d24: ffff ff48 | bb00 0000 | 0000 0000 

  0x000002d89d450d30: ;   {runtime_call nmethod}
  0x000002d89d450d30: 00e9 fbff 

  0x000002d89d450d34: ;   {runtime_call handle_exception_from_callee Runtime1 stub}
  0x000002d89d450d34: ffff e8c5 

  0x000002d89d450d38: ;   {external_word}
  0x000002d89d450d38: 0948 0748 | b990 e2f4 | 8dfa 7f00 | 0048 83e4 

  0x000002d89d450d48: ;   {runtime_call}
  0x000002d89d450d48: f048 b810 | 79b7 8dfa | 7f00 00ff 

  0x000002d89d450d54: ;   {section_word}
  0x000002d89d450d54: d0f4 49ba | 560d 459d | d802 0000 

  0x000002d89d450d60: ;   {runtime_call DeoptimizationBlob}
  0x000002d89d450d60: 4152 e939 | 3c3c 07f4 
[/MachCode]


---------------  P R O C E S S  ---------------

Threads class SMR info:
_java_thread_list=0x000002d8f9753300, length=45, elements={
0x000002d89750d170, 0x000002d8b1797750, 0x000002d8b17981a0, 0x000002d8b1799c00,
0x000002d8b179a650, 0x000002d8b179b320, 0x000002d8b179dd80, 0x000002d8b17a4010,
0x000002d8b17a97e0, 0x000002d8b18f5f10, 0x000002d8b18fa580, 0x000002d8f7467320,
0x000002d8f76b2f00, 0x000002d8f7517500, 0x000002d8f7518e50, 0x000002d8f7533a60,
0x000002d8f75340c0, 0x000002d8f7904a60, 0x000002d8f79050c0, 0x000002d8f7909390,
0x000002d8f790a0b0, 0x000002d8f7906c30, 0x000002d8f79072c0, 0x000002d8f7907950,
0x000002d8f7907fe0, 0x000002d8f7908670, 0x000002d8f7908d00, 0x000002d8f9309530,
0x000002d8f9302c30, 0x000002d8f9307460, 0x000002d8f9303fe0, 0x000002d8f930a250,
0x000002d8f9307af0, 0x000002d8f93032c0, 0x000002d8f9303950, 0x000002d8f9308810,
0x000002d8f9308180, 0x000002d8f9305a20, 0x000002d8f9308ea0, 0x000002d8f9304670,
0x000002d8f9309bc0, 0x000002d8f9304d00, 0x000002d8f93060b0, 0x000002d8f9306740,
0x000002d8f9306dd0
}

Java Threads: ( => current thread )
  0x000002d89750d170 JavaThread "main"                              [_thread_blocked, id=6368, stack(0x000000e1d2300000,0x000000e1d2400000) (1024K)]
  0x000002d8b1797750 JavaThread "Reference Handler"          daemon [_thread_blocked, id=2536, stack(0x000000e1d2b00000,0x000000e1d2c00000) (1024K)]
  0x000002d8b17981a0 JavaThread "Finalizer"                  daemon [_thread_blocked, id=15272, stack(0x000000e1d2c00000,0x000000e1d2d00000) (1024K)]
  0x000002d8b1799c00 JavaThread "Signal Dispatcher"          daemon [_thread_blocked, id=3824, stack(0x000000e1d2d00000,0x000000e1d2e00000) (1024K)]
  0x000002d8b179a650 JavaThread "Attach Listener"            daemon [_thread_blocked, id=3324, stack(0x000000e1d2e00000,0x000000e1d2f00000) (1024K)]
  0x000002d8b179b320 JavaThread "Service Thread"             daemon [_thread_blocked, id=3256, stack(0x000000e1d2f00000,0x000000e1d3000000) (1024K)]
  0x000002d8b179dd80 JavaThread "Monitor Deflation Thread"   daemon [_thread_blocked, id=15288, stack(0x000000e1d3000000,0x000000e1d3100000) (1024K)]
  0x000002d8b17a4010 JavaThread "C2 CompilerThread0"         daemon [_thread_blocked, id=12472, stack(0x000000e1d3100000,0x000000e1d3200000) (1024K)]
  0x000002d8b17a97e0 JavaThread "C1 CompilerThread0"         daemon [_thread_blocked, id=9920, stack(0x000000e1d3200000,0x000000e1d3300000) (1024K)]
  0x000002d8b18f5f10 JavaThread "Common-Cleaner"             daemon [_thread_blocked, id=15216, stack(0x000000e1d3300000,0x000000e1d3400000) (1024K)]
  0x000002d8b18fa580 JavaThread "Notification Thread"        daemon [_thread_blocked, id=12436, stack(0x000000e1d3400000,0x000000e1d3500000) (1024K)]
  0x000002d8f7467320 JavaThread "ReaderThread"                      [_thread_in_native, id=5776, stack(0x000000e1d3700000,0x000000e1d3800000) (1024K)]
  0x000002d8f76b2f00 JavaThread "ForkJoinPool.commonPool-worker-1" daemon [_thread_blocked, id=12796, stack(0x000000e1d3e00000,0x000000e1d3f00000) (1024K)]
  0x000002d8f7517500 JavaThread "ForkJoinPool.commonPool-worker-2" daemon [_thread_blocked, id=12296, stack(0x000000e1d3f00000,0x000000e1d4000000) (1024K)]
  0x000002d8f7518e50 JavaThread "ForkJoinPool.commonPool-worker-3" daemon [_thread_blocked, id=10756, stack(0x000000e1d4000000,0x000000e1d4100000) (1024K)]
  0x000002d8f7533a60 JavaThread "ForkJoinPool.commonPool-worker-4" daemon [_thread_blocked, id=2984, stack(0x000000e1d4100000,0x000000e1d4200000) (1024K)]
  0x000002d8f75340c0 JavaThread "ForkJoinPool.commonPool-worker-5" daemon [_thread_blocked, id=1876, stack(0x000000e1d4200000,0x000000e1d4300000) (1024K)]
=>0x000002d8f7904a60 JavaThread "TestNG-test-Test123parallel-1"        [_thread_in_vm, id=13584, stack(0x000000e1d4300000,0x000000e1d4400000) (1024K)]
  0x000002d8f79050c0 JavaThread "Forwarding newSession on session null to remote"        [_thread_blocked, id=7840, stack(0x000000e1d4400000,0x000000e1d4500000) (1024K)]
  0x000002d8f7909390 JavaThread "Forwarding newSession on session null to remote"        [_thread_blocked, id=14708, stack(0x000000e1d4500000,0x000000e1d4600000) (1024K)]
  0x000002d8f790a0b0 JavaThread "HttpClient-1-SelectorManager" daemon [_thread_in_native, id=2212, stack(0x000000e1d4800000,0x000000e1d4900000) (1024K)]
  0x000002d8f7906c30 JavaThread "HttpClient-2-SelectorManager" daemon [_thread_in_native, id=12368, stack(0x000000e1d4900000,0x000000e1d4a00000) (1024K)]
  0x000002d8f79072c0 JavaThread "JdkHttpClient-0-0"          daemon [_thread_blocked, id=2160, stack(0x000000e1d4a00000,0x000000e1d4b00000) (1024K)]
  0x000002d8f7907950 JavaThread "JdkHttpClient-1-0"          daemon [_thread_blocked, id=3568, stack(0x000000e1d4b00000,0x000000e1d4c00000) (1024K)]
  0x000002d8f7907fe0 JavaThread "CompletableFutureDelayScheduler" daemon [_thread_blocked, id=9836, stack(0x000000e1d4c00000,0x000000e1d4d00000) (1024K)]
  0x000002d8f7908670 JavaThread "JdkHttpClient-0-1"          daemon [_thread_blocked, id=3312, stack(0x000000e1d4d00000,0x000000e1d4e00000) (1024K)]
  0x000002d8f7908d00 JavaThread "JdkHttpClient-1-1"          daemon [_thread_blocked, id=8168, stack(0x000000e1d4e00000,0x000000e1d4f00000) (1024K)]
  0x000002d8f9309530 JavaThread "JdkHttpClient-1-2"          daemon [_thread_blocked, id=8028, stack(0x000000e1d4f00000,0x000000e1d5000000) (1024K)]
  0x000002d8f9302c30 JavaThread "JdkHttpClient-0-2"          daemon [_thread_blocked, id=9220, stack(0x000000e1d5000000,0x000000e1d5100000) (1024K)]
  0x000002d8f9307460 JavaThread "JdkHttpClient-0-3"          daemon [_thread_blocked, id=10136, stack(0x000000e1d5100000,0x000000e1d5200000) (1024K)]
  0x000002d8f9303fe0 JavaThread "JdkHttpClient-1-3"          daemon [_thread_blocked, id=13916, stack(0x000000e1d5200000,0x000000e1d5300000) (1024K)]
  0x000002d8f930a250 JavaThread "HttpClient-3-SelectorManager" daemon [_thread_in_native, id=2744, stack(0x000000e1d3500000,0x000000e1d3600000) (1024K)]
  0x000002d8f9307af0 JavaThread "UrlChecker-2"               daemon [_thread_blocked, id=9068, stack(0x000000e1d5600000,0x000000e1d5700000) (1024K)]
  0x000002d8f93032c0 JavaThread "Keep-Alive-Timer"           daemon [_thread_blocked, id=10548, stack(0x000000e1d5700000,0x000000e1d5800000) (1024K)]
  0x000002d8f9303950 JavaThread "JdkHttpClient-2-0"          daemon [_thread_blocked, id=12860, stack(0x000000e1d5800000,0x000000e1d5900000) (1024K)]
  0x000002d8f9308810 JavaThread "JdkHttpClient-2-1"          daemon [_thread_blocked, id=8744, stack(0x000000e1d5900000,0x000000e1d5a00000) (1024K)]
  0x000002d8f9308180 JavaThread "JdkHttpClient-2-2"          daemon [_thread_blocked, id=14584, stack(0x000000e1d5a00000,0x000000e1d5b00000) (1024K)]
  0x000002d8f9305a20 JavaThread "JdkHttpClient-2-3"          daemon [_thread_blocked, id=1952, stack(0x000000e1d5b00000,0x000000e1d5c00000) (1024K)]
  0x000002d8f9308ea0 JavaThread "HttpClient-4-SelectorManager" daemon [_thread_in_native, id=14840, stack(0x000000e1d5400000,0x000000e1d5500000) (1024K)]
  0x000002d8f9304670 JavaThread "JdkHttpClient-3-0"          daemon [_thread_blocked, id=6104, stack(0x000000e1d5500000,0x000000e1d5600000) (1024K)]
  0x000002d8f9309bc0 JavaThread "JdkHttpClient-3-1"          daemon [_thread_blocked, id=12832, stack(0x000000e1d5c00000,0x000000e1d5d00000) (1024K)]
  0x000002d8f9304d00 JavaThread "JdkHttpClient-3-2"          daemon [_thread_blocked, id=13996, stack(0x000000e1d5d00000,0x000000e1d5e00000) (1024K)]
  0x000002d8f93060b0 JavaThread "HttpClient-5-SelectorManager" daemon [_thread_in_native, id=10600, stack(0x000000e1d5e00000,0x000000e1d5f00000) (1024K)]
  0x000002d8f9306740 JavaThread "Driver Service Executor"    daemon [_thread_blocked, id=14900, stack(0x000000e1d6000000,0x000000e1d6100000) (1024K)]
  0x000002d8f9306dd0 JavaThread "Driver Service Executor"    daemon [_thread_blocked, id=5344, stack(0x000000e1d6100000,0x000000e1d6200000) (1024K)]
Total: 45

Other Threads:
  0x000002d8b1774a00 VMThread "VM Thread"                           [id=4676, stack(0x000000e1d2a00000,0x000000e1d2b00000) (1024K)]
  0x000002d8b17622c0 WatcherThread "VM Periodic Task Thread"        [id=6192, stack(0x000000e1d2900000,0x000000e1d2a00000) (1024K)]
  0x000002d899943550 WorkerThread "GC Thread#0"                     [id=12848, stack(0x000000e1d2400000,0x000000e1d2500000) (1024K)]
  0x000002d8f7732130 WorkerThread "GC Thread#1"                     [id=9136, stack(0x000000e1d3800000,0x000000e1d3900000) (1024K)]
  0x000002d8f77324d0 WorkerThread "GC Thread#2"                     [id=13840, stack(0x000000e1d3900000,0x000000e1d3a00000) (1024K)]
  0x000002d8f793b310 WorkerThread "GC Thread#3"                     [id=14592, stack(0x000000e1d3a00000,0x000000e1d3b00000) (1024K)]
  0x000002d8f793ef70 WorkerThread "GC Thread#4"                     [id=9120, stack(0x000000e1d3b00000,0x000000e1d3c00000) (1024K)]
  0x000002d8f752b6c0 WorkerThread "GC Thread#5"                     [id=14700, stack(0x000000e1d3c00000,0x000000e1d3d00000) (1024K)]
  0x000002d8f752c670 WorkerThread "GC Thread#6"                     [id=8772, stack(0x000000e1d3d00000,0x000000e1d3e00000) (1024K)]
  0x000002d8f7f378c0 WorkerThread "GC Thread#7"                     [id=12576, stack(0x000000e1d4700000,0x000000e1d4800000) (1024K)]
  0x000002d899954a90 ConcurrentGCThread "G1 Main Marker"            [id=7376, stack(0x000000e1d2500000,0x000000e1d2600000) (1024K)]
  0x000002d8999554a0 WorkerThread "G1 Conc#0"                       [id=2292, stack(0x000000e1d2600000,0x000000e1d2700000) (1024K)]
  0x000002d8f87be630 WorkerThread "G1 Conc#1"                       [id=8560, stack(0x000000e1d5300000,0x000000e1d5400000) (1024K)]
  0x000002d8999aeba0 ConcurrentGCThread "G1 Refine#0"               [id=10836, stack(0x000000e1d2700000,0x000000e1d2800000) (1024K)]
  0x000002d8b1622eb0 ConcurrentGCThread "G1 Service"                [id=11660, stack(0x000000e1d2800000,0x000000e1d2900000) (1024K)]
Total: 15

Threads with active compile tasks:
Total: 0

VM state: not at safepoint (normal execution)

VM Mutex/Monitor currently owned by a thread:  ([mutex/lock_event])
[0x00007ffa8e203458] Metaspace_lock - owner thread: 0x000002d8f7904a60

Heap address: 0x0000000081800000, size: 2024 MB, Compressed Oops mode: 32-bit

CDS archive(s) mapped at: [0x000002d8b2000000-0x000002d8b2c80000-0x000002d8b2c80000), size 13107200, SharedBaseAddress: 0x000002d8b2000000, ArchiveRelocationMode: 1.
Compressed class space mapped at: 0x000002d8b3000000-0x000002d8f3000000, reserved size: 1073741824
Narrow klass base: 0x000002d8b2000000, Narrow klass shift: 0, Narrow klass range: 0x100000000

GC Precious Log:
 CardTable entry size: 512
 Card Set container configuration: InlinePtr #cards 5 size 8 Array Of Cards #cards 12 size 40 Howl #buckets 4 coarsen threshold 1843 Howl Bitmap #cards 512 size 80 coarsen threshold 460 Card regions per heap region 1 cards per card region 2048
 CPUs: 8 total, 8 available
 Memory: 8089M
 Large Page Support: Disabled
 NUMA Support: Disabled
 Compressed Oops: Enabled (32-bit)
 Heap Region Size: 1M
 Heap Min Capacity: 8M
 Heap Initial Capacity: 128M
 Heap Max Capacity: 2024M
 Pre-touch: Disabled
 Parallel Workers: 8
 Concurrent Workers: 2
 Concurrent Refinement Workers: 8
 Periodic GC: Disabled

Heap:
 garbage-first heap   total 68608K, used 35454K [0x0000000081800000, 0x0000000100000000)
  region size 1024K, 26 young (26624K), 10 survivors (10240K)
 Metaspace       used 24669K, committed 25152K, reserved 1114112K
  class space    used 3085K, committed 3328K, reserved 1048576K

Heap Regions: E=young(eden), S=young(survivor), O=old, HS=humongous(starts), HC=humongous(continues), CS=collection set, F=free, TAMS=top-at-mark-start, PB=parsable bottom
|   0|0x0000000081800000, 0x0000000081900000, 0x0000000081900000|100%|HS|  |TAMS 0x0000000081800000| PB 0x0000000081800000| Complete 
|   1|0x0000000081900000, 0x0000000081a00000, 0x0000000081a00000|100%|HS|  |TAMS 0x0000000081900000| PB 0x0000000081900000| Complete 
|   2|0x0000000081a00000, 0x0000000081b00000, 0x0000000081b00000|100%|HC|  |TAMS 0x0000000081a00000| PB 0x0000000081a00000| Complete 
|   3|0x0000000081b00000, 0x0000000081c00000, 0x0000000081c00000|100%| O|  |TAMS 0x0000000081b00000| PB 0x0000000081b00000| Untracked 
|   4|0x0000000081c00000, 0x0000000081d00000, 0x0000000081d00000|100%| O|  |TAMS 0x0000000081c00000| PB 0x0000000081c00000| Untracked 
|   5|0x0000000081d00000, 0x0000000081e00000, 0x0000000081e00000|100%| O|  |TAMS 0x0000000081d00000| PB 0x0000000081d00000| Untracked 
|   6|0x0000000081e00000, 0x0000000081f00000, 0x0000000081f00000|100%| O|  |TAMS 0x0000000081e00000| PB 0x0000000081e00000| Untracked 
|   7|0x0000000081f00000, 0x0000000082000000, 0x0000000082000000|100%| O|  |TAMS 0x0000000081f00000| PB 0x0000000081f00000| Untracked 
|   8|0x0000000082000000, 0x0000000082100000, 0x0000000082100000|100%| O|  |TAMS 0x0000000082000000| PB 0x0000000082000000| Untracked 
|   9|0x0000000082100000, 0x000000008219fa50, 0x0000000082200000| 62%| O|Cm|TAMS 0x0000000082100000| PB 0x0000000082100000| Complete 
|  10|0x0000000082200000, 0x0000000082200000, 0x0000000082300000|  0%| F|  |TAMS 0x0000000082200000| PB 0x0000000082200000| Untracked 
|  11|0x0000000082300000, 0x0000000082300000, 0x0000000082400000|  0%| F|  |TAMS 0x0000000082300000| PB 0x0000000082300000| Untracked 
|  12|0x0000000082400000, 0x0000000082400000, 0x0000000082500000|  0%| F|  |TAMS 0x0000000082400000| PB 0x0000000082400000| Untracked 
|  13|0x0000000082500000, 0x0000000082500000, 0x0000000082600000|  0%| F|  |TAMS 0x0000000082500000| PB 0x0000000082500000| Untracked 
|  14|0x0000000082600000, 0x0000000082600000, 0x0000000082700000|  0%| F|  |TAMS 0x0000000082600000| PB 0x0000000082600000| Untracked 
|  15|0x0000000082700000, 0x0000000082700000, 0x0000000082800000|  0%| F|  |TAMS 0x0000000082700000| PB 0x0000000082700000| Untracked 
|  16|0x0000000082800000, 0x0000000082800000, 0x0000000082900000|  0%| F|  |TAMS 0x0000000082800000| PB 0x0000000082800000| Untracked 
|  17|0x0000000082900000, 0x0000000082900000, 0x0000000082a00000|  0%| F|  |TAMS 0x0000000082900000| PB 0x0000000082900000| Untracked 
|  18|0x0000000082a00000, 0x0000000082a00000, 0x0000000082b00000|  0%| F|  |TAMS 0x0000000082a00000| PB 0x0000000082a00000| Untracked 
|  19|0x0000000082b00000, 0x0000000082b00000, 0x0000000082c00000|  0%| F|  |TAMS 0x0000000082b00000| PB 0x0000000082b00000| Untracked 
|  20|0x0000000082c00000, 0x0000000082c00000, 0x0000000082d00000|  0%| F|  |TAMS 0x0000000082c00000| PB 0x0000000082c00000| Untracked 
|  21|0x0000000082d00000, 0x0000000082d00000, 0x0000000082e00000|  0%| F|  |TAMS 0x0000000082d00000| PB 0x0000000082d00000| Untracked 
|  22|0x0000000082e00000, 0x0000000082e00000, 0x0000000082f00000|  0%| F|  |TAMS 0x0000000082e00000| PB 0x0000000082e00000| Untracked 
|  23|0x0000000082f00000, 0x0000000082f00000, 0x0000000083000000|  0%| F|  |TAMS 0x0000000082f00000| PB 0x0000000082f00000| Untracked 
|  24|0x0000000083000000, 0x0000000083000000, 0x0000000083100000|  0%| F|  |TAMS 0x0000000083000000| PB 0x0000000083000000| Untracked 
|  25|0x0000000083100000, 0x0000000083100000, 0x0000000083200000|  0%| F|  |TAMS 0x0000000083100000| PB 0x0000000083100000| Untracked 
|  26|0x0000000083200000, 0x0000000083200000, 0x0000000083300000|  0%| F|  |TAMS 0x0000000083200000| PB 0x0000000083200000| Untracked 
|  27|0x0000000083300000, 0x0000000083300000, 0x0000000083400000|  0%| F|  |TAMS 0x0000000083300000| PB 0x0000000083300000| Untracked 
|  28|0x0000000083400000, 0x0000000083400000, 0x0000000083500000|  0%| F|  |TAMS 0x0000000083400000| PB 0x0000000083400000| Untracked 
|  29|0x0000000083500000, 0x0000000083500000, 0x0000000083600000|  0%| F|  |TAMS 0x0000000083500000| PB 0x0000000083500000| Untracked 
|  30|0x0000000083600000, 0x0000000083600000, 0x0000000083700000|  0%| F|  |TAMS 0x0000000083600000| PB 0x0000000083600000| Untracked 
|  31|0x0000000083700000, 0x0000000083700000, 0x0000000083800000|  0%| F|  |TAMS 0x0000000083700000| PB 0x0000000083700000| Untracked 
|  32|0x0000000083800000, 0x0000000083800000, 0x0000000083900000|  0%| F|  |TAMS 0x0000000083800000| PB 0x0000000083800000| Untracked 
|  33|0x0000000083900000, 0x0000000083900000, 0x0000000083a00000|  0%| F|  |TAMS 0x0000000083900000| PB 0x0000000083900000| Untracked 
|  34|0x0000000083a00000, 0x0000000083a00000, 0x0000000083b00000|  0%| F|  |TAMS 0x0000000083a00000| PB 0x0000000083a00000| Untracked 
|  35|0x0000000083b00000, 0x0000000083b00000, 0x0000000083c00000|  0%| F|  |TAMS 0x0000000083b00000| PB 0x0000000083b00000| Untracked 
|  36|0x0000000083c00000, 0x0000000083c00000, 0x0000000083d00000|  0%| F|  |TAMS 0x0000000083c00000| PB 0x0000000083c00000| Untracked 
|  37|0x0000000083d00000, 0x0000000083d00000, 0x0000000083e00000|  0%| F|  |TAMS 0x0000000083d00000| PB 0x0000000083d00000| Untracked 
|  38|0x0000000083e00000, 0x0000000083e00000, 0x0000000083f00000|  0%| F|  |TAMS 0x0000000083e00000| PB 0x0000000083e00000| Untracked 
|  39|0x0000000083f00000, 0x0000000083f00000, 0x0000000084000000|  0%| F|  |TAMS 0x0000000083f00000| PB 0x0000000083f00000| Untracked 
|  40|0x0000000084000000, 0x0000000084000000, 0x0000000084100000|  0%| F|  |TAMS 0x0000000084000000| PB 0x0000000084000000| Untracked 
|  41|0x0000000084100000, 0x000000008417e170, 0x0000000084200000| 49%| E|  |TAMS 0x0000000084100000| PB 0x0000000084100000| Complete 
|  42|0x0000000084200000, 0x0000000084300000, 0x0000000084300000|100%| E|CS|TAMS 0x0000000084200000| PB 0x0000000084200000| Complete 
|  43|0x0000000084300000, 0x0000000084400000, 0x0000000084400000|100%| E|CS|TAMS 0x0000000084300000| PB 0x0000000084300000| Complete 
|  44|0x0000000084400000, 0x0000000084500000, 0x0000000084500000|100%| E|CS|TAMS 0x0000000084400000| PB 0x0000000084400000| Complete 
|  45|0x0000000084500000, 0x0000000084600000, 0x0000000084600000|100%| E|CS|TAMS 0x0000000084500000| PB 0x0000000084500000| Complete 
|  46|0x0000000084600000, 0x0000000084700000, 0x0000000084700000|100%| E|CS|TAMS 0x0000000084600000| PB 0x0000000084600000| Complete 
|  47|0x0000000084700000, 0x0000000084800000, 0x0000000084800000|100%| E|CS|TAMS 0x0000000084700000| PB 0x0000000084700000| Complete 
|  48|0x0000000084800000, 0x0000000084900000, 0x0000000084900000|100%| E|CS|TAMS 0x0000000084800000| PB 0x0000000084800000| Complete 
|  49|0x0000000084900000, 0x0000000084a00000, 0x0000000084a00000|100%| E|CS|TAMS 0x0000000084900000| PB 0x0000000084900000| Complete 
|  50|0x0000000084a00000, 0x0000000084b00000, 0x0000000084b00000|100%| E|CS|TAMS 0x0000000084a00000| PB 0x0000000084a00000| Complete 
|  51|0x0000000084b00000, 0x0000000084c00000, 0x0000000084c00000|100%| E|CS|TAMS 0x0000000084b00000| PB 0x0000000084b00000| Complete 
|  52|0x0000000084c00000, 0x0000000084d00000, 0x0000000084d00000|100%| E|CS|TAMS 0x0000000084c00000| PB 0x0000000084c00000| Complete 
|  53|0x0000000084d00000, 0x0000000084e00000, 0x0000000084e00000|100%| E|CS|TAMS 0x0000000084d00000| PB 0x0000000084d00000| Complete 
|  54|0x0000000084e00000, 0x0000000084f00000, 0x0000000084f00000|100%| E|CS|TAMS 0x0000000084e00000| PB 0x0000000084e00000| Complete 
|  55|0x0000000084f00000, 0x0000000085000000, 0x0000000085000000|100%| E|CS|TAMS 0x0000000084f00000| PB 0x0000000084f00000| Complete 
|  79|0x0000000086700000, 0x0000000086800000, 0x0000000086800000|100%| S|CS|TAMS 0x0000000086700000| PB 0x0000000086700000| Complete 
|  80|0x0000000086800000, 0x0000000086900000, 0x0000000086900000|100%| S|CS|TAMS 0x0000000086800000| PB 0x0000000086800000| Complete 
|  81|0x0000000086900000, 0x0000000086a00000, 0x0000000086a00000|100%| S|CS|TAMS 0x0000000086900000| PB 0x0000000086900000| Complete 
|  82|0x0000000086a00000, 0x0000000086b00000, 0x0000000086b00000|100%| S|CS|TAMS 0x0000000086a00000| PB 0x0000000086a00000| Complete 
|  83|0x0000000086b00000, 0x0000000086c00000, 0x0000000086c00000|100%| S|CS|TAMS 0x0000000086b00000| PB 0x0000000086b00000| Complete 
|  84|0x0000000086c00000, 0x0000000086d00000, 0x0000000086d00000|100%| S|CS|TAMS 0x0000000086c00000| PB 0x0000000086c00000| Complete 
|  85|0x0000000086d00000, 0x0000000086e00000, 0x0000000086e00000|100%| S|CS|TAMS 0x0000000086d00000| PB 0x0000000086d00000| Complete 
|  86|0x0000000086e00000, 0x0000000086f00000, 0x0000000086f00000|100%| S|CS|TAMS 0x0000000086e00000| PB 0x0000000086e00000| Complete 
|  87|0x0000000086f00000, 0x0000000087000000, 0x0000000087000000|100%| S|CS|TAMS 0x0000000086f00000| PB 0x0000000086f00000| Complete 
|  88|0x0000000087000000, 0x0000000087100000, 0x0000000087100000|100%| S|CS|TAMS 0x0000000087000000| PB 0x0000000087000000| Complete 
| 127|0x0000000089700000, 0x0000000089800000, 0x0000000089800000|100%| E|CS|TAMS 0x0000000089700000| PB 0x0000000089700000| Complete 

Card table byte_map: [0x000002d8ac9c0000,0x000002d8acdc0000] _byte_map_base: 0x000002d8ac5b4000

Marking Bits: (CMBitMap*) 0x000002d899943b60
 Bits: [0x000002d8acdc0000, 0x000002d8aed60000)

Polling page: 0x000002d897740000

Metaspace:

Usage:
  Non-class:     21.08 MB used.
      Class:      3.01 MB used.
       Both:     24.09 MB used.

Virtual space:
  Non-class space:       64.00 MB reserved,      21.31 MB ( 33%) committed,  1 nodes.
      Class space:        1.00 GB reserved,       3.25 MB ( <1%) committed,  1 nodes.
             Both:        1.06 GB reserved,      24.56 MB (  2%) committed. 

Chunk freelists:
   Non-Class:  10.67 MB
       Class:  12.77 MB
        Both:  23.44 MB

MaxMetaspaceSize: unlimited
CompressedClassSpaceSize: 1.00 GB
Initial GC threshold: 21.00 MB
Current GC threshold: 35.12 MB
CDS: on
 - commit_granule_bytes: 65536.
 - commit_granule_words: 8192.
 - virtual_space_node_default_size: 8388608.
 - enlarge_chunks_in_place: 1.
 - use_allocation_guard: 0.


Internal statistics:

num_allocs_failed_limit: 3.
num_arena_births: 616.
num_arena_deaths: 0.
num_vsnodes_births: 2.
num_vsnodes_deaths: 0.
num_space_committed: 393.
num_space_uncommitted: 0.
num_chunks_returned_to_freelist: 3.
num_chunks_taken_from_freelist: 1400.
num_chunk_merges: 3.
num_chunk_splits: 807.
num_chunks_enlarged: 422.
num_inconsistent_stats: 0.

CodeHeap 'non-profiled nmethods': size=120000Kb used=1498Kb max_used=1498Kb free=118501Kb
 bounds [0x000002d8a4d60000, 0x000002d8a4fd0000, 0x000002d8ac290000]
CodeHeap 'profiled nmethods': size=120000Kb used=5746Kb max_used=5746Kb free=114253Kb
 bounds [0x000002d89d290000, 0x000002d89d830000, 0x000002d8a47c0000]
CodeHeap 'non-nmethods': size=5760Kb used=1559Kb max_used=1629Kb free=4200Kb
 bounds [0x000002d8a47c0000, 0x000002d8a4a30000, 0x000002d8a4d60000]
CodeCache: size=245760Kb, used=8803Kb, max_used=8873Kb, free=236954Kb
 total_blobs=3697, nmethods=3081, adapters=520, full_count=0
Compilation: enabled, stopped_count=0, restarted_count=0

Compilation events (20 events):
Event: 7.683 Thread 0x000002d8b17a97e0 3072       3       java.lang.ModuleLayer::boot (4 bytes)
Event: 7.683 Thread 0x000002d8b17a97e0 nmethod 3072 0x000002d89d823690 code [0x000002d89d823820, 0x000002d89d823918]
Event: 7.687 Thread 0x000002d8b17a97e0 3073   !   3       jdk.internal.loader.BuiltinClassLoader$2::run (114 bytes)
Event: 7.688 Thread 0x000002d8b17a97e0 nmethod 3073 0x000002d89d823990 code [0x000002d89d823c40, 0x000002d89d824a58]
Event: 7.688 Thread 0x000002d8b17a97e0 3074       3       java.lang.invoke.DirectMethodHandle$Holder::invokeStatic (22 bytes)
Event: 7.688 Thread 0x000002d8b17a97e0 nmethod 3074 0x000002d89d824f10 code [0x000002d89d8250e0, 0x000002d89d825630]
Event: 7.689 Thread 0x000002d8b17a97e0 3075 %     3       java.io.BufferedReader::implReadLine @ 125 (301 bytes)
Event: 7.690 Thread 0x000002d8b17a97e0 nmethod 3075% 0x000002d89d825790 code [0x000002d89d825aa0, 0x000002d89d826c28]
Event: 7.690 Thread 0x000002d8b17a97e0 3078   !   3       org.apache.logging.log4j.util.SystemPropertiesPropertySource::getProperty (12 bytes)
Event: 7.690 Thread 0x000002d8b17a97e0 nmethod 3078 0x000002d89d827310 code [0x000002d89d827500, 0x000002d89d827940]
Event: 7.690 Thread 0x000002d8b17a97e0 3076       3       java.util.concurrent.ConcurrentSkipListSet::iterator (15 bytes)
Event: 7.690 Thread 0x000002d8b17a97e0 nmethod 3076 0x000002d89d827b10 code [0x000002d89d827ce0, 0x000002d89d827f40]
Event: 7.690 Thread 0x000002d8b17a97e0 3077       3       java.util.concurrent.ConcurrentSkipListMap::navigableKeySet (25 bytes)
Event: 7.690 Thread 0x000002d8b17a97e0 nmethod 3077 0x000002d89d828090 code [0x000002d89d828260, 0x000002d89d828650]
Event: 7.690 Thread 0x000002d8b17a97e0 3079       3       java.util.regex.Pattern$BranchConn::match (11 bytes)
Event: 7.691 Thread 0x000002d8b17a97e0 nmethod 3079 0x000002d89d828790 code [0x000002d89d828940, 0x000002d89d828b18]
Event: 7.691 Thread 0x000002d8b17a97e0 3080       3       java.lang.AbstractStringBuilder::append (54 bytes)
Event: 7.691 Thread 0x000002d8b17a97e0 nmethod 3080 0x000002d89d828c10 code [0x000002d89d828e40, 0x000002d89d829780]
Event: 7.696 Thread 0x000002d8b17a97e0 3081       3       jdk.internal.reflect.Reflection::verifyMemberAccess (200 bytes)
Event: 7.699 Thread 0x000002d8b17a97e0 nmethod 3081 0x000002d89d829910 code [0x000002d89d829dc0, 0x000002d89d82bf60]

GC Heap History (6 events):
Event: 1.317 GC heap before
{Heap before GC invocations=0 (full 0):
 garbage-first heap   total 131072K, used 25600K [0x0000000081800000, 0x0000000100000000)
  region size 1024K, 23 young (23552K), 0 survivors (0K)
 Metaspace       used 7352K, committed 7616K, reserved 1114112K
  class space    used 848K, committed 960K, reserved 1048576K
}
Event: 1.323 GC heap after
{Heap after GC invocations=1 (full 0):
 garbage-first heap   total 131072K, used 9725K [0x0000000081800000, 0x0000000100000000)
  region size 1024K, 3 young (3072K), 3 survivors (3072K)
 Metaspace       used 7352K, committed 7616K, reserved 1114112K
  class space    used 848K, committed 960K, reserved 1048576K
}
Event: 1.867 GC heap before
{Heap before GC invocations=1 (full 0):
 garbage-first heap   total 131072K, used 37373K [0x0000000081800000, 0x0000000100000000)
  region size 1024K, 31 young (31744K), 3 survivors (3072K)
 Metaspace       used 15603K, committed 16000K, reserved 1114112K
  class space    used 1861K, committed 2048K, reserved 1048576K
}
Event: 1.874 GC heap after
{Heap after GC invocations=2 (full 0):
 garbage-first heap   total 131072K, used 13702K [0x0000000081800000, 0x0000000100000000)
  region size 1024K, 4 young (4096K), 4 survivors (4096K)
 Metaspace       used 15603K, committed 16000K, reserved 1114112K
  class space    used 1861K, committed 2048K, reserved 1048576K
}
Event: 2.484 GC heap before
{Heap before GC invocations=2 (full 0):
 garbage-first heap   total 131072K, used 47494K [0x0000000081800000, 0x0000000100000000)
  region size 1024K, 39 young (39936K), 4 survivors (4096K)
 Metaspace       used 21023K, committed 21504K, reserved 1114112K
  class space    used 2663K, committed 2880K, reserved 1048576K
}
Event: 2.496 GC heap after
{Heap after GC invocations=3 (full 0):
 garbage-first heap   total 131072K, used 20094K [0x0000000081800000, 0x0000000100000000)
  region size 1024K, 10 young (10240K), 10 survivors (10240K)
 Metaspace       used 21023K, committed 21504K, reserved 1114112K
  class space    used 2663K, committed 2880K, reserved 1048576K
}

Dll operation events (11 events):
Event: 0.010 Loaded shared library C:\Users\PC\.p2\pool\plugins\org.eclipse.justj.openjdk.hotspot.jre.full.win32.x86_64_21.0.8.v20250724-1412\jre\bin\java.dll
Event: 0.058 Loaded shared library C:\Users\PC\.p2\pool\plugins\org.eclipse.justj.openjdk.hotspot.jre.full.win32.x86_64_21.0.8.v20250724-1412\jre\bin\zip.dll
Event: 0.224 Loaded shared library C:\Users\PC\.p2\pool\plugins\org.eclipse.justj.openjdk.hotspot.jre.full.win32.x86_64_21.0.8.v20250724-1412\jre\bin\net.dll
Event: 0.229 Loaded shared library C:\Users\PC\.p2\pool\plugins\org.eclipse.justj.openjdk.hotspot.jre.full.win32.x86_64_21.0.8.v20250724-1412\jre\bin\nio.dll
Event: 0.237 Loaded shared library C:\Users\PC\.p2\pool\plugins\org.eclipse.justj.openjdk.hotspot.jre.full.win32.x86_64_21.0.8.v20250724-1412\jre\bin\zip.dll
Event: 0.526 Loaded shared library C:\Users\PC\.p2\pool\plugins\org.eclipse.justj.openjdk.hotspot.jre.full.win32.x86_64_21.0.8.v20250724-1412\jre\bin\jimage.dll
Event: 0.784 Loaded shared library C:\Users\PC\.p2\pool\plugins\org.eclipse.justj.openjdk.hotspot.jre.full.win32.x86_64_21.0.8.v20250724-1412\jre\bin\extnet.dll
Event: 1.472 Loaded shared library C:\Users\PC\.p2\pool\plugins\org.eclipse.justj.openjdk.hotspot.jre.full.win32.x86_64_21.0.8.v20250724-1412\jre\bin\management.dll
Event: 1.476 Loaded shared library C:\Users\PC\.p2\pool\plugins\org.eclipse.justj.openjdk.hotspot.jre.full.win32.x86_64_21.0.8.v20250724-1412\jre\bin\management_ext.dll
Event: 1.539 Loaded shared library C:\Users\PC\.p2\pool\plugins\org.eclipse.justj.openjdk.hotspot.jre.full.win32.x86_64_21.0.8.v20250724-1412\jre\bin\sunmscapi.dll
Event: 1.911 Loaded shared library C:\Users\PC\.p2\pool\plugins\org.eclipse.justj.openjdk.hotspot.jre.full.win32.x86_64_21.0.8.v20250724-1412\jre\bin\verify.dll

Deoptimization events (20 events):
Event: 4.026 Thread 0x000002d8f7904a60 DEOPT PACKING pc=0x000002d89d7a5b61 sp=0x000000e1d43fe430
Event: 4.026 Thread 0x000002d8f7904a60 DEOPT UNPACKING pc=0x000002d8a4814e42 sp=0x000000e1d43fd920 mode 0
Event: 4.081 Thread 0x000002d8f7904a60 Uncommon trap: trap_request=0xffffff45 fr.pc=0x000002d8a4e30b80 relative=0x00000000000009c0
Event: 4.081 Thread 0x000002d8f7904a60 Uncommon trap: reason=unstable_if action=reinterpret pc=0x000002d8a4e30b80 method=java.io.BufferedReader.implReadLine(Z[Z)Ljava/lang/String; @ 55 c2
Event: 4.081 Thread 0x000002d8f7904a60 DEOPT PACKING pc=0x000002d8a4e30b80 sp=0x000000e1d43fd0c0
Event: 4.081 Thread 0x000002d8f7904a60 DEOPT UNPACKING pc=0x000002d8a48146a2 sp=0x000000e1d43fd068 mode 2
Event: 7.275 Thread 0x000002d8f7904a60 DEOPT PACKING pc=0x000002d89d7a99c8 sp=0x000000e1d43fe4e0
Event: 7.275 Thread 0x000002d8f7904a60 DEOPT UNPACKING pc=0x000002d8a4814e42 sp=0x000000e1d43fd998 mode 0
Event: 7.288 Thread 0x000002d8f7904a60 DEOPT PACKING pc=0x000002d89d7a99c8 sp=0x000000e1d43fe580
Event: 7.288 Thread 0x000002d8f7904a60 DEOPT UNPACKING pc=0x000002d8a4814e42 sp=0x000000e1d43fda38 mode 0
Event: 7.385 Thread 0x000002d8f7904a60 DEOPT PACKING pc=0x000002d89d744a67 sp=0x000000e1d43fe9f0
Event: 7.385 Thread 0x000002d8f7904a60 DEOPT UNPACKING pc=0x000002d8a4814e42 sp=0x000000e1d43fde90 mode 0
Event: 7.650 Thread 0x000002d8f7904a60 Uncommon trap: trap_request=0xffffff45 fr.pc=0x000002d8a4ebb5d0 relative=0x0000000000000550
Event: 7.650 Thread 0x000002d8f7904a60 Uncommon trap: reason=unstable_if action=reinterpret pc=0x000002d8a4ebb5d0 method=jdk.internal.org.objectweb.asm.MethodWriter.visitVarInsn(II)V @ 108 c2
Event: 7.650 Thread 0x000002d8f7904a60 DEOPT PACKING pc=0x000002d8a4ebb5d0 sp=0x000000e1d43f4100
Event: 7.650 Thread 0x000002d8f7904a60 DEOPT UNPACKING pc=0x000002d8a48146a2 sp=0x000000e1d43f40b8 mode 2
Event: 7.651 Thread 0x000002d8f7904a60 Uncommon trap: trap_request=0xffffff45 fr.pc=0x000002d8a4e894a8 relative=0x0000000000006f08
Event: 7.651 Thread 0x000002d8f7904a60 Uncommon trap: reason=unstable_if action=reinterpret pc=0x000002d8a4e894a8 method=java.lang.invoke.MethodType.methodType(Ljava/lang/Class;[Ljava/lang/Class;Z)Ljava/lang/invoke/MethodType; @ 53 c2
Event: 7.651 Thread 0x000002d8f7904a60 DEOPT PACKING pc=0x000002d8a4e894a8 sp=0x000000e1d43f9ef0
Event: 7.651 Thread 0x000002d8f7904a60 DEOPT UNPACKING pc=0x000002d8a48146a2 sp=0x000000e1d43f9f10 mode 2

Classes loaded (20 events):
Event: 7.109 Loading class sun/net/www/protocol/http/HttpURLConnection$10
Event: 7.110 Loading class sun/net/www/protocol/http/HttpURLConnection$10 done
Event: 7.117 Loading class java/lang/invoke/WrongMethodTypeException
Event: 7.118 Loading class java/lang/invoke/WrongMethodTypeException done
Event: 7.118 Loading class java/lang/Throwable$WrappedPrintWriter
Event: 7.119 Loading class java/lang/Throwable$PrintStreamOrWriter
Event: 7.119 Loading class java/lang/Throwable$PrintStreamOrWriter done
Event: 7.119 Loading class java/lang/Throwable$WrappedPrintWriter done
Event: 7.143 Loading class java/util/concurrent/ConcurrentLinkedQueue$Itr
Event: 7.143 Loading class java/util/concurrent/ConcurrentLinkedQueue$Itr done
Event: 7.178 Loading class java/util/concurrent/CompletionException
Event: 7.179 Loading class java/util/concurrent/CompletionException done
Event: 7.658 Loading class java/util/concurrent/ConcurrentSkipListMap$KeySpliterator
Event: 7.658 Loading class java/util/concurrent/ConcurrentSkipListMap$CSLMSpliterator
Event: 7.658 Loading class java/util/concurrent/ConcurrentSkipListMap$CSLMSpliterator done
Event: 7.658 Loading class java/util/concurrent/ConcurrentSkipListMap$KeySpliterator done
Event: 7.659 Loading class java/lang/ProcessEnvironment$CheckedKeySet
Event: 7.659 Loading class java/lang/ProcessEnvironment$CheckedKeySet done
Event: 7.661 Loading class java/util/regex/Pattern$Pos
Event: 7.661 Loading class java/util/regex/Pattern$Pos done

Classes unloaded (0 events):
No events

Classes redefined (0 events):
No events

Internal exceptions (20 events):
Event: 2.983 Thread 0x000002d8f7904a60 Exception <a 'java/lang/NoSuchMethodError'{0x0000000084d5c810}: 'java.lang.Object java.lang.invoke.DirectMethodHandle$Holder.invokeStatic(java.lang.Object, long, java.lang.Object)'> (0x0000000084d5c810) 
thrown [s\src\hotspot\share\interpreter\linkResolver.cpp, line 773]
Event: 2.984 Thread 0x000002d8f7904a60 Exception <a 'java/lang/NoSuchMethodError'{0x0000000084d5fe78}: 'java.lang.Object java.lang.invoke.DirectMethodHandle$Holder.invokeStaticInit(java.lang.Object, long, java.lang.Object)'> (0x0000000084d5fe78) 
thrown [s\src\hotspot\share\interpreter\linkResolver.cpp, line 773]
Event: 3.968 Thread 0x000002d8f7904a60 Exception <a 'java/lang/NoSuchMethodError'{0x0000000084de5f40}: 'java.lang.Object java.lang.invoke.DirectMethodHandle$Holder.invokeStatic(java.lang.Object, java.lang.Object, int, java.lang.Object)'> (0x0000000084de5f40) 
thrown [s\src\hotspot\share\interpreter\linkResolver.cpp, line 773]
Event: 4.003 Thread 0x000002d8f7904a60 Exception <a 'java/lang/IncompatibleClassChangeError'{0x0000000084c2f930}: Found class java.lang.Object, but interface was expected> (0x0000000084c2f930) 
thrown [s\src\hotspot\share\interpreter\linkResolver.cpp, line 840]
Event: 5.180 Thread 0x000002d8f9307af0 Exception <a 'java/net/ConnectException'{0x0000000084bb6968}: Connection refused: getsockopt> (0x0000000084bb6968) 
thrown [s\src\hotspot\share\prims\jni.cpp, line 539]
Event: 5.198 Thread 0x000002d8f9307af0 Exception <a 'java/net/ConnectException'{0x0000000084bb7a38}: Connection refused: getsockopt> (0x0000000084bb7a38) 
thrown [s\src\hotspot\share\prims\jni.cpp, line 539]
Event: 5.233 Thread 0x000002d8f9307af0 Exception <a 'java/net/ConnectException'{0x0000000084bb8900}: Connection refused: getsockopt> (0x0000000084bb8900) 
thrown [s\src\hotspot\share\prims\jni.cpp, line 539]
Event: 5.294 Thread 0x000002d8f9307af0 Exception <a 'java/net/ConnectException'{0x0000000084bb97c8}: Connection refused: getsockopt> (0x0000000084bb97c8) 
thrown [s\src\hotspot\share\prims\jni.cpp, line 539]
Event: 7.070 Thread 0x000002d8f9305a20 Exception <a 'java/lang/NoSuchMethodError'{0x000000008490eeb8}: 'java.lang.Object java.lang.invoke.DirectMethodHandle$Holder.newInvokeSpecial(java.lang.Object, java.lang.Object, long, java.lang.Object, java.lang.Object, java.lang.Object)'> (0x000000008490eeb8) 
thrown [s\src\hotspot\share\interpreter\linkResolver.cpp, line 773]
Event: 7.107 Thread 0x000002d8f9307af0 Exception <a 'java/io/IOException'{0x000000008497f7c0}> (0x000000008497f7c0) 
thrown [s\src\hotspot\share\prims\jni.cpp, line 520]
Event: 7.109 Thread 0x000002d8f9307af0 Exception <a 'java/net/ConnectException'{0x0000000084981c60}: Connection refused: getsockopt> (0x0000000084981c60) 
thrown [s\src\hotspot\share\prims\jni.cpp, line 539]
Event: 7.179 Thread 0x000002d8f9304d00 Exception <a 'java/net/SocketException'{0x0000000084720da0}: Connection reset by peer: shutdown> (0x0000000084720da0) 
thrown [s\src\hotspot\share\prims\jni.cpp, line 539]
Event: 7.301 Thread 0x000002d8f9307af0 Exception <a 'java/net/ConnectException'{0x0000000084983928}: Connection refused: getsockopt> (0x0000000084983928) 
thrown [s\src\hotspot\share\prims\jni.cpp, line 539]
Event: 7.313 Thread 0x000002d8f9307af0 Exception <a 'java/net/ConnectException'{0x0000000084984920}: Connection refused: getsockopt> (0x0000000084984920) 
thrown [s\src\hotspot\share\prims\jni.cpp, line 539]
Event: 7.345 Thread 0x000002d8f9307af0 Exception <a 'java/net/ConnectException'{0x0000000084985918}: Connection refused: getsockopt> (0x0000000084985918) 
thrown [s\src\hotspot\share\prims\jni.cpp, line 539]
Event: 7.394 Thread 0x000002d8f9307af0 Exception <a 'java/net/ConnectException'{0x0000000084986910}: Connection refused: getsockopt> (0x0000000084986910) 
thrown [s\src\hotspot\share\prims\jni.cpp, line 539]
Event: 7.486 Thread 0x000002d8f9307af0 Exception <a 'java/net/ConnectException'{0x0000000084987908}: Connection refused: getsockopt> (0x0000000084987908) 
thrown [s\src\hotspot\share\prims\jni.cpp, line 539]
Event: 7.650 Thread 0x000002d8f7904a60 Implicit null exception at 0x000002d8a4ebb16b to 0x000002d8a4ebb5c4
Event: 7.658 Thread 0x000002d8f7904a60 Exception <a 'java/lang/IncompatibleClassChangeError'{0x000000008438dad8}: Found class java.lang.Object, but interface was expected> (0x000000008438dad8) 
thrown [s\src\hotspot\share\interpreter\linkResolver.cpp, line 840]
Event: 7.662 Thread 0x000002d8f9307af0 Exception <a 'java/net/ConnectException'{0x0000000084988900}: Connection refused: getsockopt> (0x0000000084988900) 
thrown [s\src\hotspot\share\prims\jni.cpp, line 539]

ZGC Phase Switch (0 events):
No events

VM Operations (20 events):
Event: 2.484 Executing VM operation: CollectForMetadataAllocation (Metadata GC Threshold)
Event: 2.496 Executing VM operation: CollectForMetadataAllocation (Metadata GC Threshold) done
Event: 2.508 Executing VM operation: G1PauseRemark
Event: 2.510 Executing VM operation: G1PauseRemark done
Event: 2.512 Executing VM operation: G1PauseCleanup
Event: 2.515 Executing VM operation: G1PauseCleanup done
Event: 3.526 Executing VM operation: Cleanup
Event: 3.526 Executing VM operation: Cleanup done
Event: 4.537 Executing VM operation: Cleanup
Event: 4.537 Executing VM operation: Cleanup done
Event: 5.406 Executing VM operation: HandshakeAllThreads (Deoptimize)
Event: 5.406 Executing VM operation: HandshakeAllThreads (Deoptimize) done
Event: 5.408 Executing VM operation: HandshakeAllThreads (Deoptimize)
Event: 5.408 Executing VM operation: HandshakeAllThreads (Deoptimize) done
Event: 6.407 Executing VM operation: Cleanup
Event: 6.407 Executing VM operation: Cleanup done
Event: 7.063 Executing VM operation: HandshakeAllThreads (Deoptimize)
Event: 7.063 Executing VM operation: HandshakeAllThreads (Deoptimize) done
Event: 7.065 Executing VM operation: HandshakeAllThreads (Deoptimize)
Event: 7.065 Executing VM operation: HandshakeAllThreads (Deoptimize) done

Memory protections (0 events):
No events

Nmethod flushes (0 events):
No events

Events (20 events):
Event: 5.153 Thread 0x000002d8f9304670 Thread added: 0x000002d8f9307af0
Event: 5.407 Thread 0x000002d8f9307af0 Thread added: 0x000002d8f93032c0
Event: 5.419 Thread 0x000002d8f7904a60 Thread added: 0x000002d8f9303950
Event: 5.424 Thread 0x000002d8f930a250 Thread added: 0x000002d8f9308810
Event: 5.424 Thread 0x000002d8f930a250 Thread added: 0x000002d8f9308180
Event: 5.424 Thread 0x000002d8f930a250 Thread added: 0x000002d8f9305a20
Event: 7.099 Thread 0x000002d8f9304d00 Thread exited: 0x000002d8f9304d00
Event: 7.112 Thread 0x000002d8f9309bc0 Thread exited: 0x000002d8f9309bc0
Event: 7.112 Thread 0x000002d8f9304670 Thread exited: 0x000002d8f9304670
Event: 7.121 Thread 0x000002d8b17a97e0 Thread added: 0x000002d8b17aa580
Event: 7.161 Thread 0x000002d8f7904a60 Thread added: 0x000002d8f9308ea0
Event: 7.167 Thread 0x000002d8f7904a60 Thread added: 0x000002d8f9304670
Event: 7.169 Thread 0x000002d8f9308ea0 Thread added: 0x000002d8f9309bc0
Event: 7.172 Thread 0x000002d8f9308ea0 Thread added: 0x000002d8f9304d00
Event: 7.293 Thread 0x000002d8f7904a60 Thread added: 0x000002d8f93060b0
Event: 7.299 Thread 0x000002d8f7904a60 Thread added: 0x000002d8f9305390
Event: 7.300 Thread 0x000002d8f7904a60 Thread added: 0x000002d8f9306740
Event: 7.300 Thread 0x000002d8f7904a60 Thread added: 0x000002d8f9306dd0
Event: 7.382 Thread 0x000002d8f9305390 Thread exited: 0x000002d8f9305390
Event: 7.393 Thread 0x000002d8b17aa580 Thread exited: 0x000002d8b17aa580


Dynamic libraries:
0x00007ff771930000 - 0x00007ff77193e000 	C:\Users\PC\.p2\pool\plugins\org.eclipse.justj.openjdk.hotspot.jre.full.win32.x86_64_21.0.8.v20250724-1412\jre\bin\javaw.exe
0x00007ffadc7d0000 - 0x00007ffadc9c8000 	C:\WINDOWS\SYSTEM32\ntdll.dll
0x00007ffadb6f0000 - 0x00007ffadb7b2000 	C:\WINDOWS\System32\KERNEL32.DLL
0x00007ffada2b0000 - 0x00007ffada5a6000 	C:\WINDOWS\System32\KERNELBASE.dll
0x00007ffada1b0000 - 0x00007ffada2b0000 	C:\WINDOWS\System32\ucrtbase.dll
0x00007ffad30b0000 - 0x00007ffad30c8000 	C:\Users\PC\.p2\pool\plugins\org.eclipse.justj.openjdk.hotspot.jre.full.win32.x86_64_21.0.8.v20250724-1412\jre\bin\jli.dll
0x00007ffad3090000 - 0x00007ffad30ae000 	C:\Users\PC\.p2\pool\plugins\org.eclipse.justj.openjdk.hotspot.jre.full.win32.x86_64_21.0.8.v20250724-1412\jre\bin\VCRUNTIME140.dll
0x00007ffada800000 - 0x00007ffada99d000 	C:\WINDOWS\System32\USER32.dll
0x00007ffada6d0000 - 0x00007ffada6f2000 	C:\WINDOWS\System32\win32u.dll
0x00007ffac6a90000 - 0x00007ffac6d2b000 	C:\WINDOWS\WinSxS\amd64_microsoft.windows.common-controls_6595b64144ccf1df_6.0.19041.6280_none_60bc30a171f2f3f3\COMCTL32.dll
0x00007ffadc080000 - 0x00007ffadc0ab000 	C:\WINDOWS\System32\GDI32.dll
0x00007ffadba50000 - 0x00007ffadbaee000 	C:\WINDOWS\System32\msvcrt.dll
0x00007ffada5b0000 - 0x00007ffada6c9000 	C:\WINDOWS\System32\gdi32full.dll
0x00007ffada080000 - 0x00007ffada11d000 	C:\WINDOWS\System32\msvcp_win.dll
0x00007ffadc040000 - 0x00007ffadc06f000 	C:\WINDOWS\System32\IMM32.DLL
0x00007ffad56e0000 - 0x00007ffad56ec000 	C:\Users\PC\.p2\pool\plugins\org.eclipse.justj.openjdk.hotspot.jre.full.win32.x86_64_21.0.8.v20250724-1412\jre\bin\vcruntime140_1.dll
0x00007ffaaecc0000 - 0x00007ffaaed4d000 	C:\Users\PC\.p2\pool\plugins\org.eclipse.justj.openjdk.hotspot.jre.full.win32.x86_64_21.0.8.v20250724-1412\jre\bin\msvcp140.dll
0x00007ffa8d550000 - 0x00007ffa8e2e7000 	C:\Users\PC\.p2\pool\plugins\org.eclipse.justj.openjdk.hotspot.jre.full.win32.x86_64_21.0.8.v20250724-1412\jre\bin\server\jvm.dll
0x00007ffadc180000 - 0x00007ffadc231000 	C:\WINDOWS\System32\ADVAPI32.dll
0x00007ffadb1d0000 - 0x00007ffadb26f000 	C:\WINDOWS\System32\sechost.dll
0x00007ffadbf20000 - 0x00007ffadc040000 	C:\WINDOWS\System32\RPCRT4.dll
0x00007ffada7d0000 - 0x00007ffada7f7000 	C:\WINDOWS\System32\bcrypt.dll
0x00007ffadbeb0000 - 0x00007ffadbf1b000 	C:\WINDOWS\System32\WS2_32.dll
0x00007ffad93c0000 - 0x00007ffad940b000 	C:\WINDOWS\SYSTEM32\POWRPROF.dll
0x00007ffac5bd0000 - 0x00007ffac5bf7000 	C:\WINDOWS\SYSTEM32\WINMM.dll
0x00007ffacd9d0000 - 0x00007ffacd9da000 	C:\WINDOWS\SYSTEM32\VERSION.dll
0x00007ffad9230000 - 0x00007ffad9242000 	C:\WINDOWS\SYSTEM32\UMPDC.dll
0x00007ffad8650000 - 0x00007ffad8662000 	C:\WINDOWS\SYSTEM32\kernel.appcore.dll
0x00007ffac5f80000 - 0x00007ffac5f8a000 	C:\Users\PC\.p2\pool\plugins\org.eclipse.justj.openjdk.hotspot.jre.full.win32.x86_64_21.0.8.v20250724-1412\jre\bin\jimage.dll
0x00007ffad8340000 - 0x00007ffad8541000 	C:\WINDOWS\SYSTEM32\DBGHELP.DLL
0x00007ffac8280000 - 0x00007ffac82b4000 	C:\WINDOWS\SYSTEM32\dbgcore.DLL
0x00007ffada120000 - 0x00007ffada1a2000 	C:\WINDOWS\System32\bcryptPrimitives.dll
0x00007ffa8e760000 - 0x00007ffa8e77f000 	C:\Users\PC\.p2\pool\plugins\org.eclipse.justj.openjdk.hotspot.jre.full.win32.x86_64_21.0.8.v20250724-1412\jre\bin\java.dll
0x00007ffadaa60000 - 0x00007ffadb1d0000 	C:\WINDOWS\System32\SHELL32.dll
0x00007ffad7ac0000 - 0x00007ffad8265000 	C:\WINDOWS\SYSTEM32\windows.storage.dll
0x00007ffadb390000 - 0x00007ffadb6e3000 	C:\WINDOWS\System32\combase.dll
0x00007ffad97c0000 - 0x00007ffad97eb000 	C:\WINDOWS\SYSTEM32\Wldp.dll
0x00007ffadc0b0000 - 0x00007ffadc17d000 	C:\WINDOWS\System32\OLEAUT32.dll
0x00007ffadbd70000 - 0x00007ffadbe1d000 	C:\WINDOWS\System32\SHCORE.dll
0x00007ffada9a0000 - 0x00007ffada9fb000 	C:\WINDOWS\System32\shlwapi.dll
0x00007ffad9da0000 - 0x00007ffad9dc4000 	C:\WINDOWS\SYSTEM32\profapi.dll
0x00007ffa8e740000 - 0x00007ffa8e758000 	C:\Users\PC\.p2\pool\plugins\org.eclipse.justj.openjdk.hotspot.jre.full.win32.x86_64_21.0.8.v20250724-1412\jre\bin\zip.dll
0x00007ffac54c0000 - 0x00007ffac54d0000 	C:\Users\PC\.p2\pool\plugins\org.eclipse.justj.openjdk.hotspot.jre.full.win32.x86_64_21.0.8.v20250724-1412\jre\bin\net.dll
0x00007ffad11b0000 - 0x00007ffad12ba000 	C:\WINDOWS\SYSTEM32\WINHTTP.dll
0x00007ffad95a0000 - 0x00007ffad960a000 	C:\WINDOWS\system32\mswsock.dll
0x00007ffa8e720000 - 0x00007ffa8e736000 	C:\Users\PC\.p2\pool\plugins\org.eclipse.justj.openjdk.hotspot.jre.full.win32.x86_64_21.0.8.v20250724-1412\jre\bin\nio.dll
0x00007ffad92a0000 - 0x00007ffad936a000 	C:\WINDOWS\SYSTEM32\DNSAPI.dll
0x00007ffad9250000 - 0x00007ffad928b000 	C:\WINDOWS\SYSTEM32\IPHLPAPI.DLL
0x00007ffadc6d0000 - 0x00007ffadc6d8000 	C:\WINDOWS\System32\NSI.dll
0x00007ffad1820000 - 0x00007ffad182a000 	C:\Windows\System32\rasadhlp.dll
0x00007ffac57e0000 - 0x00007ffac5860000 	C:\WINDOWS\System32\fwpuclnt.dll
0x00007ffad6040000 - 0x00007ffad6049000 	C:\Users\PC\.p2\pool\plugins\org.eclipse.justj.openjdk.hotspot.jre.full.win32.x86_64_21.0.8.v20250724-1412\jre\bin\extnet.dll
0x00007ffad9800000 - 0x00007ffad9818000 	C:\WINDOWS\SYSTEM32\CRYPTSP.dll
0x00007ffad8e70000 - 0x00007ffad8ea8000 	C:\WINDOWS\system32\rsaenh.dll
0x00007ffad9d60000 - 0x00007ffad9d8e000 	C:\WINDOWS\SYSTEM32\USERENV.dll
0x00007ffad9730000 - 0x00007ffad973c000 	C:\WINDOWS\SYSTEM32\CRYPTBASE.dll
0x00007ffad2d80000 - 0x00007ffad2d8a000 	C:\Users\PC\.p2\pool\plugins\org.eclipse.justj.openjdk.hotspot.jre.full.win32.x86_64_21.0.8.v20250724-1412\jre\bin\management.dll
0x00007ffaca1a0000 - 0x00007ffaca1ab000 	C:\Users\PC\.p2\pool\plugins\org.eclipse.justj.openjdk.hotspot.jre.full.win32.x86_64_21.0.8.v20250724-1412\jre\bin\management_ext.dll
0x00007ffadc070000 - 0x00007ffadc078000 	C:\WINDOWS\System32\PSAPI.DLL
0x00007ffac8560000 - 0x00007ffac856e000 	C:\Users\PC\.p2\pool\plugins\org.eclipse.justj.openjdk.hotspot.jre.full.win32.x86_64_21.0.8.v20250724-1412\jre\bin\sunmscapi.dll
0x00007ffad9f20000 - 0x00007ffada07d000 	C:\WINDOWS\System32\CRYPT32.dll
0x00007ffad9910000 - 0x00007ffad9937000 	C:\WINDOWS\SYSTEM32\ncrypt.dll
0x00007ffad98d0000 - 0x00007ffad990b000 	C:\WINDOWS\SYSTEM32\NTASN1.dll
0x00007ffacd790000 - 0x00007ffacd797000 	C:\WINDOWS\system32\wshunix.dll
0x00007ffacd7b0000 - 0x00007ffacd7c0000 	C:\Users\PC\.p2\pool\plugins\org.eclipse.justj.openjdk.hotspot.jre.full.win32.x86_64_21.0.8.v20250724-1412\jre\bin\verify.dll
0x00007ffac2e70000 - 0x00007ffac2e87000 	C:\WINDOWS\system32\napinsp.dll
0x00007ffab70f0000 - 0x00007ffab710b000 	C:\WINDOWS\system32\pnrpnsp.dll
0x00007ffad62a0000 - 0x00007ffad62bd000 	C:\WINDOWS\system32\wshbth.dll
0x00007ffad3350000 - 0x00007ffad336d000 	C:\WINDOWS\system32\NLAapi.dll
0x00007ffab64c0000 - 0x00007ffab64d2000 	C:\WINDOWS\System32\winrnr.dll

JVMTI agents: none

dbghelp: loaded successfully - version: 4.0.5 - missing functions: none
symbol engine: initialized successfully - sym options: 0x614 - pdb path: .;C:\Users\PC\.p2\pool\plugins\org.eclipse.justj.openjdk.hotspot.jre.full.win32.x86_64_21.0.8.v20250724-1412\jre\bin;C:\WINDOWS\SYSTEM32;C:\WINDOWS\WinSxS\amd64_microsoft.windows.common-controls_6595b64144ccf1df_6.0.19041.6280_none_60bc30a171f2f3f3;C:\Users\PC\.p2\pool\plugins\org.eclipse.justj.openjdk.hotspot.jre.full.win32.x86_64_21.0.8.v20250724-1412\jre\bin\server

VM Arguments:
jvm_args: -ea -Dfile.encoding=UTF-8 -Dstdout.encoding=UTF-8 -Dstderr.encoding=UTF-8 -XX:+ShowCodeDetailsInExceptionMessages --add-opens=jdk.compiler/com.sun.tools.javac.processing=ALL-UNNAMED --add-opens=jdk.compiler/com.sun.tools.javac.api=ALL-UNNAMED 
java_command: org.testng.remote.RemoteTestNG -serport 50177 -protocol json -d C:\Users\PC\git\repository\newproject\test-output C:\Users\PC\git\repository\newproject\seleniumgridparallel.xml
java_class_path (initial): C:\Users\PC\eclipse\java-2025-06\eclipse\configuration\org.eclipse.osgi\561\0\.cp\lib\testng-remote.jar;C:\Users\PC\git\repository\newproject\target\test-classes;C:\Users\PC\git\repository\newproject\target\classes;C:\Users\PC\.m2\repository\io\github\bonigarcia\webdrivermanager\6.1.0\webdrivermanager-6.1.0.jar;C:\Users\PC\.m2\repository\com\google\code\gson\gson\2.13.0\gson-2.13.0.jar;C:\Users\PC\.m2\repository\com\google\errorprone\error_prone_annotations\2.37.0\error_prone_annotations-2.37.0.jar;C:\Users\PC\.m2\repository\com\github\docker-java\docker-java\3.5.0\docker-java-3.5.0.jar;C:\Users\PC\.m2\repository\com\github\docker-java\docker-java-core\3.5.0\docker-java-core-3.5.0.jar;C:\Users\PC\.m2\repository\com\github\docker-java\docker-java-api\3.5.0\docker-java-api-3.5.0.jar;C:\Users\PC\.m2\repository\com\fasterxml\jackson\core\jackson-annotations\2.18.3\jackson-annotations-2.18.3.jar;C:\Users\PC\.m2\repository\com\fasterxml\jackson\core\jackson-databind\2.18.3\jackson-databind-2.18.3.jar;C:\Users\PC\.m2\repository\com\fasterxml\jackson\core\jackson-core\2.18.3\jackson-core-2.18.3.jar;C:\Users\PC\.m2\repository\org\slf4j\jcl-over-slf4j\1.7.30\jcl-over-slf4j-1.7.30.jar;C:\Users\PC\.m2\repository\com\github\docker-java\docker-java-transport-httpclient5\3.5.0\docker-java-transport-httpclient5-3.5.0.jar;C:\Users\PC\.m2\repository\com\github\docker-java\docker-java-transport\3.5.0\docker-java-transport-3.5.0.jar;C:\Users\PC\.m2\repository\net\java\dev\jna\jna\5.17.0\jna-5.17.0.jar;C:\Users\PC\.m2\repository\org\brotli\dec\0.1.2\dec-0.1.2.jar;C:\Users\PC\.m2\repository\org\apache\commons\commons-lang3\3.17.0\commons-lang3-3.17.0.jar;C:\Users\PC\.m2\repository\org\apache\commons\commons-compress\1.27.1\commons-compress-1.27.1.jar;C:\Users\PC\.m2\repository\org\apache\httpcomponents\client5\httpclient5\5.4.3\httpclient5-5.4.3.jar;C:\Users\PC\.m2\repository\org\apache\httpcomponents\core5\httpcore5\5.3.4\httpcore5-5.3.4.jar;C:\Users\PC\.m2\repository\org\apache\httpcomponents\core5\httpcore5-h2\5.3.4\httpcore5-h2-5.3.4.jar;C:\Users\PC\.m2\repository\net\java\dev\jna\jna-platform\5.13.0\jna-platform-5.13.0.jar;C:\Users\PC\.m2\repository\org\seleniumhq\selenium\selenium-java\4.34.0\selenium-java-4.34.0.jar;C:\Users\PC\.m2\repository\org\seleniumhq\selenium\selenium-api\4.34.0\selenium-api-4.34.0.jar;C:\Users\PC\.m2\repository\org\jspecify\jspecify\1.0.0\jspecify-1.0.0.jar;C:\Users\PC\.m2\repository\org\seleniumhq\selenium\selenium-chrome-driver\4.34.0\selenium-chrome-driver-4.34.0.jar;C:\Users\PC\.m2\repository\com\google\auto\service\auto-service-annotations\1.1.1\auto-service-annotations-1.1.1.jar;C:\Users\PC\.m2\repository\org\seleniumhq\selenium\selenium-chromium-driver\4.34.0\selenium-chromium-driver-4.34.0.jar;C:\Users\PC\.m2\repository\org\seleniumhq\selenium\selenium-json\4.34.0\selenium-json-4.34.0.jar;C:\Users\PC\.m2\repository\org\seleniumhq\selenium\selenium-manager\4.34.0\selenium-manager-4.34.0.jar;C:\Users\PC\.m2\repository\org\seleniumhq\selenium\selenium-devtools-v136\4.34.0\selenium-devtools-v136-4.34.0.jar;C:\Users\PC\.m2\repository\org\seleniumhq\selenium\selenium-devtools-v137\4.34.0\selenium-devtools-v137-4.34.0.jar;C:\Users\PC\.m2\repository\org\seleniumhq\selenium\selenium-devtools-v138\4.34.0\selenium-devtools-v138-4.34.0.jar;C:\Users\PC\.m2\repository\org\seleniumhq\selenium\selenium-edge-driver\4.34.0\selenium-edge-driver-4.34.0.jar;C:\Users\PC\.m2\repository\org\seleniumhq\selenium\selenium-firefox-driver\4.34.0\selenium-firefox-driver-4.34.0.jar;C:\Users\PC\.m2\repository\org\seleniumhq\selenium\selenium-http\4.34.0\selenium-http-4.34.0.jar;C:\Users\PC\.m2\repository\org\seleniumhq\selenium\selenium-ie-driver\4.34.0\selenium-ie-driver-4.34.0.jar;C:\Users\PC\.m2\repository\org\seleniumhq\selenium\selenium-remote-driver\4.34.0\selenium-remote-driver-4.34.0.jar;C:\Users\PC\.m2\repository\com\google\guava\guava\33.4.8-jre\guava-33.4.8-jre.jar;C:\Users\PC\.m2\repository\com\google\guava\failureaccess\1.0.3\failureaccess-1.0.3.jar;C:\Users\PC\.m2\repository\com\google\guava\listenablefuture\9999.0-empty-to-avoid-conflict-with-guava\listenablefuture-9999.0-empty-to-avoid-conflict-with-guava.jar;C:\Users\PC\.m2\repository\com\google\j2objc\j2objc-annotations\3.0.0\j2objc-annotations-3.0.0.jar;C:\Users\PC\.m2\repository\io\opentelemetry\opentelemetry-api\1.51.0\opentelemetry-api-1.51.0.jar;C:\Users\PC\.m2\repository\io\opentelemetry\opentelemetry-context\1.51.0\opentelemetry-context-1.51.0.jar;C:\Users\PC\.m2\repository\io\opentelemetry\opentelemetry-exporter-logging\1.51.0\opentelemetry-exporter-logging-1.51.0.jar;C:\Users\PC\.m2\repository\io\opentelemetry\opentelemetry-sdk-common\1.51.0\opentelemetry-sdk-common-1.51.0.jar;C:\Users\PC\.m2\repository\io\opentelemetry\opentelemetry-sdk-extension-autoconfigure-spi\1.51.0\opentelemetry-sdk-extension-autoconfigure-spi-1.51.0.jar;C:\Users\PC\.m2\repository\io\opentelemetry\opentelemetry-sdk-extension-autoconfigure\1.51.0\opentelemetry-sdk-extension-autoconfigure-1.51.0.jar;C:\Users\PC\.m2\repository\io\opentelemetry\opentelemetry-sdk-trace\1.51.0\opentelemetry-sdk-trace-1.51.0.jar;C:\Users\PC\.m2\repository\io\opentelemetry\opentelemetry-sdk\1.51.0\opentelemetry-sdk-1.51.0.jar;C:\Users\PC\.m2\repository\io\opentelemetry\opentelemetry-sdk-metrics\1.51.0\opentelemetry-sdk-metrics-1.51.0.jar;C:\Users\PC\.m2\repository\io\opentelemetry\opentelemetry-sdk-logs\1.51.0\opentelemetry-sdk-logs-1.51.0.jar;C:\Users\PC\.m2\repository\net\bytebuddy\byte-buddy\1.17.6\byte-buddy-1.17.6.jar;C:\Users\PC\.m2\repository\org\seleniumhq\selenium\selenium-os\4.34.0\selenium-os-4.34.0.jar;C:\Users\PC\.m2\repository\org\apache\commons\commons-exec\1.5.0\commons-exec-1.5.0.jar;C:\Users\PC\.m2\repository\org\seleniumhq\selenium\selenium-safari-driver\4.34.0\selenium-safari-driver-4.34.0.jar;C:\Users\PC\.m2\repository\org\seleniumhq\selenium\selenium-support\4.34.0\selenium-support-4.34.0.jar;C:\Users\PC\.m2\repository\org\projectlombok\lombok\1.18.24\lombok-1.18.24.jar;C:\Users\PC\.m2\repository\org\testng\testng\7.10.2\testng-7.10.2.jar;C:\Users\PC\.m2\repository\com\beust\jcommander\1.82\jcommander-1.82.jar;C:\Users\PC\.m2\repository\org\webjars\jquery\3.7.1\jquery-3.7.1.jar;C:\Users\PC\.m2\repository\junit\junit\4.13.2\junit-4.13.2.jar;C:\Users\PC\.m2\repository\org\hamcrest\hamcrest-core\1.3\hamcrest-core-1.3.jar;C:\Users\PC\.m2\repository\org\apache\poi\poi\5.2.5\poi-5.2.5.jar;C:\Users\PC\.m2\repository\commons-codec\commons-codec\1.16.0\commons-codec-1.16.0.jar;C:\Users\PC\.m2\repository\org\apache\commons\commons-collections4\4.4\commons-collections4-4.4.jar;C:\Users\PC\.m2\repository\org\apache\commons\commons-math3\3.6.1\commons-math3-3.6.1.jar;C:\Users\PC\.m2\repository\commons-io\commons-io\2.15.0\commons-io-2.15.0.jar;C:\Users\PC\.m2\repository\com\zaxxer\SparseBitSet\1.3\SparseBitSet-1.3.jar;C:\Users\PC\.m2\repository\org\apache\logging\log4j\log4j-api\2.21.1\log4j-api-2.21.1.jar;C:\Users\PC\.m2\repository\org\apache\poi\poi-ooxml\5.2.5\poi-ooxml-5.2.5.jar;C:\Users\PC\.m2\repository\org\apache\poi\poi-ooxml-lite\5.2.5\poi-ooxml-lite-5.2.5.jar;C:\Users\PC\.m2\repository\org\apache\xmlbeans\xmlbeans\5.2.0\xmlbeans-5.2.0.jar;C:\Users\PC\.m2\repository\com\github\virtuald\curvesapi\1.08\curvesapi-1.08.jar;C:\Users\PC\.m2\repository\log4j\log4j\1.2.17\log4j-1.2.17.jar;C:\Users\PC\.m2\repository\org\slf4j\slf4j-api\2.0.17\slf4j-api-2.0.17.jar;C:\Users\PC\.m2\repository\com\aventstack\extentreports\5.0.9\extentreports-5.0.9.jar;C:\Users\PC\.m2\repository\io\reactivex\rxjava3\rxjava\3.0.4\rxjava-3.0.4.jar;C:\Users\PC\.m2\repository\org\reactivestreams\reactive-streams\1.0.3\reactive-streams-1.0.3.jar;C:\Users\PC\.m2\repository\org\freemarker\freemarker\2.3.30\freemarker-2.3.30.jar;C:\Users\PC\.m2\repository\org\apache\poi\poi-ooxml-full\5.2.5\poi-ooxml-full-5.2.5.jar
Launcher Type: SUN_STANDARD

[Global flags]
     intx CICompilerCount                          = 4                                         {product} {ergonomic}
     uint ConcGCThreads                            = 2                                         {product} {ergonomic}
     uint G1ConcRefinementThreads                  = 8                                         {product} {ergonomic}
   size_t G1HeapRegionSize                         = 1048576                                   {product} {ergonomic}
    uintx GCDrainStackTargetSize                   = 64                                        {product} {ergonomic}
   size_t InitialHeapSize                          = 134217728                                 {product} {ergonomic}
   size_t MarkStackSize                            = 4194304                                   {product} {ergonomic}
   size_t MaxHeapSize                              = 2122317824                                {product} {ergonomic}
   size_t MaxNewSize                               = 1272971264                                {product} {ergonomic}
   size_t MinHeapDeltaBytes                        = 1048576                                   {product} {ergonomic}
   size_t MinHeapSize                              = 8388608                                   {product} {ergonomic}
    uintx NonNMethodCodeHeapSize                   = 5839372                                {pd product} {ergonomic}
    uintx NonProfiledCodeHeapSize                  = 122909434                              {pd product} {ergonomic}
    uintx ProfiledCodeHeapSize                     = 122909434                              {pd product} {ergonomic}
    uintx ReservedCodeCacheSize                    = 251658240                              {pd product} {ergonomic}
     bool SegmentedCodeCache                       = true                                      {product} {ergonomic}
     bool ShowCodeDetailsInExceptionMessages       = true                                   {manageable} {command line}
   size_t SoftMaxHeapSize                          = 2122317824                             {manageable} {ergonomic}
     bool UseCompressedOops                        = true                           {product lp64_product} {ergonomic}
     bool UseG1GC                                  = true                                      {product} {ergonomic}
     bool UseLargePagesIndividualAllocation        = false                                  {pd product} {ergonomic}

Logging:
Log output configuration:
 #0: stdout all=warning uptime,level,tags foldmultilines=false
 #1: stderr all=off uptime,level,tags foldmultilines=false

Environment Variables:
JAVA_HOME=C:\Program Files\Java\jdk-21\bin
PATH=C:/Users/PC/.p2/pool/plugins/org.eclipse.justj.openjdk.hotspot.jre.full.win32.x86_64_21.0.8.v20250724-1412/jre/bin/server;C:/Users/PC/.p2/pool/plugins/org.eclipse.justj.openjdk.hotspot.jre.full.win32.x86_64_21.0.8.v20250724-1412/jre/bin;C:\Program Files (x86)\Common Files\Oracle\Java\javapath;C:\WINDOWS\system32;C:\WINDOWS;C:\WINDOWS\System32\Wbem;C:\WINDOWS\System32\WindowsPowerShell\v1.0\;C:\WINDOWS\System32\OpenSSH\;C:\Program Files\dotnet\;C:\Program Files (x86)\Intel\Intel(R) Management Engine Components\DAL;C:\Program Files\Intel\Intel(R) Management Engine Components\DAL;C:\Program Files\Intel\WiFi\bin\;C:\Program Files\Common Files\Intel\WirelessCommon\;C:\Program Files\Microsoft SQL Server\150\Tools\Binn\;C:\Program Files\Java\jdk-21\bin;C:\Program Files\Git\cmd;C:\Users\PC\Downloads\apache-maven-3.9.11-bin\apache-maven-3.9.11\bin;C:\Program Files\Nodejs;C:\Program Files (x86)\VMware\VMware Player\bin\;C:\Windows\system32;C:\Windows;C:\Windows\System32\Wbem;C:\Windows\System32\WindowsPowerShell\v1.0\;C:\Windows\System32\OpenSSH\;C:\Program Files\dotnet\;C:\Program Files (x86)\Intel\Intel(R) Management Engine Components\DAL;C:\Program Files\Intel\Intel(R) Management Engine Components\DAL;C:\Program Files\nodejs\;C:\Users\PC\AppData\Local\Programs\Python\Python311\Scripts\;C:\Users\PC\AppData\Local\Programs\Python\Python311\;C:\Users\PC\AppData\Local\Microsoft\WindowsApps;C:\Users\PC\AppData\Local\Programs\Microsoft VS Code\bin;C:\Program Files\nodejs;C:\MinGW\bin;C:\Users\PC\.dotnet\tools;C:\Users\PC\AppData\Local\Microsoft\WindowsApps;;C:\WINDOWS\system32;
USERNAME=PC
OS=Windows_NT
PROCESSOR_IDENTIFIER=Intel64 Family 6 Model 142 Stepping 10, GenuineIntel
TMP=C:\Users\PC\AppData\Local\Temp
TEMP=C:\Users\PC\AppData\Local\Temp




Periodic native trim disabled

---------------  S Y S T E M  ---------------

OS:
 Windows 10 , 64 bit Build 19041 (10.0.19041.5915)
OS uptime: 0 days 0:23 hours
Hyper-V role detected

CPU: total 8 (initial active 8) (4 cores per cpu, 2 threads per core) family 6 model 142 stepping 10 microcode 0xf0, cx8, cmov, fxsr, ht, mmx, 3dnowpref, sse, sse2, sse3, ssse3, sse4.1, sse4.2, popcnt, lzcnt, tsc, tscinvbit, avx, avx2, aes, erms, clmul, bmi1, bmi2, adx, fma, vzeroupper, clflush, clflushopt, hv, rdtscp, f16c
Processor Information for the first 8 processors :
  Max Mhz: 1992, Current Mhz: 1792, Mhz Limit: 1792

Memory: 4k page, system-wide physical 8089M (585M free)
TotalPageFile size 10137M (AvailPageFile size 184M)
current process WorkingSet (physical memory assigned to process): 137M, peak: 180M
current process commit charge ("private bytes"): 203M, peak: 288M

vm_info: OpenJDK 64-Bit Server VM (21.0.8+9-LTS) for windows-amd64 JRE (21.0.8+9-LTS), built on 2025-07-15T00:00:00Z by "admin" with MS VC++ 17.7 (VS2022)

END.
