#
# There is insufficient memory for the Java Runtime Environment to continue.
# Native memory allocation (malloc) failed to allocate 32784 bytes. Error detail: Chunk::new
# Possible reasons:
#   The system is out of physical RAM or swap space
#   This process is running with CompressedOops enabled, and the Java Heap may be blocking the growth of the native heap
# Possible solutions:
#   Reduce memory load on the system
#   Increase physical memory or swap space
#   Check if swap backing store is full
#   Decrease Java heap size (-Xmx/-Xms)
#   Decrease number of Java threads
#   Decrease Java thread stack sizes (-Xss)
#   Set larger code cache with -XX:ReservedCodeCacheSize=
#   JVM is running with Unscaled Compressed Oops mode in which the Java heap is
#     placed in the first 4GB address space. The Java Heap base address is the
#     maximum limit for the native heap growth. Please use -XX:HeapBaseMinAddress
#     to set the Java Heap base and to place the Java Heap above 4GB virtual address.
# This output file may be truncated or incomplete.
#
#  Out of Memory Error (arena.cpp:168), pid=4256, tid=11744
#
# JRE version: OpenJDK Runtime Environment Temurin-21.0.8+9 (21.0.8+9) (build 21.0.8+9-LTS)
# Java VM: OpenJDK 64-Bit Server VM Temurin-21.0.8+9 (21.0.8+9-LTS, mixed mode, sharing, tiered, compressed oops, compressed class ptrs, g1 gc, windows-amd64)
# No core dump will be written. Minidumps are not enabled by default on client versions of Windows
#

---------------  S U M M A R Y ------------

Command Line: -ea -Dfile.encoding=UTF-8 -Dstdout.encoding=UTF-8 -Dstderr.encoding=UTF-8 -XX:+ShowCodeDetailsInExceptionMessages --add-opens=jdk.compiler/com.sun.tools.javac.processing=ALL-UNNAMED --add-opens=jdk.compiler/com.sun.tools.javac.api=ALL-UNNAMED org.testng.remote.RemoteTestNG -serport 50538 -protocol json -d C:\Users\PC\git\repository\newproject\test-output C:\Users\PC\git\repository\newproject\seleniumgridparallel.xml

Host: Intel(R) Core(TM) i7-8550U CPU @ 1.80GHz, 8 cores, 7G,  Windows 10 , 64 bit Build 19041 (10.0.19041.5915)
Time: Fri Oct  3 07:50:55 2025 India Standard Time elapsed time: 6.804731 seconds (0d 0h 0m 6s)

---------------  T H R E A D  ---------------

Current thread (0x0000018b2176ff40):  JavaThread "C2 CompilerThread0" daemon [_thread_in_native, id=11744, stack(0x0000005823300000,0x0000005823400000) (1024K)]


Current CompileTask:
C2:6804 2879   !   4       java.util.concurrent.ConcurrentHashMap::putVal (432 bytes)

Stack: [0x0000005823300000,0x0000005823400000]
Native frames: (J=compiled Java code, j=interpreted, Vv=VM code, C=native code)
V  [jvm.dll+0x6d2449]
V  [jvm.dll+0x8ae341]
V  [jvm.dll+0x8b08be]
V  [jvm.dll+0x8b0fa3]
V  [jvm.dll+0x280c96]
V  [jvm.dll+0xc581d]
V  [jvm.dll+0xc5d53]
V  [jvm.dll+0xc5945]
V  [jvm.dll+0x6ad73c]
V  [jvm.dll+0x65b361]
V  [jvm.dll+0x660abd]
V  [jvm.dll+0x6619f6]
V  [jvm.dll+0x65fd8e]
V  [jvm.dll+0x248d55]
V  [jvm.dll+0x2484af]
V  [jvm.dll+0x1c89ee]
V  [jvm.dll+0x257d4d]
V  [jvm.dll+0x2562ea]
V  [jvm.dll+0x3f2d16]
V  [jvm.dll+0x857e6b]
V  [jvm.dll+0x6d0b0d]
C  [ucrtbase.dll+0x21bb2]
C  [KERNEL32.DLL+0x17374]
C  [ntdll.dll+0x4cc91]


---------------  P R O C E S S  ---------------

Threads class SMR info:
_java_thread_list=0x0000018b6a5a09c0, length=37, elements={
0x0000018b0754d8a0, 0x0000018b21752cd0, 0x0000018b21753720, 0x0000018b21757190,
0x0000018b21757be0, 0x0000018b217628d0, 0x0000018b21766070, 0x0000018b2176ff40,
0x0000018b21774600, 0x0000018b218bb270, 0x0000018b218bb900, 0x0000018b218bc620,
0x0000018b218bccb0, 0x0000018b218bbf90, 0x0000018b218bd340, 0x0000018b218b9ec0,
0x0000018b218babe0, 0x0000018b218ba550, 0x0000018b67b23580, 0x0000018b67b22860,
0x0000018b67b214b0, 0x0000018b67b1e030, 0x0000018b67b221d0, 0x0000018b67b20e20,
0x0000018b67b22ef0, 0x0000018b67b1ed50, 0x0000018b67b23c10, 0x0000018b67b21b40,
0x0000018b67b1d310, 0x0000018b67b1d9a0, 0x0000018b67b1cc80, 0x0000018b67b242a0,
0x0000018b67b1e6c0, 0x0000018b67b1f3e0, 0x0000018b67b1fa70, 0x0000018b67b20100,
0x0000018b674326d0
}

Java Threads: ( => current thread )
  0x0000018b0754d8a0 JavaThread "main"                              [_thread_blocked, id=8636, stack(0x0000005822500000,0x0000005822600000) (1024K)]
  0x0000018b21752cd0 JavaThread "Reference Handler"          daemon [_thread_blocked, id=14556, stack(0x0000005822d00000,0x0000005822e00000) (1024K)]
  0x0000018b21753720 JavaThread "Finalizer"                  daemon [_thread_blocked, id=14552, stack(0x0000005822e00000,0x0000005822f00000) (1024K)]
  0x0000018b21757190 JavaThread "Signal Dispatcher"          daemon [_thread_blocked, id=11104, stack(0x0000005822f00000,0x0000005823000000) (1024K)]
  0x0000018b21757be0 JavaThread "Attach Listener"            daemon [_thread_blocked, id=3412, stack(0x0000005823000000,0x0000005823100000) (1024K)]
  0x0000018b217628d0 JavaThread "Service Thread"             daemon [_thread_blocked, id=9516, stack(0x0000005823100000,0x0000005823200000) (1024K)]
  0x0000018b21766070 JavaThread "Monitor Deflation Thread"   daemon [_thread_blocked, id=9476, stack(0x0000005823200000,0x0000005823300000) (1024K)]
=>0x0000018b2176ff40 JavaThread "C2 CompilerThread0"         daemon [_thread_in_native, id=11744, stack(0x0000005823300000,0x0000005823400000) (1024K)]
  0x0000018b21774600 JavaThread "C1 CompilerThread0"         daemon [_thread_in_native, id=8852, stack(0x0000005823400000,0x0000005823500000) (1024K)]
  0x0000018b218bb270 JavaThread "Common-Cleaner"             daemon [_thread_blocked, id=14668, stack(0x0000005823500000,0x0000005823600000) (1024K)]
  0x0000018b218bb900 JavaThread "Notification Thread"        daemon [_thread_blocked, id=6796, stack(0x0000005823600000,0x0000005823700000) (1024K)]
  0x0000018b218bc620 JavaThread "ReaderThread"                      [_thread_in_native, id=3848, stack(0x0000005823a00000,0x0000005823b00000) (1024K)]
  0x0000018b218bccb0 JavaThread "ForkJoinPool.commonPool-worker-1" daemon [_thread_blocked, id=14708, stack(0x0000005824100000,0x0000005824200000) (1024K)]
  0x0000018b218bbf90 JavaThread "ForkJoinPool.commonPool-worker-2" daemon [_thread_blocked, id=4280, stack(0x0000005824200000,0x0000005824300000) (1024K)]
  0x0000018b218bd340 JavaThread "ForkJoinPool.commonPool-worker-3" daemon [_thread_blocked, id=13224, stack(0x0000005824300000,0x0000005824400000) (1024K)]
  0x0000018b218b9ec0 JavaThread "ForkJoinPool.commonPool-worker-4" daemon [_thread_blocked, id=12348, stack(0x0000005824400000,0x0000005824500000) (1024K)]
  0x0000018b218babe0 JavaThread "Forwarding newSession on session null to remote"        [_thread_blocked, id=9444, stack(0x0000005824500000,0x0000005824600000) (1024K)]
  0x0000018b218ba550 JavaThread "TestNG-test-Test123parallel-2"        [_thread_in_vm, id=14080, stack(0x0000005824600000,0x0000005824700000) (1024K)]
  0x0000018b67b23580 JavaThread "HttpClient-1-SelectorManager" daemon [_thread_in_native, id=9628, stack(0x0000005824800000,0x0000005824900000) (1024K)]
  0x0000018b67b22860 JavaThread "JdkHttpClient-0-0"          daemon [_thread_blocked, id=8368, stack(0x0000005824900000,0x0000005824a00000) (1024K)]
  0x0000018b67b214b0 JavaThread "CompletableFutureDelayScheduler" daemon [_thread_blocked, id=7720, stack(0x0000005824a00000,0x0000005824b00000) (1024K)]
  0x0000018b67b1e030 JavaThread "JdkHttpClient-0-1"          daemon [_thread_blocked, id=14492, stack(0x0000005824b00000,0x0000005824c00000) (1024K)]
  0x0000018b67b221d0 JavaThread "JdkHttpClient-0-2"          daemon [_thread_blocked, id=10948, stack(0x0000005824c00000,0x0000005824d00000) (1024K)]
  0x0000018b67b20e20 JavaThread "JdkHttpClient-0-3"          daemon [_thread_blocked, id=13508, stack(0x0000005824d00000,0x0000005824e00000) (1024K)]
  0x0000018b67b22ef0 JavaThread "UrlChecker-2"               daemon [_thread_blocked, id=13036, stack(0x0000005825200000,0x0000005825300000) (1024K)]
  0x0000018b67b1ed50 JavaThread "Keep-Alive-Timer"           daemon [_thread_blocked, id=10604, stack(0x0000005825300000,0x0000005825400000) (1024K)]
  0x0000018b67b23c10 JavaThread "HttpClient-4-SelectorManager" daemon [_thread_in_native, id=8484, stack(0x0000005823700000,0x0000005823800000) (1024K)]
  0x0000018b67b21b40 JavaThread "JdkHttpClient-3-0"          daemon [_thread_blocked, id=6460, stack(0x0000005823800000,0x0000005823900000) (1024K)]
  0x0000018b67b1d310 JavaThread "JdkHttpClient-3-1"          daemon [_thread_blocked, id=10872, stack(0x0000005824e00000,0x0000005824f00000) (1024K)]
  0x0000018b67b1d9a0 JavaThread "JdkHttpClient-3-2"          daemon [_thread_blocked, id=15112, stack(0x0000005824f00000,0x0000005825000000) (1024K)]
  0x0000018b67b1cc80 JavaThread "JdkHttpClient-3-3"          daemon [_thread_blocked, id=9920, stack(0x0000005825000000,0x0000005825100000) (1024K)]
  0x0000018b67b242a0 JavaThread "HttpClient-5-SelectorManager" daemon [_thread_in_native, id=8200, stack(0x0000005825100000,0x0000005825200000) (1024K)]
  0x0000018b67b1e6c0 JavaThread "JdkHttpClient-4-0"          daemon [_thread_blocked, id=11244, stack(0x0000005825400000,0x0000005825500000) (1024K)]
  0x0000018b67b1f3e0 JavaThread "JdkHttpClient-4-1"          daemon [_thread_blocked, id=11440, stack(0x0000005825500000,0x0000005825600000) (1024K)]
  0x0000018b67b1fa70 JavaThread "JdkHttpClient-4-2"          daemon [_thread_blocked, id=3580, stack(0x0000005825600000,0x0000005825700000) (1024K)]
  0x0000018b67b20100 JavaThread "JdkHttpClient-4-3"          daemon [_thread_blocked, id=7136, stack(0x0000005825700000,0x0000005825800000) (1024K)]
  0x0000018b674326d0 JavaThread "C2 CompilerThread1"         daemon [_thread_in_native, id=7264, stack(0x0000005825800000,0x0000005825900000) (1024K)]
Total: 37

Other Threads:
  0x0000018b217353c0 VMThread "VM Thread"                           [id=3216, stack(0x0000005822c00000,0x0000005822d00000) (1024K)]
  0x0000018b217229b0 WatcherThread "VM Periodic Task Thread"        [id=1068, stack(0x0000005822b00000,0x0000005822c00000) (1024K)]
  0x0000018b099013d0 WorkerThread "GC Thread#0"                     [id=2148, stack(0x0000005822600000,0x0000005822700000) (1024K)]
  0x0000018b6784d820 WorkerThread "GC Thread#1"                     [id=3896, stack(0x0000005823b00000,0x0000005823c00000) (1024K)]
  0x0000018b6784e3d0 WorkerThread "GC Thread#2"                     [id=2232, stack(0x0000005823c00000,0x0000005823d00000) (1024K)]
  0x0000018b6784e770 WorkerThread "GC Thread#3"                     [id=9768, stack(0x0000005823d00000,0x0000005823e00000) (1024K)]
  0x0000018b6797ac80 WorkerThread "GC Thread#4"                     [id=13148, stack(0x0000005823e00000,0x0000005823f00000) (1024K)]
  0x0000018b6797f590 WorkerThread "GC Thread#5"                     [id=10672, stack(0x0000005823f00000,0x0000005824000000) (1024K)]
  0x0000018b6797f930 WorkerThread "GC Thread#6"                     [id=8592, stack(0x0000005824000000,0x0000005824100000) (1024K)]
  0x0000018b67c12280 WorkerThread "GC Thread#7"                     [id=6436, stack(0x0000005824700000,0x0000005824800000) (1024K)]
  0x0000018b09913120 ConcurrentGCThread "G1 Main Marker"            [id=10476, stack(0x0000005822700000,0x0000005822800000) (1024K)]
  0x0000018b09913b30 WorkerThread "G1 Conc#0"                       [id=632, stack(0x0000005822800000,0x0000005822900000) (1024K)]
  0x0000018b67c134a0 WorkerThread "G1 Conc#1"                       [id=11392, stack(0x0000005825b00000,0x0000005825c00000) (1024K)]
  0x0000018b215e4580 ConcurrentGCThread "G1 Refine#0"               [id=13228, stack(0x0000005822900000,0x0000005822a00000) (1024K)]
  0x0000018b215e7dc0 ConcurrentGCThread "G1 Service"                [id=12856, stack(0x0000005822a00000,0x0000005822b00000) (1024K)]
Total: 15

Threads with active compile tasks:
C2 CompilerThread0  6839 2879   !   4       java.util.concurrent.ConcurrentHashMap::putVal (432 bytes)
C1 CompilerThread0  6839 2905   !   3       sun.nio.fs.WindowsPath::getPathForWin32Calls (147 bytes)
C2 CompilerThread1  6839 2891 %     4       java.util.Properties::load0 @ 29 (249 bytes)
Total: 3

VM state: not at safepoint (normal execution)

VM Mutex/Monitor currently owned by a thread:  ([mutex/lock_event])
[0x00007ffa8e203458] Metaspace_lock - owner thread: 0x0000018b218ba550

OutOfMemory and StackOverflow Exception counts:
OutOfMemoryError java_heap_errors=1
LinkageErrors=85

Heap address: 0x0000000081800000, size: 2024 MB, Compressed Oops mode: 32-bit

CDS archive(s) mapped at: [0x0000018b22000000-0x0000018b22c80000-0x0000018b22c80000), size 13107200, SharedBaseAddress: 0x0000018b22000000, ArchiveRelocationMode: 1.
Compressed class space mapped at: 0x0000018b23000000-0x0000018b63000000, reserved size: 1073741824
Narrow klass base: 0x0000018b22000000, Narrow klass shift: 0, Narrow klass range: 0x100000000

GC Precious Log:
 CardTable entry size: 512
 Card Set container configuration: InlinePtr #cards 5 size 8 Array Of Cards #cards 12 size 40 Howl #buckets 4 coarsen threshold 1843 Howl Bitmap #cards 512 size 80 coarsen threshold 460 Card regions per heap region 1 cards per card region 2048
 CPUs: 8 total, 8 available
 Memory: 8089M
 Large Page Support: Disabled
 NUMA Support: Disabled
 Compressed Oops: Enabled (32-bit)
 Heap Region Size: 1M
 Heap Min Capacity: 8M
 Heap Initial Capacity: 128M
 Heap Max Capacity: 2024M
 Pre-touch: Disabled
 Parallel Workers: 8
 Concurrent Workers: 2
 Concurrent Refinement Workers: 8
 Periodic GC: Disabled

Heap:
 garbage-first heap   total 68608K, used 27368K [0x0000000081800000, 0x0000000100000000)
  region size 1024K, 18 young (18432K), 10 survivors (10240K)
 Metaspace       used 21264K, committed 21696K, reserved 1114112K
  class space    used 2624K, committed 2816K, reserved 1048576K

Heap Regions: E=young(eden), S=young(survivor), O=old, HS=humongous(starts), HC=humongous(continues), CS=collection set, F=free, TAMS=top-at-mark-start, PB=parsable bottom
|   0|0x0000000081800000, 0x0000000081900000, 0x0000000081900000|100%|HS|  |TAMS 0x0000000081800000| PB 0x0000000081800000| Complete 
|   1|0x0000000081900000, 0x0000000081a00000, 0x0000000081a00000|100%|HS|  |TAMS 0x0000000081900000| PB 0x0000000081900000| Complete 
|   2|0x0000000081a00000, 0x0000000081b00000, 0x0000000081b00000|100%|HC|  |TAMS 0x0000000081a00000| PB 0x0000000081a00000| Complete 
|   3|0x0000000081b00000, 0x0000000081c00000, 0x0000000081c00000|100%| O|  |TAMS 0x0000000081b00000| PB 0x0000000081b00000| Untracked 
|   4|0x0000000081c00000, 0x0000000081d00000, 0x0000000081d00000|100%| O|  |TAMS 0x0000000081c00000| PB 0x0000000081c00000| Untracked 
|   5|0x0000000081d00000, 0x0000000081e00000, 0x0000000081e00000|100%| O|  |TAMS 0x0000000081d00000| PB 0x0000000081d00000| Untracked 
|   6|0x0000000081e00000, 0x0000000081f00000, 0x0000000081f00000|100%| O|  |TAMS 0x0000000081e00000| PB 0x0000000081e00000| Untracked 
|   7|0x0000000081f00000, 0x0000000082000000, 0x0000000082000000|100%| O|  |TAMS 0x0000000081f00000| PB 0x0000000081f00000| Untracked 
|   8|0x0000000082000000, 0x0000000082100000, 0x0000000082100000|100%| O|  |TAMS 0x0000000082000000| PB 0x0000000082000000| Untracked 
|   9|0x0000000082100000, 0x00000000821ba0a8, 0x0000000082200000| 72%| O|Cm|TAMS 0x0000000082100000| PB 0x0000000082100000| Complete 
|  10|0x0000000082200000, 0x0000000082200000, 0x0000000082300000|  0%| F|  |TAMS 0x0000000082200000| PB 0x0000000082200000| Untracked 
|  11|0x0000000082300000, 0x0000000082300000, 0x0000000082400000|  0%| F|  |TAMS 0x0000000082300000| PB 0x0000000082300000| Untracked 
|  12|0x0000000082400000, 0x0000000082400000, 0x0000000082500000|  0%| F|  |TAMS 0x0000000082400000| PB 0x0000000082400000| Untracked 
|  13|0x0000000082500000, 0x0000000082500000, 0x0000000082600000|  0%| F|  |TAMS 0x0000000082500000| PB 0x0000000082500000| Untracked 
|  14|0x0000000082600000, 0x0000000082600000, 0x0000000082700000|  0%| F|  |TAMS 0x0000000082600000| PB 0x0000000082600000| Untracked 
|  15|0x0000000082700000, 0x0000000082700000, 0x0000000082800000|  0%| F|  |TAMS 0x0000000082700000| PB 0x0000000082700000| Untracked 
|  16|0x0000000082800000, 0x0000000082800000, 0x0000000082900000|  0%| F|  |TAMS 0x0000000082800000| PB 0x0000000082800000| Untracked 
|  17|0x0000000082900000, 0x0000000082900000, 0x0000000082a00000|  0%| F|  |TAMS 0x0000000082900000| PB 0x0000000082900000| Untracked 
|  18|0x0000000082a00000, 0x0000000082a00000, 0x0000000082b00000|  0%| F|  |TAMS 0x0000000082a00000| PB 0x0000000082a00000| Untracked 
|  19|0x0000000082b00000, 0x0000000082b00000, 0x0000000082c00000|  0%| F|  |TAMS 0x0000000082b00000| PB 0x0000000082b00000| Untracked 
|  20|0x0000000082c00000, 0x0000000082c00000, 0x0000000082d00000|  0%| F|  |TAMS 0x0000000082c00000| PB 0x0000000082c00000| Untracked 
|  21|0x0000000082d00000, 0x0000000082d00000, 0x0000000082e00000|  0%| F|  |TAMS 0x0000000082d00000| PB 0x0000000082d00000| Untracked 
|  22|0x0000000082e00000, 0x0000000082e00000, 0x0000000082f00000|  0%| F|  |TAMS 0x0000000082e00000| PB 0x0000000082e00000| Untracked 
|  23|0x0000000082f00000, 0x0000000082f00000, 0x0000000083000000|  0%| F|  |TAMS 0x0000000082f00000| PB 0x0000000082f00000| Untracked 
|  24|0x0000000083000000, 0x0000000083000000, 0x0000000083100000|  0%| F|  |TAMS 0x0000000083000000| PB 0x0000000083000000| Untracked 
|  25|0x0000000083100000, 0x0000000083100000, 0x0000000083200000|  0%| F|  |TAMS 0x0000000083100000| PB 0x0000000083100000| Untracked 
|  26|0x0000000083200000, 0x0000000083200000, 0x0000000083300000|  0%| F|  |TAMS 0x0000000083200000| PB 0x0000000083200000| Untracked 
|  27|0x0000000083300000, 0x0000000083300000, 0x0000000083400000|  0%| F|  |TAMS 0x0000000083300000| PB 0x0000000083300000| Untracked 
|  28|0x0000000083400000, 0x0000000083400000, 0x0000000083500000|  0%| F|  |TAMS 0x0000000083400000| PB 0x0000000083400000| Untracked 
|  29|0x0000000083500000, 0x0000000083500000, 0x0000000083600000|  0%| F|  |TAMS 0x0000000083500000| PB 0x0000000083500000| Untracked 
|  30|0x0000000083600000, 0x0000000083600000, 0x0000000083700000|  0%| F|  |TAMS 0x0000000083600000| PB 0x0000000083600000| Untracked 
|  31|0x0000000083700000, 0x0000000083700000, 0x0000000083800000|  0%| F|  |TAMS 0x0000000083700000| PB 0x0000000083700000| Untracked 
|  32|0x0000000083800000, 0x0000000083800000, 0x0000000083900000|  0%| F|  |TAMS 0x0000000083800000| PB 0x0000000083800000| Untracked 
|  33|0x0000000083900000, 0x0000000083900000, 0x0000000083a00000|  0%| F|  |TAMS 0x0000000083900000| PB 0x0000000083900000| Untracked 
|  34|0x0000000083a00000, 0x0000000083a00000, 0x0000000083b00000|  0%| F|  |TAMS 0x0000000083a00000| PB 0x0000000083a00000| Untracked 
|  35|0x0000000083b00000, 0x0000000083b00000, 0x0000000083c00000|  0%| F|  |TAMS 0x0000000083b00000| PB 0x0000000083b00000| Untracked 
|  36|0x0000000083c00000, 0x0000000083c00000, 0x0000000083d00000|  0%| F|  |TAMS 0x0000000083c00000| PB 0x0000000083c00000| Untracked 
|  37|0x0000000083d00000, 0x0000000083d00000, 0x0000000083e00000|  0%| F|  |TAMS 0x0000000083d00000| PB 0x0000000083d00000| Untracked 
|  38|0x0000000083e00000, 0x0000000083e00000, 0x0000000083f00000|  0%| F|  |TAMS 0x0000000083e00000| PB 0x0000000083e00000| Untracked 
|  39|0x0000000083f00000, 0x0000000083f00000, 0x0000000084000000|  0%| F|  |TAMS 0x0000000083f00000| PB 0x0000000083f00000| Untracked 
|  40|0x0000000084000000, 0x0000000084000000, 0x0000000084100000|  0%| F|  |TAMS 0x0000000084000000| PB 0x0000000084000000| Untracked 
|  41|0x0000000084100000, 0x0000000084100000, 0x0000000084200000|  0%| F|  |TAMS 0x0000000084100000| PB 0x0000000084100000| Untracked 
|  42|0x0000000084200000, 0x0000000084200000, 0x0000000084300000|  0%| F|  |TAMS 0x0000000084200000| PB 0x0000000084200000| Untracked 
|  43|0x0000000084300000, 0x0000000084300000, 0x0000000084400000|  0%| F|  |TAMS 0x0000000084300000| PB 0x0000000084300000| Untracked 
|  44|0x0000000084400000, 0x0000000084400000, 0x0000000084500000|  0%| F|  |TAMS 0x0000000084400000| PB 0x0000000084400000| Untracked 
|  45|0x0000000084500000, 0x0000000084500000, 0x0000000084600000|  0%| F|  |TAMS 0x0000000084500000| PB 0x0000000084500000| Untracked 
|  46|0x0000000084600000, 0x0000000084600000, 0x0000000084700000|  0%| F|  |TAMS 0x0000000084600000| PB 0x0000000084600000| Untracked 
|  47|0x0000000084700000, 0x0000000084700000, 0x0000000084800000|  0%| F|  |TAMS 0x0000000084700000| PB 0x0000000084700000| Untracked 
|  48|0x0000000084800000, 0x0000000084800000, 0x0000000084900000|  0%| F|  |TAMS 0x0000000084800000| PB 0x0000000084800000| Untracked 
|  49|0x0000000084900000, 0x00000000849ed958, 0x0000000084a00000| 92%| E|  |TAMS 0x0000000084900000| PB 0x0000000084900000| Complete 
|  50|0x0000000084a00000, 0x0000000084b00000, 0x0000000084b00000|100%| E|CS|TAMS 0x0000000084a00000| PB 0x0000000084a00000| Complete 
|  51|0x0000000084b00000, 0x0000000084c00000, 0x0000000084c00000|100%| E|CS|TAMS 0x0000000084b00000| PB 0x0000000084b00000| Complete 
|  52|0x0000000084c00000, 0x0000000084d00000, 0x0000000084d00000|100%| E|CS|TAMS 0x0000000084c00000| PB 0x0000000084c00000| Complete 
|  53|0x0000000084d00000, 0x0000000084e00000, 0x0000000084e00000|100%| E|CS|TAMS 0x0000000084d00000| PB 0x0000000084d00000| Complete 
|  54|0x0000000084e00000, 0x0000000084f00000, 0x0000000084f00000|100%| E|CS|TAMS 0x0000000084e00000| PB 0x0000000084e00000| Complete 
|  76|0x0000000086400000, 0x0000000086500000, 0x0000000086500000|100%| S|CS|TAMS 0x0000000086400000| PB 0x0000000086400000| Complete 
|  77|0x0000000086500000, 0x0000000086600000, 0x0000000086600000|100%| S|CS|TAMS 0x0000000086500000| PB 0x0000000086500000| Complete 
|  78|0x0000000086600000, 0x0000000086700000, 0x0000000086700000|100%| S|CS|TAMS 0x0000000086600000| PB 0x0000000086600000| Complete 
|  79|0x0000000086700000, 0x0000000086800000, 0x0000000086800000|100%| S|CS|TAMS 0x0000000086700000| PB 0x0000000086700000| Complete 
|  80|0x0000000086800000, 0x0000000086900000, 0x0000000086900000|100%| S|CS|TAMS 0x0000000086800000| PB 0x0000000086800000| Complete 
|  81|0x0000000086900000, 0x0000000086a00000, 0x0000000086a00000|100%| S|CS|TAMS 0x0000000086900000| PB 0x0000000086900000| Complete 
|  82|0x0000000086a00000, 0x0000000086b00000, 0x0000000086b00000|100%| S|CS|TAMS 0x0000000086a00000| PB 0x0000000086a00000| Complete 
|  83|0x0000000086b00000, 0x0000000086c00000, 0x0000000086c00000|100%| S|CS|TAMS 0x0000000086b00000| PB 0x0000000086b00000| Complete 
|  84|0x0000000086c00000, 0x0000000086d00000, 0x0000000086d00000|100%| S|CS|TAMS 0x0000000086c00000| PB 0x0000000086c00000| Complete 
|  85|0x0000000086d00000, 0x0000000086e00000, 0x0000000086e00000|100%| S|CS|TAMS 0x0000000086d00000| PB 0x0000000086d00000| Complete 
| 126|0x0000000089600000, 0x0000000089700000, 0x0000000089700000|100%| E|CS|TAMS 0x0000000089600000| PB 0x0000000089600000| Complete 
| 127|0x0000000089700000, 0x0000000089800000, 0x0000000089800000|100%| E|CS|TAMS 0x0000000089700000| PB 0x0000000089700000| Complete 

Card table byte_map: [0x0000018b1c980000,0x0000018b1cd80000] _byte_map_base: 0x0000018b1c574000

Marking Bits: (CMBitMap*) 0x0000018b099021f0
 Bits: [0x0000018b1cd80000, 0x0000018b1ed20000)

Polling page: 0x0000018b078b0000

Metaspace:

Usage:
  Non-class:     18.20 MB used.
      Class:      2.56 MB used.
       Both:     20.77 MB used.

Virtual space:
  Non-class space:       64.00 MB reserved,      18.44 MB ( 29%) committed,  1 nodes.
      Class space:        1.00 GB reserved,       2.75 MB ( <1%) committed,  1 nodes.
             Both:        1.06 GB reserved,      21.19 MB (  2%) committed. 

Chunk freelists:
   Non-Class:  13.55 MB
       Class:  13.14 MB
        Both:  26.69 MB

MaxMetaspaceSize: unlimited
CompressedClassSpaceSize: 1.00 GB
Initial GC threshold: 21.00 MB
Current GC threshold: 35.12 MB
CDS: on
 - commit_granule_bytes: 65536.
 - commit_granule_words: 8192.
 - virtual_space_node_default_size: 8388608.
 - enlarge_chunks_in_place: 1.
 - use_allocation_guard: 0.


Internal statistics:

num_allocs_failed_limit: 3.
num_arena_births: 540.
num_arena_deaths: 0.
num_vsnodes_births: 2.
num_vsnodes_deaths: 0.
num_space_committed: 339.
num_space_uncommitted: 0.
num_chunks_returned_to_freelist: 3.
num_chunks_taken_from_freelist: 1223.
num_chunk_merges: 0.
num_chunk_splits: 703.
num_chunks_enlarged: 378.
num_inconsistent_stats: 0.

CodeHeap 'non-profiled nmethods': size=120000Kb used=1181Kb max_used=1181Kb free=118818Kb
 bounds [0x0000018b14d20000, 0x0000018b14f90000, 0x0000018b1c250000]
CodeHeap 'profiled nmethods': size=120000Kb used=5309Kb max_used=5309Kb free=114690Kb
 bounds [0x0000018b0d250000, 0x0000018b0d780000, 0x0000018b14780000]
CodeHeap 'non-nmethods': size=5760Kb used=1533Kb max_used=1629Kb free=4226Kb
 bounds [0x0000018b14780000, 0x0000018b149f0000, 0x0000018b14d20000]
CodeCache: size=245760Kb, used=8023Kb, max_used=8119Kb, free=237734Kb
 total_blobs=3494, nmethods=2897, adapters=501, full_count=0
Compilation: enabled, stopped_count=0, restarted_count=0

Compilation events (20 events):
Event: 6.791 Thread 0x0000018b21774600 2882       3       java.net.URLConnection::<init> (62 bytes)
Event: 6.792 Thread 0x0000018b21774600 nmethod 2882 0x0000018b0d778d90 code [0x0000018b0d778f80, 0x0000018b0d779468]
Event: 6.793 Thread 0x0000018b21774600 2883   !   3       jdk.internal.loader.URLClassPath::checkURL (16 bytes)
Event: 6.793 Thread 0x0000018b21774600 nmethod 2883 0x0000018b0d779610 code [0x0000018b0d7797c0, 0x0000018b0d779978]
Event: 6.793 Thread 0x0000018b21774600 2884       3       jdk.internal.loader.BuiltinClassLoader::checkURL (5 bytes)
Event: 6.793 Thread 0x0000018b21774600 nmethod 2884 0x0000018b0d779a10 code [0x0000018b0d779bc0, 0x0000018b0d779da8]
Event: 6.794 Thread 0x0000018b21774600 2886       3       java.lang.Long::valueOf (40 bytes)
Event: 6.795 Thread 0x0000018b21774600 nmethod 2886 0x0000018b0d779e90 code [0x0000018b0d77a060, 0x0000018b0d77a398]
Event: 6.795 Thread 0x0000018b21774600 2887       3       java.util.Calendar::internalSet (8 bytes)
Event: 6.795 Thread 0x0000018b21774600 nmethod 2887 0x0000018b0d77a510 code [0x0000018b0d77a6c0, 0x0000018b0d77a7f8]
Event: 6.796 Thread 0x0000018b21774600 2888       3       java.io.FilterInputStream::read (11 bytes)
Event: 6.796 Thread 0x0000018b21774600 nmethod 2888 0x0000018b0d77a910 code [0x0000018b0d77aac0, 0x0000018b0d77ac98]
Event: 6.799 Thread 0x0000018b21774600 2889   !   3       jdk.internal.loader.BuiltinClassLoader::findResource (154 bytes)
Event: 6.801 Thread 0x0000018b21774600 nmethod 2889 0x0000018b0d77ad90 code [0x0000018b0d77b120, 0x0000018b0d77c570]
Event: 6.801 Thread 0x0000018b21774600 2890       3       jdk.internal.loader.BuiltinClassLoader::findResourceOnClassPath (41 bytes)
Event: 6.801 Thread 0x0000018b21774600 nmethod 2890 0x0000018b0d77cd90 code [0x0000018b0d77cf60, 0x0000018b0d77d338]
Event: 6.801 Thread 0x0000018b21774600 2892       3       java.util.TreeMap::get (19 bytes)
Event: 6.801 Thread 0x0000018b21774600 nmethod 2892 0x0000018b0d77d490 code [0x0000018b0d77d640, 0x0000018b0d77d7f0]
Event: 6.802 Thread 0x0000018b21774600 2893       1       sun.net.www.protocol.jar.JarURLConnection::access$000 (5 bytes)
Event: 6.802 Thread 0x0000018b21774600 nmethod 2893 0x0000018b14e45e90 code [0x0000018b14e46020, 0x0000018b14e460d0]

GC Heap History (6 events):
Event: 0.829 GC heap before
{Heap before GC invocations=0 (full 0):
 garbage-first heap   total 131072K, used 25600K [0x0000000081800000, 0x0000000100000000)
  region size 1024K, 23 young (23552K), 0 survivors (0K)
 Metaspace       used 7307K, committed 7552K, reserved 1114112K
  class space    used 848K, committed 960K, reserved 1048576K
}
Event: 0.834 GC heap after
{Heap after GC invocations=1 (full 0):
 garbage-first heap   total 131072K, used 9739K [0x0000000081800000, 0x0000000100000000)
  region size 1024K, 3 young (3072K), 3 survivors (3072K)
 Metaspace       used 7307K, committed 7552K, reserved 1114112K
  class space    used 848K, committed 960K, reserved 1048576K
}
Event: 1.279 GC heap before
{Heap before GC invocations=1 (full 0):
 garbage-first heap   total 131072K, used 37387K [0x0000000081800000, 0x0000000100000000)
  region size 1024K, 31 young (31744K), 3 survivors (3072K)
 Metaspace       used 15672K, committed 16064K, reserved 1114112K
  class space    used 1866K, committed 2048K, reserved 1048576K
}
Event: 1.285 GC heap after
{Heap after GC invocations=2 (full 0):
 garbage-first heap   total 131072K, used 13801K [0x0000000081800000, 0x0000000100000000)
  region size 1024K, 4 young (4096K), 4 survivors (4096K)
 Metaspace       used 15672K, committed 16064K, reserved 1114112K
  class space    used 1866K, committed 2048K, reserved 1048576K
}
Event: 4.930 GC heap before
{Heap before GC invocations=2 (full 0):
 garbage-first heap   total 131072K, used 51689K [0x0000000081800000, 0x0000000100000000)
  region size 1024K, 42 young (43008K), 4 survivors (4096K)
 Metaspace       used 21011K, committed 21504K, reserved 1114112K
  class space    used 2591K, committed 2816K, reserved 1048576K
}
Event: 4.944 GC heap after
{Heap after GC invocations=3 (full 0):
 garbage-first heap   total 131072K, used 20200K [0x0000000081800000, 0x0000000100000000)
  region size 1024K, 10 young (10240K), 10 survivors (10240K)
 Metaspace       used 21011K, committed 21504K, reserved 1114112K
  class space    used 2591K, committed 2816K, reserved 1048576K
}

Dll operation events (11 events):
Event: 0.009 Loaded shared library C:\Users\PC\.p2\pool\plugins\org.eclipse.justj.openjdk.hotspot.jre.full.win32.x86_64_21.0.8.v20250724-1412\jre\bin\java.dll
Event: 0.042 Loaded shared library C:\Users\PC\.p2\pool\plugins\org.eclipse.justj.openjdk.hotspot.jre.full.win32.x86_64_21.0.8.v20250724-1412\jre\bin\zip.dll
Event: 0.149 Loaded shared library C:\Users\PC\.p2\pool\plugins\org.eclipse.justj.openjdk.hotspot.jre.full.win32.x86_64_21.0.8.v20250724-1412\jre\bin\net.dll
Event: 0.152 Loaded shared library C:\Users\PC\.p2\pool\plugins\org.eclipse.justj.openjdk.hotspot.jre.full.win32.x86_64_21.0.8.v20250724-1412\jre\bin\nio.dll
Event: 0.157 Loaded shared library C:\Users\PC\.p2\pool\plugins\org.eclipse.justj.openjdk.hotspot.jre.full.win32.x86_64_21.0.8.v20250724-1412\jre\bin\zip.dll
Event: 0.341 Loaded shared library C:\Users\PC\.p2\pool\plugins\org.eclipse.justj.openjdk.hotspot.jre.full.win32.x86_64_21.0.8.v20250724-1412\jre\bin\jimage.dll
Event: 0.483 Loaded shared library C:\Users\PC\.p2\pool\plugins\org.eclipse.justj.openjdk.hotspot.jre.full.win32.x86_64_21.0.8.v20250724-1412\jre\bin\extnet.dll
Event: 0.983 Loaded shared library C:\Users\PC\.p2\pool\plugins\org.eclipse.justj.openjdk.hotspot.jre.full.win32.x86_64_21.0.8.v20250724-1412\jre\bin\management.dll
Event: 0.986 Loaded shared library C:\Users\PC\.p2\pool\plugins\org.eclipse.justj.openjdk.hotspot.jre.full.win32.x86_64_21.0.8.v20250724-1412\jre\bin\management_ext.dll
Event: 1.028 Loaded shared library C:\Users\PC\.p2\pool\plugins\org.eclipse.justj.openjdk.hotspot.jre.full.win32.x86_64_21.0.8.v20250724-1412\jre\bin\sunmscapi.dll
Event: 1.297 Loaded shared library C:\Users\PC\.p2\pool\plugins\org.eclipse.justj.openjdk.hotspot.jre.full.win32.x86_64_21.0.8.v20250724-1412\jre\bin\verify.dll

Deoptimization events (20 events):
Event: 1.393 Thread 0x0000018b218babe0 DEOPT PACKING pc=0x0000018b14dbb6c4 sp=0x00000058245fdec0
Event: 1.393 Thread 0x0000018b218babe0 DEOPT UNPACKING pc=0x0000018b147d46a2 sp=0x00000058245fdd80 mode 2
Event: 1.393 Thread 0x0000018b218babe0 Uncommon trap: trap_request=0xffffff45 fr.pc=0x0000018b14dbbb50 relative=0x00000000000000b0
Event: 1.393 Thread 0x0000018b218babe0 Uncommon trap: reason=unstable_if action=reinterpret pc=0x0000018b14dbbb50 method=java.lang.CharacterDataLatin1.digit(II)I @ 7 c2
Event: 1.393 Thread 0x0000018b218babe0 DEOPT PACKING pc=0x0000018b14dbbb50 sp=0x00000058245fde10
Event: 1.393 Thread 0x0000018b218babe0 DEOPT UNPACKING pc=0x0000018b147d46a2 sp=0x00000058245fdd90 mode 2
Event: 1.404 Thread 0x0000018b218babe0 Uncommon trap: trap_request=0xffffff45 fr.pc=0x0000018b14d44344 relative=0x00000000000001a4
Event: 1.404 Thread 0x0000018b218babe0 Uncommon trap: reason=unstable_if action=reinterpret pc=0x0000018b14d44344 method=java.lang.String.equals(Ljava/lang/Object;)Z @ 33 c2
Event: 1.404 Thread 0x0000018b218babe0 DEOPT PACKING pc=0x0000018b14d44344 sp=0x00000058245fdc60
Event: 1.404 Thread 0x0000018b218babe0 DEOPT UNPACKING pc=0x0000018b147d46a2 sp=0x00000058245fdbf0 mode 2
Event: 1.414 Thread 0x0000018b218babe0 Uncommon trap: trap_request=0xffffff45 fr.pc=0x0000018b14de743c relative=0x000000000000109c
Event: 1.414 Thread 0x0000018b218babe0 Uncommon trap: reason=unstable_if action=reinterpret pc=0x0000018b14de743c method=java.util.concurrent.ConcurrentHashMap.putVal(Ljava/lang/Object;Ljava/lang/Object;Z)Ljava/lang/Object; @ 231 c2
Event: 1.414 Thread 0x0000018b218babe0 DEOPT PACKING pc=0x0000018b14de743c sp=0x00000058245fd090
Event: 1.414 Thread 0x0000018b218babe0 DEOPT UNPACKING pc=0x0000018b147d46a2 sp=0x00000058245fd000 mode 2
Event: 1.503 Thread 0x0000018b218babe0 DEOPT PACKING pc=0x0000018b0d685328 sp=0x00000058245fd7b0
Event: 1.503 Thread 0x0000018b218babe0 DEOPT UNPACKING pc=0x0000018b147d4e42 sp=0x00000058245fcd98 mode 0
Event: 4.919 Thread 0x0000018b218bc620 Uncommon trap: trap_request=0xffffff45 fr.pc=0x0000018b14df21a8 relative=0x00000000000009e8
Event: 4.919 Thread 0x0000018b218bc620 Uncommon trap: reason=unstable_if action=reinterpret pc=0x0000018b14df21a8 method=java.io.BufferedReader.implReadLine(Z[Z)Ljava/lang/String; @ 14 c2
Event: 4.919 Thread 0x0000018b218bc620 DEOPT PACKING pc=0x0000018b14df21a8 sp=0x0000005823aff660
Event: 4.919 Thread 0x0000018b218bc620 DEOPT UNPACKING pc=0x0000018b147d46a2 sp=0x0000005823aff610 mode 2

Classes loaded (20 events):
Event: 4.930 Loading class java/nio/StringCharBuffer
Event: 4.944 Loading class java/nio/StringCharBuffer done
Event: 4.953 Loading class java/util/LinkedList$LLSpliterator
Event: 4.953 Loading class java/util/concurrent/CompletionException
Event: 4.954 Loading class java/util/concurrent/CompletionException done
Event: 4.954 Loading class java/util/LinkedList$LLSpliterator done
Event: 5.202 Loading class sun/net/ConnectionResetException
Event: 5.213 Loading class sun/net/ConnectionResetException done
Event: 5.213 Loading class java/lang/StackTraceElement$HashedModules
Event: 5.213 Loading class java/lang/StackTraceElement$HashedModules done
Event: 5.215 Loading class sun/net/www/protocol/http/HttpURLConnection$10
Event: 5.215 Loading class sun/net/www/protocol/http/HttpURLConnection$10 done
Event: 6.739 Loading class java/lang/invoke/WrongMethodTypeException
Event: 6.739 Loading class java/lang/invoke/WrongMethodTypeException done
Event: 6.740 Loading class java/lang/Throwable$WrappedPrintWriter
Event: 6.740 Loading class java/lang/Throwable$PrintStreamOrWriter
Event: 6.740 Loading class java/lang/Throwable$PrintStreamOrWriter done
Event: 6.740 Loading class java/lang/Throwable$WrappedPrintWriter done
Event: 6.766 Loading class java/net/InetAddress$CachedLocalHost
Event: 6.766 Loading class java/net/InetAddress$CachedLocalHost done

Classes unloaded (0 events):
No events

Classes redefined (0 events):
No events

Internal exceptions (20 events):
Event: 1.498 Thread 0x0000018b67b22860 Exception <a 'java/lang/NoSuchMethodError'{0x0000000088223aa0}: 'java.lang.Object java.lang.invoke.DirectMethodHandle$Holder.invokeSpecial(java.lang.Object, java.lang.Object, java.lang.Object, java.lang.Object, int)'> (0x0000000088223aa0) 
thrown [s\src\hotspot\share\interpreter\linkResolver.cpp, line 773]
Event: 1.499 Thread 0x0000018b67b22860 Exception <a 'java/lang/NoSuchMethodError'{0x0000000088227408}: 'java.lang.Object java.lang.invoke.Invokers$Holder.linkToTargetMethod(java.lang.Object, java.lang.Object, int, java.lang.Object)'> (0x0000000088227408) 
thrown [s\src\hotspot\share\interpreter\linkResolver.cpp, line 773]
Event: 1.532 Thread 0x0000018b67b22860 Exception <a 'java/lang/NoSuchMethodError'{0x0000000087d35578}: 'void java.lang.invoke.DirectMethodHandle$Holder.invokeSpecial(java.lang.Object, java.lang.Object, java.lang.Object, java.lang.Object, java.lang.Object)'> (0x0000000087d35578) 
thrown [s\src\hotspot\share\interpreter\linkResolver.cpp, line 773]
Event: 1.543 Thread 0x0000018b218babe0 Exception <a 'java/lang/NoSuchMethodError'{0x0000000087c05870}: 'java.lang.Object java.lang.invoke.DirectMethodHandle$Holder.invokeStatic(java.lang.Object, java.lang.Object, int, java.lang.Object)'> (0x0000000087c05870) 
thrown [s\src\hotspot\share\interpreter\linkResolver.cpp, line 773]
Event: 1.558 Thread 0x0000018b218babe0 Exception <a 'java/lang/IncompatibleClassChangeError'{0x0000000087b095a0}: Found class java.lang.Object, but interface was expected> (0x0000000087b095a0) 
thrown [s\src\hotspot\share\interpreter\linkResolver.cpp, line 840]
Event: 1.622 Thread 0x0000018b218babe0 Exception <a 'java/lang/NoSuchMethodError'{0x0000000087aca608}: 'java.lang.Object java.lang.invoke.DirectMethodHandle$Holder.invokeVirtual(java.lang.Object, java.lang.Object, java.lang.Object, java.lang.Object)'> (0x0000000087aca608) 
thrown [s\src\hotspot\share\interpreter\linkResolver.cpp, line 773]
Event: 1.630 Thread 0x0000018b218babe0 Exception <a 'java/lang/NoSuchMethodError'{0x0000000087ad1480}: 'void java.lang.invoke.DirectMethodHandle$Holder.invokeStatic(java.lang.Object, long)'> (0x0000000087ad1480) 
thrown [s\src\hotspot\share\interpreter\linkResolver.cpp, line 773]
Event: 1.632 Thread 0x0000018b218babe0 Exception <a 'java/lang/NoSuchMethodError'{0x0000000087ad6258}: 'java.lang.Object java.lang.invoke.DirectMethodHandle$Holder.newInvokeSpecial(java.lang.Object, long)'> (0x0000000087ad6258) 
thrown [s\src\hotspot\share\interpreter\linkResolver.cpp, line 773]
Event: 1.634 Thread 0x0000018b218babe0 Exception <a 'java/lang/NoSuchMethodError'{0x0000000087adc598}: 'java.lang.Object java.lang.invoke.DirectMethodHandle$Holder.invokeStatic(java.lang.Object, long, java.lang.Object)'> (0x0000000087adc598) 
thrown [s\src\hotspot\share\interpreter\linkResolver.cpp, line 773]
Event: 1.635 Thread 0x0000018b218babe0 Exception <a 'java/lang/NoSuchMethodError'{0x0000000087adfc30}: 'java.lang.Object java.lang.invoke.DirectMethodHandle$Holder.invokeStaticInit(java.lang.Object, long, java.lang.Object)'> (0x0000000087adfc30) 
thrown [s\src\hotspot\share\interpreter\linkResolver.cpp, line 773]
Event: 1.653 Thread 0x0000018b67b22ef0 Exception <a 'java/net/ConnectException'{0x000000008797bf50}: Connection refused: getsockopt> (0x000000008797bf50) 
thrown [s\src\hotspot\share\prims\jni.cpp, line 539]
Event: 1.667 Thread 0x0000018b67b22ef0 Exception <a 'java/net/ConnectException'{0x000000008797d0a0}: Connection refused: getsockopt> (0x000000008797d0a0) 
thrown [s\src\hotspot\share\prims\jni.cpp, line 539]
Event: 2.537 Thread 0x0000018b67b1fa70 Exception <a 'java/lang/NoSuchMethodError'{0x00000000874b77c8}: 'java.lang.Object java.lang.invoke.DirectMethodHandle$Holder.newInvokeSpecial(java.lang.Object, java.lang.Object, long, java.lang.Object, java.lang.Object, java.lang.Object)'> (0x00000000874b77c8) 
thrown [s\src\hotspot\share\interpreter\linkResolver.cpp, line 773]
Event: 2.540 Thread 0x0000018b67b1fa70 Exception <a 'java/lang/NoSuchMethodError'{0x00000000874db6a0}: 'void java.lang.invoke.DirectMethodHandle$Holder.invokeSpecial(java.lang.Object, java.lang.Object, java.lang.Object, java.lang.Object, java.lang.Object, java.lang.Object, java.lang.Object)'> (0x00000000874db6a0) 
thrown [s\src\hotspot\share\interpreter\linkResolver.cpp, line 773]
Event: 2.550 Thread 0x0000018b218babe0 Exception <a 'java/lang/NoSuchMethodError'{0x00000000879d3918}: 'java.lang.Object java.lang.invoke.DirectMethodHandle$Holder.invokeSpecialIFC(java.lang.Object, java.lang.Object, java.lang.Object)'> (0x00000000879d3918) 
thrown [s\src\hotspot\share\interpreter\linkResolver.cpp, line 773]
Event: 4.929 Thread 0x0000018b218babe0 Exception <a 'java/lang/NoSuchMethodError'{0x0000000086ea4638}: 'java.lang.Object java.lang.invoke.DirectMethodHandle$Holder.invokeStatic(java.lang.Object, java.lang.Object, int, java.lang.Object, java.lang.Object)'> (0x0000000086ea4638) 
thrown [s\src\hotspot\share\interpreter\linkResolver.cpp, line 773]
Event: 4.952 Thread 0x0000018b67b1d9a0 Exception <a 'java/lang/NoSuchMethodError'{0x000000008961cf10}: 'void java.lang.invoke.DirectMethodHandle$Holder.invokeSpecial(java.lang.Object, java.lang.Object, int, java.lang.Object, java.lang.Object)'> (0x000000008961cf10) 
thrown [s\src\hotspot\share\interpreter\linkResolver.cpp, line 773]
Event: 5.202 Thread 0x0000018b67b22ef0 Exception <a 'java/io/IOException'{0x0000000084e27e98}> (0x0000000084e27e98) 
thrown [s\src\hotspot\share\prims\jni.cpp, line 520]
Event: 5.214 Thread 0x0000018b67b22ef0 Exception <a 'java/net/ConnectException'{0x0000000084e2a338}: Connection refused: getsockopt> (0x0000000084e2a338) 
thrown [s\src\hotspot\share\prims\jni.cpp, line 539]
Event: 6.761 Thread 0x0000018b67b20100 Exception <a 'java/net/SocketException'{0x0000000084bac5e0}: Connection reset by peer: shutdown> (0x0000000084bac5e0) 
thrown [s\src\hotspot\share\prims\jni.cpp, line 539]

ZGC Phase Switch (0 events):
No events

VM Operations (20 events):
Event: 1.701 Executing VM operation: HandshakeAllThreads (Deoptimize)
Event: 1.701 Executing VM operation: HandshakeAllThreads (Deoptimize) done
Event: 2.528 Executing VM operation: HandshakeAllThreads (Deoptimize)
Event: 2.529 Executing VM operation: HandshakeAllThreads (Deoptimize) done
Event: 2.529 Executing VM operation: Cleanup
Event: 2.529 Executing VM operation: Cleanup done
Event: 2.530 Executing VM operation: HandshakeAllThreads (Deoptimize)
Event: 2.530 Executing VM operation: HandshakeAllThreads (Deoptimize) done
Event: 3.544 Executing VM operation: Cleanup
Event: 3.544 Executing VM operation: Cleanup done
Event: 4.930 Executing VM operation: CollectForMetadataAllocation (Metadata GC Threshold)
Event: 4.944 Executing VM operation: CollectForMetadataAllocation (Metadata GC Threshold) done
Event: 4.945 Executing VM operation: HandshakeAllThreads (Deoptimize)
Event: 4.945 Executing VM operation: HandshakeAllThreads (Deoptimize) done
Event: 4.955 Executing VM operation: G1PauseRemark
Event: 4.958 Executing VM operation: G1PauseRemark done
Event: 4.960 Executing VM operation: G1PauseCleanup
Event: 4.964 Executing VM operation: G1PauseCleanup done
Event: 5.978 Executing VM operation: Cleanup
Event: 5.978 Executing VM operation: Cleanup done

Memory protections (0 events):
No events

Nmethod flushes (0 events):
No events

Events (20 events):
Event: 5.116 Thread 0x0000018b67b1fa70 Thread exited: 0x0000018b67b1fa70
Event: 5.116 Thread 0x0000018b67b1d310 Thread exited: 0x0000018b67b1d310
Event: 5.116 Thread 0x0000018b67b1f3e0 Thread exited: 0x0000018b67b1f3e0
Event: 5.116 Thread 0x0000018b67b1e6c0 Thread exited: 0x0000018b67b1e6c0
Event: 5.117 Thread 0x0000018b67b242a0 Thread exited: 0x0000018b67b242a0
Event: 5.212 Thread 0x0000018b67b1cc80 Thread exited: 0x0000018b67b1cc80
Event: 5.217 Thread 0x0000018b67b21b40 Thread exited: 0x0000018b67b21b40
Event: 5.217 Thread 0x0000018b67b23c10 Thread exited: 0x0000018b67b23c10
Event: 5.217 Thread 0x0000018b67b1d9a0 Thread exited: 0x0000018b67b1d9a0
Event: 5.217 Thread 0x0000018b67b20100 Thread exited: 0x0000018b67b20100
Event: 5.230 Thread 0x0000018b218babe0 Thread added: 0x0000018b67b23c10
Event: 5.235 Thread 0x0000018b218babe0 Thread added: 0x0000018b67b21b40
Event: 5.237 Thread 0x0000018b67b23c10 Thread added: 0x0000018b67b1d310
Event: 5.238 Thread 0x0000018b67b23c10 Thread added: 0x0000018b67b1d9a0
Event: 5.238 Thread 0x0000018b67b23c10 Thread added: 0x0000018b67b1cc80
Event: 6.751 Thread 0x0000018b218ba550 Thread added: 0x0000018b67b242a0
Event: 6.755 Thread 0x0000018b218ba550 Thread added: 0x0000018b67b1e6c0
Event: 6.757 Thread 0x0000018b67b242a0 Thread added: 0x0000018b67b1f3e0
Event: 6.757 Thread 0x0000018b67b242a0 Thread added: 0x0000018b67b1fa70
Event: 6.758 Thread 0x0000018b67b242a0 Thread added: 0x0000018b67b20100


Dynamic libraries:
0x00007ff771930000 - 0x00007ff77193e000 	C:\Users\PC\.p2\pool\plugins\org.eclipse.justj.openjdk.hotspot.jre.full.win32.x86_64_21.0.8.v20250724-1412\jre\bin\javaw.exe
0x00007ffadc7d0000 - 0x00007ffadc9c8000 	C:\WINDOWS\SYSTEM32\ntdll.dll
0x00007ffadb6f0000 - 0x00007ffadb7b2000 	C:\WINDOWS\System32\KERNEL32.DLL
0x00007ffada2b0000 - 0x00007ffada5a6000 	C:\WINDOWS\System32\KERNELBASE.dll
0x00007ffada1b0000 - 0x00007ffada2b0000 	C:\WINDOWS\System32\ucrtbase.dll
0x00007ffad30b0000 - 0x00007ffad30c8000 	C:\Users\PC\.p2\pool\plugins\org.eclipse.justj.openjdk.hotspot.jre.full.win32.x86_64_21.0.8.v20250724-1412\jre\bin\jli.dll
0x00007ffad3090000 - 0x00007ffad30ae000 	C:\Users\PC\.p2\pool\plugins\org.eclipse.justj.openjdk.hotspot.jre.full.win32.x86_64_21.0.8.v20250724-1412\jre\bin\VCRUNTIME140.dll
0x00007ffada800000 - 0x00007ffada99d000 	C:\WINDOWS\System32\USER32.dll
0x00007ffac6a90000 - 0x00007ffac6d2b000 	C:\WINDOWS\WinSxS\amd64_microsoft.windows.common-controls_6595b64144ccf1df_6.0.19041.6280_none_60bc30a171f2f3f3\COMCTL32.dll
0x00007ffada6d0000 - 0x00007ffada6f2000 	C:\WINDOWS\System32\win32u.dll
0x00007ffadba50000 - 0x00007ffadbaee000 	C:\WINDOWS\System32\msvcrt.dll
0x00007ffadc080000 - 0x00007ffadc0ab000 	C:\WINDOWS\System32\GDI32.dll
0x00007ffada5b0000 - 0x00007ffada6c9000 	C:\WINDOWS\System32\gdi32full.dll
0x00007ffada080000 - 0x00007ffada11d000 	C:\WINDOWS\System32\msvcp_win.dll
0x00007ffadc040000 - 0x00007ffadc06f000 	C:\WINDOWS\System32\IMM32.DLL
0x00007ffad56e0000 - 0x00007ffad56ec000 	C:\Users\PC\.p2\pool\plugins\org.eclipse.justj.openjdk.hotspot.jre.full.win32.x86_64_21.0.8.v20250724-1412\jre\bin\vcruntime140_1.dll
0x00007ffaaecc0000 - 0x00007ffaaed4d000 	C:\Users\PC\.p2\pool\plugins\org.eclipse.justj.openjdk.hotspot.jre.full.win32.x86_64_21.0.8.v20250724-1412\jre\bin\msvcp140.dll
0x00007ffa8d550000 - 0x00007ffa8e2e7000 	C:\Users\PC\.p2\pool\plugins\org.eclipse.justj.openjdk.hotspot.jre.full.win32.x86_64_21.0.8.v20250724-1412\jre\bin\server\jvm.dll
0x00007ffadc180000 - 0x00007ffadc231000 	C:\WINDOWS\System32\ADVAPI32.dll
0x00007ffadb1d0000 - 0x00007ffadb26f000 	C:\WINDOWS\System32\sechost.dll
0x00007ffadbf20000 - 0x00007ffadc040000 	C:\WINDOWS\System32\RPCRT4.dll
0x00007ffada7d0000 - 0x00007ffada7f7000 	C:\WINDOWS\System32\bcrypt.dll
0x00007ffadbeb0000 - 0x00007ffadbf1b000 	C:\WINDOWS\System32\WS2_32.dll
0x00007ffad93c0000 - 0x00007ffad940b000 	C:\WINDOWS\SYSTEM32\POWRPROF.dll
0x00007ffac5bd0000 - 0x00007ffac5bf7000 	C:\WINDOWS\SYSTEM32\WINMM.dll
0x00007ffacd9d0000 - 0x00007ffacd9da000 	C:\WINDOWS\SYSTEM32\VERSION.dll
0x00007ffad9230000 - 0x00007ffad9242000 	C:\WINDOWS\SYSTEM32\UMPDC.dll
0x00007ffad8650000 - 0x00007ffad8662000 	C:\WINDOWS\SYSTEM32\kernel.appcore.dll
0x00007ffac5f80000 - 0x00007ffac5f8a000 	C:\Users\PC\.p2\pool\plugins\org.eclipse.justj.openjdk.hotspot.jre.full.win32.x86_64_21.0.8.v20250724-1412\jre\bin\jimage.dll
0x00007ffad8340000 - 0x00007ffad8541000 	C:\WINDOWS\SYSTEM32\DBGHELP.DLL
0x00007ffac8280000 - 0x00007ffac82b4000 	C:\WINDOWS\SYSTEM32\dbgcore.DLL
0x00007ffada120000 - 0x00007ffada1a2000 	C:\WINDOWS\System32\bcryptPrimitives.dll
0x00007ffa8e760000 - 0x00007ffa8e77f000 	C:\Users\PC\.p2\pool\plugins\org.eclipse.justj.openjdk.hotspot.jre.full.win32.x86_64_21.0.8.v20250724-1412\jre\bin\java.dll
0x00007ffadaa60000 - 0x00007ffadb1d0000 	C:\WINDOWS\System32\SHELL32.dll
0x00007ffad7ac0000 - 0x00007ffad8265000 	C:\WINDOWS\SYSTEM32\windows.storage.dll
0x00007ffadb390000 - 0x00007ffadb6e3000 	C:\WINDOWS\System32\combase.dll
0x00007ffad97c0000 - 0x00007ffad97eb000 	C:\WINDOWS\SYSTEM32\Wldp.dll
0x00007ffadc0b0000 - 0x00007ffadc17d000 	C:\WINDOWS\System32\OLEAUT32.dll
0x00007ffadbd70000 - 0x00007ffadbe1d000 	C:\WINDOWS\System32\SHCORE.dll
0x00007ffada9a0000 - 0x00007ffada9fb000 	C:\WINDOWS\System32\shlwapi.dll
0x00007ffad9da0000 - 0x00007ffad9dc4000 	C:\WINDOWS\SYSTEM32\profapi.dll
0x00007ffa8e740000 - 0x00007ffa8e758000 	C:\Users\PC\.p2\pool\plugins\org.eclipse.justj.openjdk.hotspot.jre.full.win32.x86_64_21.0.8.v20250724-1412\jre\bin\zip.dll
0x00007ffac54c0000 - 0x00007ffac54d0000 	C:\Users\PC\.p2\pool\plugins\org.eclipse.justj.openjdk.hotspot.jre.full.win32.x86_64_21.0.8.v20250724-1412\jre\bin\net.dll
0x00007ffad11b0000 - 0x00007ffad12ba000 	C:\WINDOWS\SYSTEM32\WINHTTP.dll
0x00007ffad95a0000 - 0x00007ffad960a000 	C:\WINDOWS\system32\mswsock.dll
0x00007ffa8e720000 - 0x00007ffa8e736000 	C:\Users\PC\.p2\pool\plugins\org.eclipse.justj.openjdk.hotspot.jre.full.win32.x86_64_21.0.8.v20250724-1412\jre\bin\nio.dll
0x00007ffad92a0000 - 0x00007ffad936a000 	C:\WINDOWS\SYSTEM32\DNSAPI.dll
0x00007ffad9250000 - 0x00007ffad928b000 	C:\WINDOWS\SYSTEM32\IPHLPAPI.DLL
0x00007ffadc6d0000 - 0x00007ffadc6d8000 	C:\WINDOWS\System32\NSI.dll
0x00007ffad1820000 - 0x00007ffad182a000 	C:\Windows\System32\rasadhlp.dll
0x00007ffac57e0000 - 0x00007ffac5860000 	C:\WINDOWS\System32\fwpuclnt.dll
0x00007ffad6040000 - 0x00007ffad6049000 	C:\Users\PC\.p2\pool\plugins\org.eclipse.justj.openjdk.hotspot.jre.full.win32.x86_64_21.0.8.v20250724-1412\jre\bin\extnet.dll
0x00007ffad9800000 - 0x00007ffad9818000 	C:\WINDOWS\SYSTEM32\CRYPTSP.dll
0x00007ffad8e70000 - 0x00007ffad8ea8000 	C:\WINDOWS\system32\rsaenh.dll
0x00007ffad9d60000 - 0x00007ffad9d8e000 	C:\WINDOWS\SYSTEM32\USERENV.dll
0x00007ffad9730000 - 0x00007ffad973c000 	C:\WINDOWS\SYSTEM32\CRYPTBASE.dll
0x00007ffad5f00000 - 0x00007ffad5f0a000 	C:\Users\PC\.p2\pool\plugins\org.eclipse.justj.openjdk.hotspot.jre.full.win32.x86_64_21.0.8.v20250724-1412\jre\bin\management.dll
0x00007ffad5480000 - 0x00007ffad548b000 	C:\Users\PC\.p2\pool\plugins\org.eclipse.justj.openjdk.hotspot.jre.full.win32.x86_64_21.0.8.v20250724-1412\jre\bin\management_ext.dll
0x00007ffadc070000 - 0x00007ffadc078000 	C:\WINDOWS\System32\PSAPI.DLL
0x00007ffac8560000 - 0x00007ffac856e000 	C:\Users\PC\.p2\pool\plugins\org.eclipse.justj.openjdk.hotspot.jre.full.win32.x86_64_21.0.8.v20250724-1412\jre\bin\sunmscapi.dll
0x00007ffad9f20000 - 0x00007ffada07d000 	C:\WINDOWS\System32\CRYPT32.dll
0x00007ffad9910000 - 0x00007ffad9937000 	C:\WINDOWS\SYSTEM32\ncrypt.dll
0x00007ffad98d0000 - 0x00007ffad990b000 	C:\WINDOWS\SYSTEM32\NTASN1.dll
0x00007ffacd7b0000 - 0x00007ffacd7c0000 	C:\Users\PC\.p2\pool\plugins\org.eclipse.justj.openjdk.hotspot.jre.full.win32.x86_64_21.0.8.v20250724-1412\jre\bin\verify.dll
0x00007ffacd790000 - 0x00007ffacd797000 	C:\WINDOWS\system32\wshunix.dll
0x00007ffac2e70000 - 0x00007ffac2e87000 	C:\WINDOWS\system32\napinsp.dll
0x00007ffab70f0000 - 0x00007ffab710b000 	C:\WINDOWS\system32\pnrpnsp.dll
0x00007ffad62a0000 - 0x00007ffad62bd000 	C:\WINDOWS\system32\wshbth.dll
0x00007ffad3350000 - 0x00007ffad336d000 	C:\WINDOWS\system32\NLAapi.dll
0x00007ffab64c0000 - 0x00007ffab64d2000 	C:\WINDOWS\System32\winrnr.dll

JVMTI agents: none

dbghelp: loaded successfully - version: 4.0.5 - missing functions: none
symbol engine: initialized successfully - sym options: 0x614 - pdb path: (cannot be retrieved)

VM Arguments:
jvm_args: -ea -Dfile.encoding=UTF-8 -Dstdout.encoding=UTF-8 -Dstderr.encoding=UTF-8 -XX:+ShowCodeDetailsInExceptionMessages --add-opens=jdk.compiler/com.sun.tools.javac.processing=ALL-UNNAMED --add-opens=jdk.compiler/com.sun.tools.javac.api=ALL-UNNAMED 
java_command: org.testng.remote.RemoteTestNG -serport 50538 -protocol json -d C:\Users\PC\git\repository\newproject\test-output C:\Users\PC\git\repository\newproject\seleniumgridparallel.xml
java_class_path (initial): C:\Users\PC\eclipse\java-2025-06\eclipse\configuration\org.eclipse.osgi\561\0\.cp\lib\testng-remote.jar;C:\Users\PC\git\repository\newproject\target\test-classes;C:\Users\PC\git\repository\newproject\target\classes;C:\Users\PC\.m2\repository\io\github\bonigarcia\webdrivermanager\6.1.0\webdrivermanager-6.1.0.jar;C:\Users\PC\.m2\repository\com\google\code\gson\gson\2.13.0\gson-2.13.0.jar;C:\Users\PC\.m2\repository\com\google\errorprone\error_prone_annotations\2.37.0\error_prone_annotations-2.37.0.jar;C:\Users\PC\.m2\repository\com\github\docker-java\docker-java\3.5.0\docker-java-3.5.0.jar;C:\Users\PC\.m2\repository\com\github\docker-java\docker-java-core\3.5.0\docker-java-core-3.5.0.jar;C:\Users\PC\.m2\repository\com\github\docker-java\docker-java-api\3.5.0\docker-java-api-3.5.0.jar;C:\Users\PC\.m2\repository\com\fasterxml\jackson\core\jackson-annotations\2.18.3\jackson-annotations-2.18.3.jar;C:\Users\PC\.m2\repository\com\fasterxml\jackson\core\jackson-databind\2.18.3\jackson-databind-2.18.3.jar;C:\Users\PC\.m2\repository\com\fasterxml\jackson\core\jackson-core\2.18.3\jackson-core-2.18.3.jar;C:\Users\PC\.m2\repository\org\slf4j\jcl-over-slf4j\1.7.30\jcl-over-slf4j-1.7.30.jar;C:\Users\PC\.m2\repository\com\github\docker-java\docker-java-transport-httpclient5\3.5.0\docker-java-transport-httpclient5-3.5.0.jar;C:\Users\PC\.m2\repository\com\github\docker-java\docker-java-transport\3.5.0\docker-java-transport-3.5.0.jar;C:\Users\PC\.m2\repository\net\java\dev\jna\jna\5.17.0\jna-5.17.0.jar;C:\Users\PC\.m2\repository\org\brotli\dec\0.1.2\dec-0.1.2.jar;C:\Users\PC\.m2\repository\org\apache\commons\commons-lang3\3.17.0\commons-lang3-3.17.0.jar;C:\Users\PC\.m2\repository\org\apache\commons\commons-compress\1.27.1\commons-compress-1.27.1.jar;C:\Users\PC\.m2\repository\org\apache\httpcomponents\client5\httpclient5\5.4.3\httpclient5-5.4.3.jar;C:\Users\PC\.m2\repository\org\apache\httpcomponents\core5\httpcore5\5.3.4\httpcore5-5.3.4.jar;C:\Users\PC\.m2\repository\org\apache\httpcomponents\core5\httpcore5-h2\5.3.4\httpcore5-h2-5.3.4.jar;C:\Users\PC\.m2\repository\net\java\dev\jna\jna-platform\5.13.0\jna-platform-5.13.0.jar;C:\Users\PC\.m2\repository\org\seleniumhq\selenium\selenium-java\4.34.0\selenium-java-4.34.0.jar;C:\Users\PC\.m2\repository\org\seleniumhq\selenium\selenium-api\4.34.0\selenium-api-4.34.0.jar;C:\Users\PC\.m2\repository\org\jspecify\jspecify\1.0.0\jspecify-1.0.0.jar;C:\Users\PC\.m2\repository\org\seleniumhq\selenium\selenium-chrome-driver\4.34.0\selenium-chrome-driver-4.34.0.jar;C:\Users\PC\.m2\repository\com\google\auto\service\auto-service-annotations\1.1.1\auto-service-annotations-1.1.1.jar;C:\Users\PC\.m2\repository\org\seleniumhq\selenium\selenium-chromium-driver\4.34.0\selenium-chromium-driver-4.34.0.jar;C:\Users\PC\.m2\repository\org\seleniumhq\selenium\selenium-json\4.34.0\selenium-json-4.34.0.jar;C:\Users\PC\.m2\repository\org\seleniumhq\selenium\selenium-manager\4.34.0\selenium-manager-4.34.0.jar;C:\Users\PC\.m2\repository\org\seleniumhq\selenium\selenium-devtools-v136\4.34.0\selenium-devtools-v136-4.34.0.jar;C:\Users\PC\.m2\repository\org\seleniumhq\selenium\selenium-devtools-v137\4.34.0\selenium-devtools-v137-4.34.0.jar;C:\Users\PC\.m2\repository\org\seleniumhq\selenium\selenium-devtools-v138\4.34.0\selenium-devtools-v138-4.34.0.jar;C:\Users\PC\.m2\repository\org\seleniumhq\selenium\selenium-edge-driver\4.34.0\selenium-edge-driver-4.34.0.jar;C:\Users\PC\.m2\repository\org\seleniumhq\selenium\selenium-firefox-driver\4.34.0\selenium-firefox-driver-4.34.0.jar;C:\Users\PC\.m2\repository\org\seleniumhq\selenium\selenium-http\4.34.0\selenium-http-4.34.0.jar;C:\Users\PC\.m2\repository\org\seleniumhq\selenium\selenium-ie-driver\4.34.0\selenium-ie-driver-4.34.0.jar;C:\Users\PC\.m2\repository\org\seleniumhq\selenium\selenium-remote-driver\4.34.0\selenium-remote-driver-4.34.0.jar;C:\Users\PC\.m2\repository\com\google\guava\guava\33.4.8-jre\guava-33.4.8-jre.jar;C:\Users\PC\.m2\repository\com\google\guava\failureaccess\1.0.3\failureaccess-1.0.3.jar;C:\Users\PC\.m2\repository\com\google\guava\listenablefuture\9999.0-empty-to-avoid-conflict-with-guava\listenablefuture-9999.0-empty-to-avoid-conflict-with-guava.jar;C:\Users\PC\.m2\repository\com\google\j2objc\j2objc-annotations\3.0.0\j2objc-annotations-3.0.0.jar;C:\Users\PC\.m2\repository\io\opentelemetry\opentelemetry-api\1.51.0\opentelemetry-api-1.51.0.jar;C:\Users\PC\.m2\repository\io\opentelemetry\opentelemetry-context\1.51.0\opentelemetry-context-1.51.0.jar;C:\Users\PC\.m2\repository\io\opentelemetry\opentelemetry-exporter-logging\1.51.0\opentelemetry-exporter-logging-1.51.0.jar;C:\Users\PC\.m2\repository\io\opentelemetry\opentelemetry-sdk-common\1.51.0\opentelemetry-sdk-common-1.51.0.jar;C:\Users\PC\.m2\repository\io\opentelemetry\opentelemetry-sdk-extension-autoconfigure-spi\1.51.0\opentelemetry-sdk-extension-autoconfigure-spi-1.51.0.jar;C:\Users\PC\.m2\repository\io\opentelemetry\opentelemetry-sdk-extension-autoconfigure\1.51.0\opentelemetry-sdk-extension-autoconfigure-1.51.0.jar;C:\Users\PC\.m2\repository\io\opentelemetry\opentelemetry-sdk-trace\1.51.0\opentelemetry-sdk-trace-1.51.0.jar;C:\Users\PC\.m2\repository\io\opentelemetry\opentelemetry-sdk\1.51.0\opentelemetry-sdk-1.51.0.jar;C:\Users\PC\.m2\repository\io\opentelemetry\opentelemetry-sdk-metrics\1.51.0\opentelemetry-sdk-metrics-1.51.0.jar;C:\Users\PC\.m2\repository\io\opentelemetry\opentelemetry-sdk-logs\1.51.0\opentelemetry-sdk-logs-1.51.0.jar;C:\Users\PC\.m2\repository\net\bytebuddy\byte-buddy\1.17.6\byte-buddy-1.17.6.jar;C:\Users\PC\.m2\repository\org\seleniumhq\selenium\selenium-os\4.34.0\selenium-os-4.34.0.jar;C:\Users\PC\.m2\repository\org\apache\commons\commons-exec\1.5.0\commons-exec-1.5.0.jar;C:\Users\PC\.m2\repository\org\seleniumhq\selenium\selenium-safari-driver\4.34.0\selenium-safari-driver-4.34.0.jar;C:\Users\PC\.m2\repository\org\seleniumhq\selenium\selenium-support\4.34.0\selenium-support-4.34.0.jar;C:\Users\PC\.m2\repository\org\projectlombok\lombok\1.18.24\lombok-1.18.24.jar;C:\Users\PC\.m2\repository\org\testng\testng\7.10.2\testng-7.10.2.jar;C:\Users\PC\.m2\repository\com\beust\jcommander\1.82\jcommander-1.82.jar;C:\Users\PC\.m2\repository\org\webjars\jquery\3.7.1\jquery-3.7.1.jar;C:\Users\PC\.m2\repository\junit\junit\4.13.2\junit-4.13.2.jar;C:\Users\PC\.m2\repository\org\hamcrest\hamcrest-core\1.3\hamcrest-core-1.3.jar;C:\Users\PC\.m2\repository\org\apache\poi\poi\5.2.5\poi-5.2.5.jar;C:\Users\PC\.m2\repository\commons-codec\commons-codec\1.16.0\commons-codec-1.16.0.jar;C:\Users\PC\.m2\repository\org\apache\commons\commons-collections4\4.4\commons-collections4-4.4.jar;C:\Users\PC\.m2\repository\org\apache\commons\commons-math3\3.6.1\commons-math3-3.6.1.jar;C:\Users\PC\.m2\repository\commons-io\commons-io\2.15.0\commons-io-2.15.0.jar;C:\Users\PC\.m2\repository\com\zaxxer\SparseBitSet\1.3\SparseBitSet-1.3.jar;C:\Users\PC\.m2\repository\org\apache\logging\log4j\log4j-api\2.21.1\log4j-api-2.21.1.jar;C:\Users\PC\.m2\repository\org\apache\poi\poi-ooxml\5.2.5\poi-ooxml-5.2.5.jar;C:\Users\PC\.m2\repository\org\apache\poi\poi-ooxml-lite\5.2.5\poi-ooxml-lite-5.2.5.jar;C:\Users\PC\.m2\repository\org\apache\xmlbeans\xmlbeans\5.2.0\xmlbeans-5.2.0.jar;C:\Users\PC\.m2\repository\com\github\virtuald\curvesapi\1.08\curvesapi-1.08.jar;C:\Users\PC\.m2\repository\log4j\log4j\1.2.17\log4j-1.2.17.jar;C:\Users\PC\.m2\repository\org\slf4j\slf4j-api\2.0.17\slf4j-api-2.0.17.jar;C:\Users\PC\.m2\repository\com\aventstack\extentreports\5.0.9\extentreports-5.0.9.jar;C:\Users\PC\.m2\repository\io\reactivex\rxjava3\rxjava\3.0.4\rxjava-3.0.4.jar;C:\Users\PC\.m2\repository\org\reactivestreams\reactive-streams\1.0.3\reactive-streams-1.0.3.jar;C:\Users\PC\.m2\repository\org\freemarker\freemarker\2.3.30\freemarker-2.3.30.jar;C:\Users\PC\.m2\repository\org\apache\poi\poi-ooxml-full\5.2.5\poi-ooxml-full-5.2.5.jar
Launcher Type: SUN_STANDARD

[Global flags]
     intx CICompilerCount                          = 4                                         {product} {ergonomic}
     uint ConcGCThreads                            = 2                                         {product} {ergonomic}
     uint G1ConcRefinementThreads                  = 8                                         {product} {ergonomic}
   size_t G1HeapRegionSize                         = 1048576                                   {product} {ergonomic}
    uintx GCDrainStackTargetSize                   = 64                                        {product} {ergonomic}
   size_t InitialHeapSize                          = 134217728                                 {product} {ergonomic}
   size_t MarkStackSize                            = 4194304                                   {product} {ergonomic}
   size_t MaxHeapSize                              = 2122317824                                {product} {ergonomic}
   size_t MaxNewSize                               = 1272971264                                {product} {ergonomic}
   size_t MinHeapDeltaBytes                        = 1048576                                   {product} {ergonomic}
   size_t MinHeapSize                              = 8388608                                   {product} {ergonomic}
    uintx NonNMethodCodeHeapSize                   = 5839372                                {pd product} {ergonomic}
    uintx NonProfiledCodeHeapSize                  = 122909434                              {pd product} {ergonomic}
    uintx ProfiledCodeHeapSize                     = 122909434                              {pd product} {ergonomic}
    uintx ReservedCodeCacheSize                    = 251658240                              {pd product} {ergonomic}
     bool SegmentedCodeCache                       = true                                      {product} {ergonomic}
     bool ShowCodeDetailsInExceptionMessages       = true                                   {manageable} {command line}
   size_t SoftMaxHeapSize                          = 2122317824                             {manageable} {ergonomic}
     bool UseCompressedOops                        = true                           {product lp64_product} {ergonomic}
     bool UseG1GC                                  = true                                      {product} {ergonomic}
     bool UseLargePagesIndividualAllocation        = false                                  {pd product} {ergonomic}

Logging:
Log output configuration:
 #0: stdout all=warning uptime,level,tags foldmultilines=false
 #1: stderr all=off uptime,level,tags foldmultilines=false

Environment Variables:
JAVA_HOME=C:\Program Files\Java\jdk-21\bin
PATH=C:/Users/PC/.p2/pool/plugins/org.eclipse.justj.openjdk.hotspot.jre.full.win32.x86_64_21.0.8.v20250724-1412/jre/bin/server;C:/Users/PC/.p2/pool/plugins/org.eclipse.justj.openjdk.hotspot.jre.full.win32.x86_64_21.0.8.v20250724-1412/jre/bin;C:\Program Files (x86)\Common Files\Oracle\Java\javapath;C:\WINDOWS\system32;C:\WINDOWS;C:\WINDOWS\System32\Wbem;C:\WINDOWS\System32\WindowsPowerShell\v1.0\;C:\WINDOWS\System32\OpenSSH\;C:\Program Files\dotnet\;C:\Program Files (x86)\Intel\Intel(R) Management Engine Components\DAL;C:\Program Files\Intel\Intel(R) Management Engine Components\DAL;C:\Program Files\Intel\WiFi\bin\;C:\Program Files\Common Files\Intel\WirelessCommon\;C:\Program Files\Microsoft SQL Server\150\Tools\Binn\;C:\Program Files\Java\jdk-21\bin;C:\Program Files\Git\cmd;C:\Users\PC\Downloads\apache-maven-3.9.11-bin\apache-maven-3.9.11\bin;C:\Program Files\Nodejs;C:\Program Files (x86)\VMware\VMware Player\bin\;C:\Windows\system32;C:\Windows;C:\Windows\System32\Wbem;C:\Windows\System32\WindowsPowerShell\v1.0\;C:\Windows\System32\OpenSSH\;C:\Program Files\dotnet\;C:\Program Files (x86)\Intel\Intel(R) Management Engine Components\DAL;C:\Program Files\Intel\Intel(R) Management Engine Components\DAL;C:\Program Files\nodejs\;C:\Users\PC\AppData\Local\Programs\Python\Python311\Scripts\;C:\Users\PC\AppData\Local\Programs\Python\Python311\;C:\Users\PC\AppData\Local\Microsoft\WindowsApps;C:\Users\PC\AppData\Local\Programs\Microsoft VS Code\bin;C:\Program Files\nodejs;C:\MinGW\bin;C:\Users\PC\.dotnet\tools;C:\Users\PC\AppData\Local\Microsoft\WindowsApps;;C:\WINDOWS\system32;
USERNAME=PC
OS=Windows_NT
PROCESSOR_IDENTIFIER=Intel64 Family 6 Model 142 Stepping 10, GenuineIntel
TMP=C:\Users\PC\AppData\Local\Temp
TEMP=C:\Users\PC\AppData\Local\Temp




Periodic native trim disabled

---------------  S Y S T E M  ---------------

OS:
 Windows 10 , 64 bit Build 19041 (10.0.19041.5915)
OS uptime: 0 days 0:24 hours
Hyper-V role detected

CPU: total 8 (initial active 8) (4 cores per cpu, 2 threads per core) family 6 model 142 stepping 10 microcode 0xf0, cx8, cmov, fxsr, ht, mmx, 3dnowpref, sse, sse2, sse3, ssse3, sse4.1, sse4.2, popcnt, lzcnt, tsc, tscinvbit, avx, avx2, aes, erms, clmul, bmi1, bmi2, adx, fma, vzeroupper, clflush, clflushopt, hv, rdtscp, f16c
Processor Information for the first 8 processors :
  Max Mhz: 1992, Current Mhz: 1792, Mhz Limit: 1792

Memory: 4k page, system-wide physical 8089M (427M free)
TotalPageFile size 10137M (AvailPageFile size 0M)
current process WorkingSet (physical memory assigned to process): 115M, peak: 173M
current process commit charge ("private bytes"): 194M, peak: 291M

vm_info: OpenJDK 64-Bit Server VM (21.0.8+9-LTS) for windows-amd64 JRE (21.0.8+9-LTS), built on 2025-07-15T00:00:00Z by "admin" with MS VC++ 17.7 (VS2022)

END.
